23-Apr-2024 17:10:37.606 INFO [main] org.apache.catalina.startup.VersionLoggerListener.log Server version name:   Apache Tomcat/9.0.87
23-Apr-2024 17:10:37.616 INFO [main] org.apache.catalina.startup.VersionLoggerListener.log Server built:          Mar 11 2024 10:12:34 UTC
23-Apr-2024 17:10:37.618 INFO [main] org.apache.catalina.startup.VersionLoggerListener.log Server version number: 9.0.87.0
23-Apr-2024 17:10:37.618 INFO [main] org.apache.catalina.startup.VersionLoggerListener.log OS Name:               Windows 10
23-Apr-2024 17:10:37.618 INFO [main] org.apache.catalina.startup.VersionLoggerListener.log OS Version:            10.0
23-Apr-2024 17:10:37.618 INFO [main] org.apache.catalina.startup.VersionLoggerListener.log Architecture:          amd64
23-Apr-2024 17:10:37.618 INFO [main] org.apache.catalina.startup.VersionLoggerListener.log Java Home:             C:\Program Files\Java\jdk-21
23-Apr-2024 17:10:37.618 INFO [main] org.apache.catalina.startup.VersionLoggerListener.log JVM Version:           21+35-LTS-2513
23-Apr-2024 17:10:37.618 INFO [main] org.apache.catalina.startup.VersionLoggerListener.log JVM Vendor:            Oracle Corporation
23-Apr-2024 17:10:37.618 INFO [main] org.apache.catalina.startup.VersionLoggerListener.log CATALINA_BASE:         C:\Users\jimmy\Desktop\apache-tomcat-9.0.87
23-Apr-2024 17:10:37.618 INFO [main] org.apache.catalina.startup.VersionLoggerListener.log CATALINA_HOME:         C:\Users\jimmy\Desktop\apache-tomcat-9.0.87
23-Apr-2024 17:10:37.651 INFO [main] org.apache.catalina.startup.VersionLoggerListener.log Command line argument: --add-opens=java.base/java.lang=ALL-UNNAMED
23-Apr-2024 17:10:37.652 INFO [main] org.apache.catalina.startup.VersionLoggerListener.log Command line argument: --add-opens=java.base/java.io=ALL-UNNAMED
23-Apr-2024 17:10:37.652 INFO [main] org.apache.catalina.startup.VersionLoggerListener.log Command line argument: --add-opens=java.base/java.util=ALL-UNNAMED
23-Apr-2024 17:10:37.652 INFO [main] org.apache.catalina.startup.VersionLoggerListener.log Command line argument: --add-opens=java.base/java.util.concurrent=ALL-UNNAMED
23-Apr-2024 17:10:37.652 INFO [main] org.apache.catalina.startup.VersionLoggerListener.log Command line argument: --add-opens=java.rmi/sun.rmi.transport=ALL-UNNAMED
23-Apr-2024 17:10:37.654 INFO [main] org.apache.catalina.startup.VersionLoggerListener.log Command line argument: -Djava.util.logging.config.file=C:\Users\jimmy\Desktop\apache-tomcat-9.0.87\conf\logging.properties
23-Apr-2024 17:10:37.655 INFO [main] org.apache.catalina.startup.VersionLoggerListener.log Command line argument: -Djava.util.logging.manager=org.apache.juli.ClassLoaderLogManager
23-Apr-2024 17:10:37.656 INFO [main] org.apache.catalina.startup.VersionLoggerListener.log Command line argument: -Djdk.tls.ephemeralDHKeySize=2048
23-Apr-2024 17:10:37.656 INFO [main] org.apache.catalina.startup.VersionLoggerListener.log Command line argument: -Djava.protocol.handler.pkgs=org.apache.catalina.webresources
23-Apr-2024 17:10:37.656 INFO [main] org.apache.catalina.startup.VersionLoggerListener.log Command line argument: -Dignore.endorsed.dirs=
23-Apr-2024 17:10:37.656 INFO [main] org.apache.catalina.startup.VersionLoggerListener.log Command line argument: -Dcatalina.base=C:\Users\jimmy\Desktop\apache-tomcat-9.0.87
23-Apr-2024 17:10:37.657 INFO [main] org.apache.catalina.startup.VersionLoggerListener.log Command line argument: -Dcatalina.home=C:\Users\jimmy\Desktop\apache-tomcat-9.0.87
23-Apr-2024 17:10:37.657 INFO [main] org.apache.catalina.startup.VersionLoggerListener.log Command line argument: -Djava.io.tmpdir=C:\Users\jimmy\Desktop\apache-tomcat-9.0.87\temp
23-Apr-2024 17:10:37.672 INFO [main] org.apache.catalina.core.AprLifecycleListener.lifecycleEvent Loaded Apache Tomcat Native library [1.3.0] using APR version [1.7.4].
23-Apr-2024 17:10:37.673 INFO [main] org.apache.catalina.core.AprLifecycleListener.lifecycleEvent APR capabilities: IPv6 [true], sendfile [true], accept filters [false], random [true], UDS [true].
23-Apr-2024 17:10:37.673 INFO [main] org.apache.catalina.core.AprLifecycleListener.lifecycleEvent APR/OpenSSL configuration: useAprConnector [false], useOpenSSL [true]
23-Apr-2024 17:10:37.727 INFO [main] org.apache.catalina.core.AprLifecycleListener.initializeSSL OpenSSL successfully initialized [OpenSSL 3.0.13 30 Jan 2024]
23-Apr-2024 17:10:39.247 INFO [main] org.apache.coyote.AbstractProtocol.init Initializing ProtocolHandler ["http-nio-8082"]
23-Apr-2024 17:10:39.297 INFO [main] org.apache.catalina.startup.Catalina.load Server initialization in [1983] milliseconds
23-Apr-2024 17:10:39.428 INFO [main] org.apache.catalina.core.StandardService.startInternal Starting service [Catalina]
23-Apr-2024 17:10:39.429 INFO [main] org.apache.catalina.core.StandardEngine.startInternal Starting Servlet engine: [Apache Tomcat/9.0.87]
23-Apr-2024 17:10:39.462 INFO [main] org.apache.catalina.startup.HostConfig.deployWAR Deploying web application archive [C:\Users\jimmy\Desktop\apache-tomcat-9.0.87\webapps\coches.war]
23-Apr-2024 17:10:40.524 INFO [main] org.apache.jasper.servlet.TldScanner.scanJars At least one JAR was scanned for TLDs yet contained no TLDs. Enable debug logging for this logger for a complete list of JARs that were scanned but no TLDs were found in them. Skipping unneeded JARs during scanning can improve startup time and JSP compilation time.
23-Apr-2024 17:10:40.581 INFO [main] org.apache.catalina.startup.HostConfig.deployWAR Deployment of web application archive [C:\Users\jimmy\Desktop\apache-tomcat-9.0.87\webapps\coches.war] has finished in [1,118] ms
23-Apr-2024 17:10:40.582 INFO [main] org.apache.catalina.startup.HostConfig.deployDirectory Deploying web application directory [C:\Users\jimmy\Desktop\apache-tomcat-9.0.87\webapps\docs]
23-Apr-2024 17:10:40.615 INFO [main] org.apache.catalina.startup.HostConfig.deployDirectory Deployment of web application directory [C:\Users\jimmy\Desktop\apache-tomcat-9.0.87\webapps\docs] has finished in [33] ms
23-Apr-2024 17:10:40.616 INFO [main] org.apache.catalina.startup.HostConfig.deployDirectory Deploying web application directory [C:\Users\jimmy\Desktop\apache-tomcat-9.0.87\webapps\examples]
23-Apr-2024 17:10:41.098 INFO [main] org.apache.catalina.startup.HostConfig.deployDirectory Deployment of web application directory [C:\Users\jimmy\Desktop\apache-tomcat-9.0.87\webapps\examples] has finished in [482] ms
23-Apr-2024 17:10:41.099 INFO [main] org.apache.catalina.startup.HostConfig.deployDirectory Deploying web application directory [C:\Users\jimmy\Desktop\apache-tomcat-9.0.87\webapps\host-manager]
23-Apr-2024 17:10:41.140 INFO [main] org.apache.catalina.startup.HostConfig.deployDirectory Deployment of web application directory [C:\Users\jimmy\Desktop\apache-tomcat-9.0.87\webapps\host-manager] has finished in [41] ms
23-Apr-2024 17:10:41.140 INFO [main] org.apache.catalina.startup.HostConfig.deployDirectory Deploying web application directory [C:\Users\jimmy\Desktop\apache-tomcat-9.0.87\webapps\manager]
23-Apr-2024 17:10:41.180 INFO [main] org.apache.catalina.startup.HostConfig.deployDirectory Deployment of web application directory [C:\Users\jimmy\Desktop\apache-tomcat-9.0.87\webapps\manager] has finished in [40] ms
23-Apr-2024 17:10:41.181 INFO [main] org.apache.catalina.startup.HostConfig.deployDirectory Deploying web application directory [C:\Users\jimmy\Desktop\apache-tomcat-9.0.87\webapps\ROOT]
23-Apr-2024 17:10:41.211 INFO [main] org.apache.catalina.startup.HostConfig.deployDirectory Deployment of web application directory [C:\Users\jimmy\Desktop\apache-tomcat-9.0.87\webapps\ROOT] has finished in [31] ms
23-Apr-2024 17:10:41.214 INFO [main] org.apache.coyote.AbstractProtocol.start Starting ProtocolHandler ["http-nio-8082"]
23-Apr-2024 17:10:41.246 INFO [main] org.apache.catalina.startup.Catalina.start Server startup in [1947] milliseconds
