30-Apr-2024 10:34:06.640 INFO [main] org.apache.catalina.startup.VersionLoggerListener.log Server version name:   Apache Tomcat/9.0.87
30-Apr-2024 10:34:06.652 INFO [main] org.apache.catalina.startup.VersionLoggerListener.log Server built:          Mar 11 2024 10:12:34 UTC
30-Apr-2024 10:34:06.653 INFO [main] org.apache.catalina.startup.VersionLoggerListener.log Server version number: 9.0.87.0
30-Apr-2024 10:34:06.653 INFO [main] org.apache.catalina.startup.VersionLoggerListener.log OS Name:               Windows 10
30-Apr-2024 10:34:06.654 INFO [main] org.apache.catalina.startup.VersionLoggerListener.log OS Version:            10.0
30-Apr-2024 10:34:06.654 INFO [main] org.apache.catalina.startup.VersionLoggerListener.log Architecture:          amd64
30-Apr-2024 10:34:06.654 INFO [main] org.apache.catalina.startup.VersionLoggerListener.log Java Home:             C:\Program Files\Java\jdk-21
30-Apr-2024 10:34:06.654 INFO [main] org.apache.catalina.startup.VersionLoggerListener.log JVM Version:           21+35-LTS-2513
30-Apr-2024 10:34:06.654 INFO [main] org.apache.catalina.startup.VersionLoggerListener.log JVM Vendor:            Oracle Corporation
30-Apr-2024 10:34:06.654 INFO [main] org.apache.catalina.startup.VersionLoggerListener.log CATALINA_BASE:         C:\Users\jimmy\Desktop\apache-tomcat-9.0.87
30-Apr-2024 10:34:06.655 INFO [main] org.apache.catalina.startup.VersionLoggerListener.log CATALINA_HOME:         C:\Users\jimmy\Desktop\apache-tomcat-9.0.87
30-Apr-2024 10:34:06.694 INFO [main] org.apache.catalina.startup.VersionLoggerListener.log Command line argument: --add-opens=java.base/java.lang=ALL-UNNAMED
30-Apr-2024 10:34:06.694 INFO [main] org.apache.catalina.startup.VersionLoggerListener.log Command line argument: --add-opens=java.base/java.io=ALL-UNNAMED
30-Apr-2024 10:34:06.694 INFO [main] org.apache.catalina.startup.VersionLoggerListener.log Command line argument: --add-opens=java.base/java.util=ALL-UNNAMED
30-Apr-2024 10:34:06.695 INFO [main] org.apache.catalina.startup.VersionLoggerListener.log Command line argument: --add-opens=java.base/java.util.concurrent=ALL-UNNAMED
30-Apr-2024 10:34:06.695 INFO [main] org.apache.catalina.startup.VersionLoggerListener.log Command line argument: --add-opens=java.rmi/sun.rmi.transport=ALL-UNNAMED
30-Apr-2024 10:34:06.696 INFO [main] org.apache.catalina.startup.VersionLoggerListener.log Command line argument: -Djava.util.logging.config.file=C:\Users\jimmy\Desktop\apache-tomcat-9.0.87\conf\logging.properties
30-Apr-2024 10:34:06.696 INFO [main] org.apache.catalina.startup.VersionLoggerListener.log Command line argument: -Djava.util.logging.manager=org.apache.juli.ClassLoaderLogManager
30-Apr-2024 10:34:06.696 INFO [main] org.apache.catalina.startup.VersionLoggerListener.log Command line argument: -Djdk.tls.ephemeralDHKeySize=2048
30-Apr-2024 10:34:06.697 INFO [main] org.apache.catalina.startup.VersionLoggerListener.log Command line argument: -Djava.protocol.handler.pkgs=org.apache.catalina.webresources
30-Apr-2024 10:34:06.697 INFO [main] org.apache.catalina.startup.VersionLoggerListener.log Command line argument: -Dignore.endorsed.dirs=
30-Apr-2024 10:34:06.698 INFO [main] org.apache.catalina.startup.VersionLoggerListener.log Command line argument: -Dcatalina.base=C:\Users\jimmy\Desktop\apache-tomcat-9.0.87
30-Apr-2024 10:34:06.698 INFO [main] org.apache.catalina.startup.VersionLoggerListener.log Command line argument: -Dcatalina.home=C:\Users\jimmy\Desktop\apache-tomcat-9.0.87
30-Apr-2024 10:34:06.698 INFO [main] org.apache.catalina.startup.VersionLoggerListener.log Command line argument: -Djava.io.tmpdir=C:\Users\jimmy\Desktop\apache-tomcat-9.0.87\temp
30-Apr-2024 10:34:06.715 INFO [main] org.apache.catalina.core.AprLifecycleListener.lifecycleEvent Loaded Apache Tomcat Native library [1.3.0] using APR version [1.7.4].
30-Apr-2024 10:34:06.715 INFO [main] org.apache.catalina.core.AprLifecycleListener.lifecycleEvent APR capabilities: IPv6 [true], sendfile [true], accept filters [false], random [true], UDS [true].
30-Apr-2024 10:34:06.716 INFO [main] org.apache.catalina.core.AprLifecycleListener.lifecycleEvent APR/OpenSSL configuration: useAprConnector [false], useOpenSSL [true]
30-Apr-2024 10:34:06.766 INFO [main] org.apache.catalina.core.AprLifecycleListener.initializeSSL OpenSSL successfully initialized [OpenSSL 3.0.13 30 Jan 2024]
30-Apr-2024 10:34:07.276 INFO [main] org.apache.coyote.AbstractProtocol.init Initializing ProtocolHandler ["http-nio-8082"]
30-Apr-2024 10:34:07.309 INFO [main] org.apache.catalina.startup.Catalina.load Server initialization in [1008] milliseconds
30-Apr-2024 10:34:07.391 INFO [main] org.apache.catalina.core.StandardService.startInternal Starting service [Catalina]
30-Apr-2024 10:34:07.391 INFO [main] org.apache.catalina.core.StandardEngine.startInternal Starting Servlet engine: [Apache Tomcat/9.0.87]
30-Apr-2024 10:34:07.423 INFO [main] org.apache.catalina.startup.HostConfig.deployWAR Deploying web application archive [C:\Users\jimmy\Desktop\apache-tomcat-9.0.87\webapps\coches.war]
30-Apr-2024 10:34:08.665 INFO [main] org.apache.jasper.servlet.TldScanner.scanJars At least one JAR was scanned for TLDs yet contained no TLDs. Enable debug logging for this logger for a complete list of JARs that were scanned but no TLDs were found in them. Skipping unneeded JARs during scanning can improve startup time and JSP compilation time.
30-Apr-2024 10:34:08.726 INFO [main] org.apache.catalina.startup.HostConfig.deployWAR Deployment of web application archive [C:\Users\jimmy\Desktop\apache-tomcat-9.0.87\webapps\coches.war] has finished in [1,302] ms
30-Apr-2024 10:34:08.728 INFO [main] org.apache.catalina.startup.HostConfig.deployDirectory Deploying web application directory [C:\Users\jimmy\Desktop\apache-tomcat-9.0.87\webapps\docs]
30-Apr-2024 10:34:08.764 INFO [main] org.apache.catalina.startup.HostConfig.deployDirectory Deployment of web application directory [C:\Users\jimmy\Desktop\apache-tomcat-9.0.87\webapps\docs] has finished in [36] ms
30-Apr-2024 10:34:08.765 INFO [main] org.apache.catalina.startup.HostConfig.deployDirectory Deploying web application directory [C:\Users\jimmy\Desktop\apache-tomcat-9.0.87\webapps\examples]
30-Apr-2024 10:34:09.269 INFO [main] org.apache.catalina.startup.HostConfig.deployDirectory Deployment of web application directory [C:\Users\jimmy\Desktop\apache-tomcat-9.0.87\webapps\examples] has finished in [504] ms
30-Apr-2024 10:34:09.269 INFO [main] org.apache.catalina.startup.HostConfig.deployDirectory Deploying web application directory [C:\Users\jimmy\Desktop\apache-tomcat-9.0.87\webapps\host-manager]
30-Apr-2024 10:34:09.311 INFO [main] org.apache.catalina.startup.HostConfig.deployDirectory Deployment of web application directory [C:\Users\jimmy\Desktop\apache-tomcat-9.0.87\webapps\host-manager] has finished in [42] ms
30-Apr-2024 10:34:09.311 INFO [main] org.apache.catalina.startup.HostConfig.deployDirectory Deploying web application directory [C:\Users\jimmy\Desktop\apache-tomcat-9.0.87\webapps\manager]
30-Apr-2024 10:34:09.352 INFO [main] org.apache.catalina.startup.HostConfig.deployDirectory Deployment of web application directory [C:\Users\jimmy\Desktop\apache-tomcat-9.0.87\webapps\manager] has finished in [41] ms
30-Apr-2024 10:34:09.352 INFO [main] org.apache.catalina.startup.HostConfig.deployDirectory Deploying web application directory [C:\Users\jimmy\Desktop\apache-tomcat-9.0.87\webapps\ROOT]
30-Apr-2024 10:34:09.377 INFO [main] org.apache.catalina.startup.HostConfig.deployDirectory Deployment of web application directory [C:\Users\jimmy\Desktop\apache-tomcat-9.0.87\webapps\ROOT] has finished in [25] ms
30-Apr-2024 10:34:09.381 INFO [main] org.apache.coyote.AbstractProtocol.start Starting ProtocolHandler ["http-nio-8082"]
30-Apr-2024 10:34:09.414 INFO [main] org.apache.catalina.startup.Catalina.start Server startup in [2103] milliseconds
30-Apr-2024 10:35:00.436 INFO [http-nio-8082-exec-3] org.apache.catalina.startup.HostConfig.undeploy Undeploying context [/coches]
30-Apr-2024 10:35:00.477 INFO [http-nio-8082-exec-3] org.apache.catalina.startup.HostConfig.deployWAR Deploying web application archive [C:\Users\jimmy\Desktop\apache-tomcat-9.0.87\webapps\coches.war]
30-Apr-2024 10:35:01.155 INFO [http-nio-8082-exec-3] org.apache.jasper.servlet.TldScanner.scanJars At least one JAR was scanned for TLDs yet contained no TLDs. Enable debug logging for this logger for a complete list of JARs that were scanned but no TLDs were found in them. Skipping unneeded JARs during scanning can improve startup time and JSP compilation time.
30-Apr-2024 10:35:01.162 INFO [http-nio-8082-exec-3] org.apache.catalina.startup.HostConfig.deployWAR Deployment of web application archive [C:\Users\jimmy\Desktop\apache-tomcat-9.0.87\webapps\coches.war] has finished in [685] ms
30-Apr-2024 10:40:44.064 INFO [http-nio-8082-exec-11] org.apache.catalina.startup.HostConfig.undeploy Undeploying context [/coches]
30-Apr-2024 10:40:44.087 INFO [http-nio-8082-exec-11] org.apache.catalina.startup.HostConfig.deployWAR Deploying web application archive [C:\Users\jimmy\Desktop\apache-tomcat-9.0.87\webapps\coches.war]
30-Apr-2024 10:40:44.633 INFO [http-nio-8082-exec-11] org.apache.jasper.servlet.TldScanner.scanJars At least one JAR was scanned for TLDs yet contained no TLDs. Enable debug logging for this logger for a complete list of JARs that were scanned but no TLDs were found in them. Skipping unneeded JARs during scanning can improve startup time and JSP compilation time.
30-Apr-2024 10:40:44.636 INFO [http-nio-8082-exec-11] org.apache.catalina.startup.HostConfig.deployWAR Deployment of web application archive [C:\Users\jimmy\Desktop\apache-tomcat-9.0.87\webapps\coches.war] has finished in [549] ms
30-Apr-2024 10:41:35.024 INFO [http-nio-8082-exec-18] org.apache.catalina.startup.HostConfig.undeploy Undeploying context [/coches]
30-Apr-2024 10:41:35.052 INFO [http-nio-8082-exec-18] org.apache.catalina.startup.HostConfig.deployWAR Deploying web application archive [C:\Users\jimmy\Desktop\apache-tomcat-9.0.87\webapps\coches.war]
30-Apr-2024 10:41:35.602 INFO [http-nio-8082-exec-18] org.apache.jasper.servlet.TldScanner.scanJars At least one JAR was scanned for TLDs yet contained no TLDs. Enable debug logging for this logger for a complete list of JARs that were scanned but no TLDs were found in them. Skipping unneeded JARs during scanning can improve startup time and JSP compilation time.
30-Apr-2024 10:41:35.605 INFO [http-nio-8082-exec-18] org.apache.catalina.startup.HostConfig.deployWAR Deployment of web application archive [C:\Users\jimmy\Desktop\apache-tomcat-9.0.87\webapps\coches.war] has finished in [554] ms
30-Apr-2024 10:53:06.422 INFO [http-nio-8082-exec-23] org.apache.catalina.startup.HostConfig.undeploy Undeploying context [/coches]
30-Apr-2024 10:53:06.448 INFO [http-nio-8082-exec-23] org.apache.catalina.startup.HostConfig.deployWAR Deploying web application archive [C:\Users\jimmy\Desktop\apache-tomcat-9.0.87\webapps\coches.war]
30-Apr-2024 10:53:06.995 INFO [http-nio-8082-exec-23] org.apache.jasper.servlet.TldScanner.scanJars At least one JAR was scanned for TLDs yet contained no TLDs. Enable debug logging for this logger for a complete list of JARs that were scanned but no TLDs were found in them. Skipping unneeded JARs during scanning can improve startup time and JSP compilation time.
30-Apr-2024 10:53:06.997 INFO [http-nio-8082-exec-23] org.apache.catalina.startup.HostConfig.deployWAR Deployment of web application archive [C:\Users\jimmy\Desktop\apache-tomcat-9.0.87\webapps\coches.war] has finished in [549] ms
30-Apr-2024 10:53:40.840 INFO [http-nio-8082-exec-25] org.apache.catalina.startup.HostConfig.undeploy Undeploying context [/coches]
30-Apr-2024 10:53:40.868 INFO [http-nio-8082-exec-25] org.apache.catalina.startup.HostConfig.deployWAR Deploying web application archive [C:\Users\jimmy\Desktop\apache-tomcat-9.0.87\webapps\coches.war]
30-Apr-2024 10:53:41.478 INFO [http-nio-8082-exec-25] org.apache.jasper.servlet.TldScanner.scanJars At least one JAR was scanned for TLDs yet contained no TLDs. Enable debug logging for this logger for a complete list of JARs that were scanned but no TLDs were found in them. Skipping unneeded JARs during scanning can improve startup time and JSP compilation time.
30-Apr-2024 10:53:41.481 INFO [http-nio-8082-exec-25] org.apache.catalina.startup.HostConfig.deployWAR Deployment of web application archive [C:\Users\jimmy\Desktop\apache-tomcat-9.0.87\webapps\coches.war] has finished in [614] ms
30-Apr-2024 11:00:30.238 INFO [http-nio-8082-exec-35] org.apache.catalina.startup.HostConfig.undeploy Undeploying context [/coches]
30-Apr-2024 11:00:30.376 WARNING [http-nio-8082-exec-35] org.apache.catalina.loader.WebappClassLoaderBase.clearReferencesJdbc The web application [coches] registered the JDBC driver [oracle.jdbc.OracleDriver] but failed to unregister it when the web application was stopped. To prevent a memory leak, the JDBC Driver has been forcibly unregistered.
30-Apr-2024 11:00:30.377 WARNING [http-nio-8082-exec-35] org.apache.catalina.loader.WebappClassLoaderBase.clearReferencesThreads The web application [coches] appears to have started a thread named [oracle.jdbc.diagnostics.Diagnostic.CLOCK] but has failed to stop it. This is very likely to create a memory leak. Stack trace of thread:
 java.base/java.lang.Object.wait0(Native Method)
 java.base/java.lang.Object.wait(Object.java:366)
 java.base/java.util.TimerThread.mainLoop(Timer.java:563)
 java.base/java.util.TimerThread.run(Timer.java:516)
30-Apr-2024 11:00:30.398 INFO [http-nio-8082-exec-35] org.apache.catalina.startup.HostConfig.deployWAR Deploying web application archive [C:\Users\jimmy\Desktop\apache-tomcat-9.0.87\webapps\coches.war]
30-Apr-2024 11:00:30.987 INFO [http-nio-8082-exec-35] org.apache.jasper.servlet.TldScanner.scanJars At least one JAR was scanned for TLDs yet contained no TLDs. Enable debug logging for this logger for a complete list of JARs that were scanned but no TLDs were found in them. Skipping unneeded JARs during scanning can improve startup time and JSP compilation time.
30-Apr-2024 11:00:30.992 INFO [http-nio-8082-exec-35] org.apache.catalina.startup.HostConfig.deployWAR Deployment of web application archive [C:\Users\jimmy\Desktop\apache-tomcat-9.0.87\webapps\coches.war] has finished in [595] ms
30-Apr-2024 11:03:52.767 INFO [http-nio-8082-exec-45] org.apache.catalina.startup.HostConfig.undeploy Undeploying context [/coches]
30-Apr-2024 11:03:52.789 INFO [http-nio-8082-exec-45] org.apache.catalina.startup.HostConfig.deployWAR Deploying web application archive [C:\Users\jimmy\Desktop\apache-tomcat-9.0.87\webapps\coches.war]
30-Apr-2024 11:03:53.347 INFO [http-nio-8082-exec-45] org.apache.jasper.servlet.TldScanner.scanJars At least one JAR was scanned for TLDs yet contained no TLDs. Enable debug logging for this logger for a complete list of JARs that were scanned but no TLDs were found in them. Skipping unneeded JARs during scanning can improve startup time and JSP compilation time.
30-Apr-2024 11:03:53.350 INFO [http-nio-8082-exec-45] org.apache.catalina.startup.HostConfig.deployWAR Deployment of web application archive [C:\Users\jimmy\Desktop\apache-tomcat-9.0.87\webapps\coches.war] has finished in [561] ms
30-Apr-2024 11:13:34.708 INFO [http-nio-8082-exec-53] org.apache.catalina.startup.HostConfig.undeploy Undeploying context [/coches]
30-Apr-2024 11:13:34.835 WARNING [http-nio-8082-exec-53] org.apache.catalina.loader.WebappClassLoaderBase.clearReferencesJdbc The web application [coches] registered the JDBC driver [oracle.jdbc.OracleDriver] but failed to unregister it when the web application was stopped. To prevent a memory leak, the JDBC Driver has been forcibly unregistered.
30-Apr-2024 11:13:34.835 WARNING [http-nio-8082-exec-53] org.apache.catalina.loader.WebappClassLoaderBase.clearReferencesThreads The web application [coches] appears to have started a thread named [oracle.jdbc.diagnostics.Diagnostic.CLOCK] but has failed to stop it. This is very likely to create a memory leak. Stack trace of thread:
 java.base/java.lang.Object.wait0(Native Method)
 java.base/java.lang.Object.wait(Object.java:366)
 java.base/java.util.TimerThread.mainLoop(Timer.java:563)
 java.base/java.util.TimerThread.run(Timer.java:516)
30-Apr-2024 11:13:34.856 INFO [http-nio-8082-exec-53] org.apache.catalina.startup.HostConfig.deployWAR Deploying web application archive [C:\Users\jimmy\Desktop\apache-tomcat-9.0.87\webapps\coches.war]
30-Apr-2024 11:13:35.488 INFO [http-nio-8082-exec-53] org.apache.jasper.servlet.TldScanner.scanJars At least one JAR was scanned for TLDs yet contained no TLDs. Enable debug logging for this logger for a complete list of JARs that were scanned but no TLDs were found in them. Skipping unneeded JARs during scanning can improve startup time and JSP compilation time.
30-Apr-2024 11:13:35.493 INFO [http-nio-8082-exec-53] org.apache.catalina.startup.HostConfig.deployWAR Deployment of web application archive [C:\Users\jimmy\Desktop\apache-tomcat-9.0.87\webapps\coches.war] has finished in [636] ms
30-Apr-2024 11:15:17.145 INFO [Thread-1] org.apache.coyote.AbstractProtocol.pause Pausing ProtocolHandler ["http-nio-8082"]
30-Apr-2024 11:15:17.148 INFO [Thread-1] org.apache.catalina.core.StandardService.stopInternal Stopping service [Catalina]
30-Apr-2024 11:15:17.160 INFO [Thread-1] org.apache.coyote.AbstractProtocol.stop Stopping ProtocolHandler ["http-nio-8082"]
30-Apr-2024 11:15:17.173 INFO [Thread-1] org.apache.coyote.AbstractProtocol.destroy Destroying ProtocolHandler ["http-nio-8082"]
30-Apr-2024 11:15:21.688 INFO [main] org.apache.catalina.startup.VersionLoggerListener.log Server version name:   Apache Tomcat/9.0.87
30-Apr-2024 11:15:21.692 INFO [main] org.apache.catalina.startup.VersionLoggerListener.log Server built:          Mar 11 2024 10:12:34 UTC
30-Apr-2024 11:15:21.692 INFO [main] org.apache.catalina.startup.VersionLoggerListener.log Server version number: 9.0.87.0
30-Apr-2024 11:15:21.692 INFO [main] org.apache.catalina.startup.VersionLoggerListener.log OS Name:               Windows 10
30-Apr-2024 11:15:21.692 INFO [main] org.apache.catalina.startup.VersionLoggerListener.log OS Version:            10.0
30-Apr-2024 11:15:21.693 INFO [main] org.apache.catalina.startup.VersionLoggerListener.log Architecture:          amd64
30-Apr-2024 11:15:21.693 INFO [main] org.apache.catalina.startup.VersionLoggerListener.log Java Home:             C:\Program Files\Java\jdk-21
30-Apr-2024 11:15:21.693 INFO [main] org.apache.catalina.startup.VersionLoggerListener.log JVM Version:           21+35-LTS-2513
30-Apr-2024 11:15:21.693 INFO [main] org.apache.catalina.startup.VersionLoggerListener.log JVM Vendor:            Oracle Corporation
30-Apr-2024 11:15:21.693 INFO [main] org.apache.catalina.startup.VersionLoggerListener.log CATALINA_BASE:         C:\Users\jimmy\Desktop\apache-tomcat-9.0.87
30-Apr-2024 11:15:21.693 INFO [main] org.apache.catalina.startup.VersionLoggerListener.log CATALINA_HOME:         C:\Users\jimmy\Desktop\apache-tomcat-9.0.87
30-Apr-2024 11:15:21.701 INFO [main] org.apache.catalina.startup.VersionLoggerListener.log Command line argument: --add-opens=java.base/java.lang=ALL-UNNAMED
30-Apr-2024 11:15:21.701 INFO [main] org.apache.catalina.startup.VersionLoggerListener.log Command line argument: --add-opens=java.base/java.io=ALL-UNNAMED
30-Apr-2024 11:15:21.701 INFO [main] org.apache.catalina.startup.VersionLoggerListener.log Command line argument: --add-opens=java.base/java.util=ALL-UNNAMED
30-Apr-2024 11:15:21.702 INFO [main] org.apache.catalina.startup.VersionLoggerListener.log Command line argument: --add-opens=java.base/java.util.concurrent=ALL-UNNAMED
30-Apr-2024 11:15:21.702 INFO [main] org.apache.catalina.startup.VersionLoggerListener.log Command line argument: --add-opens=java.rmi/sun.rmi.transport=ALL-UNNAMED
30-Apr-2024 11:15:21.702 INFO [main] org.apache.catalina.startup.VersionLoggerListener.log Command line argument: -Djava.util.logging.config.file=C:\Users\jimmy\Desktop\apache-tomcat-9.0.87\conf\logging.properties
30-Apr-2024 11:15:21.703 INFO [main] org.apache.catalina.startup.VersionLoggerListener.log Command line argument: -Djava.util.logging.manager=org.apache.juli.ClassLoaderLogManager
30-Apr-2024 11:15:21.704 INFO [main] org.apache.catalina.startup.VersionLoggerListener.log Command line argument: -Djdk.tls.ephemeralDHKeySize=2048
30-Apr-2024 11:15:21.706 INFO [main] org.apache.catalina.startup.VersionLoggerListener.log Command line argument: -Djava.protocol.handler.pkgs=org.apache.catalina.webresources
30-Apr-2024 11:15:21.708 INFO [main] org.apache.catalina.startup.VersionLoggerListener.log Command line argument: -Dignore.endorsed.dirs=
30-Apr-2024 11:15:21.710 INFO [main] org.apache.catalina.startup.VersionLoggerListener.log Command line argument: -Dcatalina.base=C:\Users\jimmy\Desktop\apache-tomcat-9.0.87
30-Apr-2024 11:15:21.711 INFO [main] org.apache.catalina.startup.VersionLoggerListener.log Command line argument: -Dcatalina.home=C:\Users\jimmy\Desktop\apache-tomcat-9.0.87
30-Apr-2024 11:15:21.712 INFO [main] org.apache.catalina.startup.VersionLoggerListener.log Command line argument: -Djava.io.tmpdir=C:\Users\jimmy\Desktop\apache-tomcat-9.0.87\temp
30-Apr-2024 11:15:21.715 INFO [main] org.apache.catalina.core.AprLifecycleListener.lifecycleEvent Loaded Apache Tomcat Native library [1.3.0] using APR version [1.7.4].
30-Apr-2024 11:15:21.715 INFO [main] org.apache.catalina.core.AprLifecycleListener.lifecycleEvent APR capabilities: IPv6 [true], sendfile [true], accept filters [false], random [true], UDS [true].
30-Apr-2024 11:15:21.716 INFO [main] org.apache.catalina.core.AprLifecycleListener.lifecycleEvent APR/OpenSSL configuration: useAprConnector [false], useOpenSSL [true]
30-Apr-2024 11:15:21.721 INFO [main] org.apache.catalina.core.AprLifecycleListener.initializeSSL OpenSSL successfully initialized [OpenSSL 3.0.13 30 Jan 2024]
30-Apr-2024 11:15:22.022 INFO [main] org.apache.coyote.AbstractProtocol.init Initializing ProtocolHandler ["http-nio-8082"]
30-Apr-2024 11:15:22.046 INFO [main] org.apache.catalina.startup.Catalina.load Server initialization in [519] milliseconds
30-Apr-2024 11:15:22.087 INFO [main] org.apache.catalina.core.StandardService.startInternal Starting service [Catalina]
30-Apr-2024 11:15:22.088 INFO [main] org.apache.catalina.core.StandardEngine.startInternal Starting Servlet engine: [Apache Tomcat/9.0.87]
30-Apr-2024 11:15:22.121 INFO [main] org.apache.catalina.startup.HostConfig.deployWAR Deploying web application archive [C:\Users\jimmy\Desktop\apache-tomcat-9.0.87\webapps\coches.war]
30-Apr-2024 11:15:23.071 INFO [main] org.apache.jasper.servlet.TldScanner.scanJars At least one JAR was scanned for TLDs yet contained no TLDs. Enable debug logging for this logger for a complete list of JARs that were scanned but no TLDs were found in them. Skipping unneeded JARs during scanning can improve startup time and JSP compilation time.
30-Apr-2024 11:15:23.126 INFO [main] org.apache.catalina.startup.HostConfig.deployWAR Deployment of web application archive [C:\Users\jimmy\Desktop\apache-tomcat-9.0.87\webapps\coches.war] has finished in [1,005] ms
30-Apr-2024 11:15:23.128 INFO [main] org.apache.catalina.startup.HostConfig.deployDirectory Deploying web application directory [C:\Users\jimmy\Desktop\apache-tomcat-9.0.87\webapps\docs]
30-Apr-2024 11:15:23.164 INFO [main] org.apache.catalina.startup.HostConfig.deployDirectory Deployment of web application directory [C:\Users\jimmy\Desktop\apache-tomcat-9.0.87\webapps\docs] has finished in [35] ms
30-Apr-2024 11:15:23.164 INFO [main] org.apache.catalina.startup.HostConfig.deployDirectory Deploying web application directory [C:\Users\jimmy\Desktop\apache-tomcat-9.0.87\webapps\examples]
30-Apr-2024 11:15:23.605 INFO [main] org.apache.catalina.startup.HostConfig.deployDirectory Deployment of web application directory [C:\Users\jimmy\Desktop\apache-tomcat-9.0.87\webapps\examples] has finished in [441] ms
30-Apr-2024 11:15:23.605 INFO [main] org.apache.catalina.startup.HostConfig.deployDirectory Deploying web application directory [C:\Users\jimmy\Desktop\apache-tomcat-9.0.87\webapps\host-manager]
30-Apr-2024 11:15:23.646 INFO [main] org.apache.catalina.startup.HostConfig.deployDirectory Deployment of web application directory [C:\Users\jimmy\Desktop\apache-tomcat-9.0.87\webapps\host-manager] has finished in [41] ms
30-Apr-2024 11:15:23.647 INFO [main] org.apache.catalina.startup.HostConfig.deployDirectory Deploying web application directory [C:\Users\jimmy\Desktop\apache-tomcat-9.0.87\webapps\manager]
30-Apr-2024 11:15:23.685 INFO [main] org.apache.catalina.startup.HostConfig.deployDirectory Deployment of web application directory [C:\Users\jimmy\Desktop\apache-tomcat-9.0.87\webapps\manager] has finished in [39] ms
30-Apr-2024 11:15:23.686 INFO [main] org.apache.catalina.startup.HostConfig.deployDirectory Deploying web application directory [C:\Users\jimmy\Desktop\apache-tomcat-9.0.87\webapps\ROOT]
30-Apr-2024 11:15:23.714 INFO [main] org.apache.catalina.startup.HostConfig.deployDirectory Deployment of web application directory [C:\Users\jimmy\Desktop\apache-tomcat-9.0.87\webapps\ROOT] has finished in [27] ms
30-Apr-2024 11:15:23.717 INFO [main] org.apache.coyote.AbstractProtocol.start Starting ProtocolHandler ["http-nio-8082"]
30-Apr-2024 11:15:23.738 INFO [main] org.apache.catalina.startup.Catalina.start Server startup in [1689] milliseconds
30-Apr-2024 11:15:30.112 INFO [http-nio-8082-exec-2] org.apache.catalina.startup.HostConfig.undeploy Undeploying context [/coches]
30-Apr-2024 11:15:30.160 INFO [http-nio-8082-exec-2] org.apache.catalina.startup.HostConfig.deployWAR Deploying web application archive [C:\Users\jimmy\Desktop\apache-tomcat-9.0.87\webapps\coches.war]
30-Apr-2024 11:15:30.799 INFO [http-nio-8082-exec-2] org.apache.jasper.servlet.TldScanner.scanJars At least one JAR was scanned for TLDs yet contained no TLDs. Enable debug logging for this logger for a complete list of JARs that were scanned but no TLDs were found in them. Skipping unneeded JARs during scanning can improve startup time and JSP compilation time.
30-Apr-2024 11:15:30.803 INFO [http-nio-8082-exec-2] org.apache.catalina.startup.HostConfig.deployWAR Deployment of web application archive [C:\Users\jimmy\Desktop\apache-tomcat-9.0.87\webapps\coches.war] has finished in [644] ms
30-Apr-2024 11:17:43.163 INFO [http-nio-8082-exec-11] org.apache.catalina.startup.HostConfig.undeploy Undeploying context [/coches]
30-Apr-2024 11:17:43.193 INFO [http-nio-8082-exec-11] org.apache.catalina.startup.HostConfig.deployWAR Deploying web application archive [C:\Users\jimmy\Desktop\apache-tomcat-9.0.87\webapps\coches.war]
30-Apr-2024 11:17:43.771 INFO [http-nio-8082-exec-11] org.apache.jasper.servlet.TldScanner.scanJars At least one JAR was scanned for TLDs yet contained no TLDs. Enable debug logging for this logger for a complete list of JARs that were scanned but no TLDs were found in them. Skipping unneeded JARs during scanning can improve startup time and JSP compilation time.
30-Apr-2024 11:17:43.775 INFO [http-nio-8082-exec-11] org.apache.catalina.startup.HostConfig.deployWAR Deployment of web application archive [C:\Users\jimmy\Desktop\apache-tomcat-9.0.87\webapps\coches.war] has finished in [581] ms
30-Apr-2024 11:20:19.496 INFO [main] org.apache.catalina.startup.VersionLoggerListener.log Server version name:   Apache Tomcat/9.0.87
30-Apr-2024 11:20:19.499 INFO [main] org.apache.catalina.startup.VersionLoggerListener.log Server built:          Mar 11 2024 10:12:34 UTC
30-Apr-2024 11:20:19.499 INFO [main] org.apache.catalina.startup.VersionLoggerListener.log Server version number: 9.0.87.0
30-Apr-2024 11:20:19.499 INFO [main] org.apache.catalina.startup.VersionLoggerListener.log OS Name:               Windows 10
30-Apr-2024 11:20:19.499 INFO [main] org.apache.catalina.startup.VersionLoggerListener.log OS Version:            10.0
30-Apr-2024 11:20:19.499 INFO [main] org.apache.catalina.startup.VersionLoggerListener.log Architecture:          amd64
30-Apr-2024 11:20:19.499 INFO [main] org.apache.catalina.startup.VersionLoggerListener.log Java Home:             C:\Program Files\Java\jdk-21
30-Apr-2024 11:20:19.500 INFO [main] org.apache.catalina.startup.VersionLoggerListener.log JVM Version:           21+35-LTS-2513
30-Apr-2024 11:20:19.500 INFO [main] org.apache.catalina.startup.VersionLoggerListener.log JVM Vendor:            Oracle Corporation
30-Apr-2024 11:20:19.500 INFO [main] org.apache.catalina.startup.VersionLoggerListener.log CATALINA_BASE:         C:\Users\jimmy\Desktop\apache-tomcat-9.0.87
30-Apr-2024 11:20:19.500 INFO [main] org.apache.catalina.startup.VersionLoggerListener.log CATALINA_HOME:         C:\Users\jimmy\Desktop\apache-tomcat-9.0.87
30-Apr-2024 11:20:19.508 INFO [main] org.apache.catalina.startup.VersionLoggerListener.log Command line argument: --add-opens=java.base/java.lang=ALL-UNNAMED
30-Apr-2024 11:20:19.508 INFO [main] org.apache.catalina.startup.VersionLoggerListener.log Command line argument: --add-opens=java.base/java.io=ALL-UNNAMED
30-Apr-2024 11:20:19.508 INFO [main] org.apache.catalina.startup.VersionLoggerListener.log Command line argument: --add-opens=java.base/java.util=ALL-UNNAMED
30-Apr-2024 11:20:19.508 INFO [main] org.apache.catalina.startup.VersionLoggerListener.log Command line argument: --add-opens=java.base/java.util.concurrent=ALL-UNNAMED
30-Apr-2024 11:20:19.508 INFO [main] org.apache.catalina.startup.VersionLoggerListener.log Command line argument: --add-opens=java.rmi/sun.rmi.transport=ALL-UNNAMED
30-Apr-2024 11:20:19.509 INFO [main] org.apache.catalina.startup.VersionLoggerListener.log Command line argument: -Djava.util.logging.config.file=C:\Users\jimmy\Desktop\apache-tomcat-9.0.87\conf\logging.properties
30-Apr-2024 11:20:19.509 INFO [main] org.apache.catalina.startup.VersionLoggerListener.log Command line argument: -Djava.util.logging.manager=org.apache.juli.ClassLoaderLogManager
30-Apr-2024 11:20:19.509 INFO [main] org.apache.catalina.startup.VersionLoggerListener.log Command line argument: -Djdk.tls.ephemeralDHKeySize=2048
30-Apr-2024 11:20:19.510 INFO [main] org.apache.catalina.startup.VersionLoggerListener.log Command line argument: -Djava.protocol.handler.pkgs=org.apache.catalina.webresources
30-Apr-2024 11:20:19.510 INFO [main] org.apache.catalina.startup.VersionLoggerListener.log Command line argument: -Dignore.endorsed.dirs=
30-Apr-2024 11:20:19.510 INFO [main] org.apache.catalina.startup.VersionLoggerListener.log Command line argument: -Dcatalina.base=C:\Users\jimmy\Desktop\apache-tomcat-9.0.87
30-Apr-2024 11:20:19.510 INFO [main] org.apache.catalina.startup.VersionLoggerListener.log Command line argument: -Dcatalina.home=C:\Users\jimmy\Desktop\apache-tomcat-9.0.87
30-Apr-2024 11:20:19.511 INFO [main] org.apache.catalina.startup.VersionLoggerListener.log Command line argument: -Djava.io.tmpdir=C:\Users\jimmy\Desktop\apache-tomcat-9.0.87\temp
30-Apr-2024 11:20:19.514 INFO [main] org.apache.catalina.core.AprLifecycleListener.lifecycleEvent Loaded Apache Tomcat Native library [1.3.0] using APR version [1.7.4].
30-Apr-2024 11:20:19.514 INFO [main] org.apache.catalina.core.AprLifecycleListener.lifecycleEvent APR capabilities: IPv6 [true], sendfile [true], accept filters [false], random [true], UDS [true].
30-Apr-2024 11:20:19.514 INFO [main] org.apache.catalina.core.AprLifecycleListener.lifecycleEvent APR/OpenSSL configuration: useAprConnector [false], useOpenSSL [true]
30-Apr-2024 11:20:19.520 INFO [main] org.apache.catalina.core.AprLifecycleListener.initializeSSL OpenSSL successfully initialized [OpenSSL 3.0.13 30 Jan 2024]
30-Apr-2024 11:20:19.792 INFO [main] org.apache.coyote.AbstractProtocol.init Initializing ProtocolHandler ["http-nio-8082"]
30-Apr-2024 11:20:19.804 SEVERE [main] org.apache.catalina.util.LifecycleBase.handleSubClassException Failed to initialize component [Connector["http-nio-8082"]]
	org.apache.catalina.LifecycleException: Protocol handler initialization failed
		at org.apache.catalina.connector.Connector.initInternal(Connector.java:1011)
		at org.apache.catalina.util.LifecycleBase.init(LifecycleBase.java:127)
		at org.apache.catalina.core.StandardService.initInternal(StandardService.java:554)
		at org.apache.catalina.util.LifecycleBase.init(LifecycleBase.java:127)
		at org.apache.catalina.core.StandardServer.initInternal(StandardServer.java:1046)
		at org.apache.catalina.util.LifecycleBase.init(LifecycleBase.java:127)
		at org.apache.catalina.startup.Catalina.load(Catalina.java:686)
		at org.apache.catalina.startup.Catalina.load(Catalina.java:709)
		at java.base/jdk.internal.reflect.DirectMethodHandleAccessor.invoke(DirectMethodHandleAccessor.java:103)
		at java.base/java.lang.reflect.Method.invoke(Method.java:580)
		at org.apache.catalina.startup.Bootstrap.load(Bootstrap.java:302)
		at org.apache.catalina.startup.Bootstrap.main(Bootstrap.java:472)
	Caused by: java.net.BindException: Address already in use: bind
		at java.base/sun.nio.ch.Net.bind0(Native Method)
		at java.base/sun.nio.ch.Net.bind(Net.java:565)
		at java.base/sun.nio.ch.ServerSocketChannelImpl.netBind(ServerSocketChannelImpl.java:344)
		at java.base/sun.nio.ch.ServerSocketChannelImpl.bind(ServerSocketChannelImpl.java:301)
		at org.apache.tomcat.util.net.NioEndpoint.initServerSocket(NioEndpoint.java:268)
		at org.apache.tomcat.util.net.NioEndpoint.bind(NioEndpoint.java:223)
		at org.apache.tomcat.util.net.AbstractEndpoint.bindWithCleanup(AbstractEndpoint.java:1334)
		at org.apache.tomcat.util.net.AbstractEndpoint.init(AbstractEndpoint.java:1347)
		at org.apache.coyote.AbstractProtocol.init(AbstractProtocol.java:654)
		at org.apache.coyote.http11.AbstractHttp11Protocol.init(AbstractHttp11Protocol.java:75)
		at org.apache.catalina.connector.Connector.initInternal(Connector.java:1009)
		... 11 more
30-Apr-2024 11:20:19.805 INFO [main] org.apache.catalina.startup.Catalina.load Server initialization in [451] milliseconds
30-Apr-2024 11:20:19.849 INFO [main] org.apache.catalina.core.StandardService.startInternal Starting service [Catalina]
30-Apr-2024 11:20:19.849 INFO [main] org.apache.catalina.core.StandardEngine.startInternal Starting Servlet engine: [Apache Tomcat/9.0.87]
30-Apr-2024 11:20:19.875 INFO [main] org.apache.catalina.startup.HostConfig.deployWAR Deploying web application archive [C:\Users\jimmy\Desktop\apache-tomcat-9.0.87\webapps\coches.war]
30-Apr-2024 11:20:20.836 INFO [main] org.apache.jasper.servlet.TldScanner.scanJars At least one JAR was scanned for TLDs yet contained no TLDs. Enable debug logging for this logger for a complete list of JARs that were scanned but no TLDs were found in them. Skipping unneeded JARs during scanning can improve startup time and JSP compilation time.
30-Apr-2024 11:20:20.891 INFO [main] org.apache.catalina.startup.HostConfig.deployWAR Deployment of web application archive [C:\Users\jimmy\Desktop\apache-tomcat-9.0.87\webapps\coches.war] has finished in [1,016] ms
30-Apr-2024 11:20:20.893 INFO [main] org.apache.catalina.startup.HostConfig.deployDirectory Deploying web application directory [C:\Users\jimmy\Desktop\apache-tomcat-9.0.87\webapps\docs]
30-Apr-2024 11:20:20.935 INFO [main] org.apache.catalina.startup.HostConfig.deployDirectory Deployment of web application directory [C:\Users\jimmy\Desktop\apache-tomcat-9.0.87\webapps\docs] has finished in [42] ms
30-Apr-2024 11:20:20.935 INFO [main] org.apache.catalina.startup.HostConfig.deployDirectory Deploying web application directory [C:\Users\jimmy\Desktop\apache-tomcat-9.0.87\webapps\examples]
30-Apr-2024 11:20:21.368 INFO [main] org.apache.catalina.startup.HostConfig.deployDirectory Deployment of web application directory [C:\Users\jimmy\Desktop\apache-tomcat-9.0.87\webapps\examples] has finished in [433] ms
30-Apr-2024 11:20:21.369 INFO [main] org.apache.catalina.startup.HostConfig.deployDirectory Deploying web application directory [C:\Users\jimmy\Desktop\apache-tomcat-9.0.87\webapps\host-manager]
30-Apr-2024 11:20:21.406 INFO [main] org.apache.catalina.startup.HostConfig.deployDirectory Deployment of web application directory [C:\Users\jimmy\Desktop\apache-tomcat-9.0.87\webapps\host-manager] has finished in [37] ms
30-Apr-2024 11:20:21.407 INFO [main] org.apache.catalina.startup.HostConfig.deployDirectory Deploying web application directory [C:\Users\jimmy\Desktop\apache-tomcat-9.0.87\webapps\manager]
30-Apr-2024 11:20:21.449 INFO [main] org.apache.catalina.startup.HostConfig.deployDirectory Deployment of web application directory [C:\Users\jimmy\Desktop\apache-tomcat-9.0.87\webapps\manager] has finished in [41] ms
30-Apr-2024 11:20:21.449 INFO [main] org.apache.catalina.startup.HostConfig.deployDirectory Deploying web application directory [C:\Users\jimmy\Desktop\apache-tomcat-9.0.87\webapps\ROOT]
30-Apr-2024 11:20:21.481 INFO [main] org.apache.catalina.startup.HostConfig.deployDirectory Deployment of web application directory [C:\Users\jimmy\Desktop\apache-tomcat-9.0.87\webapps\ROOT] has finished in [32] ms
30-Apr-2024 11:20:21.485 INFO [main] org.apache.catalina.startup.Catalina.start Server startup in [1678] milliseconds
30-Apr-2024 11:20:21.494 SEVERE [main] org.apache.catalina.core.StandardServer.await Failed to create server shutdown socket on address [localhost] and port [8005] (base port [8005] and offset [0])
	java.net.BindException: Address already in use: bind
		at java.base/sun.nio.ch.Net.bind0(Native Method)
		at java.base/sun.nio.ch.Net.bind(Net.java:565)
		at java.base/sun.nio.ch.Net.bind(Net.java:554)
		at java.base/sun.nio.ch.NioSocketImpl.bind(NioSocketImpl.java:636)
		at java.base/java.net.ServerSocket.bind(ServerSocket.java:391)
		at java.base/java.net.ServerSocket.<init>(ServerSocket.java:278)
		at org.apache.catalina.core.StandardServer.await(StandardServer.java:581)
		at org.apache.catalina.startup.Catalina.await(Catalina.java:825)
		at org.apache.catalina.startup.Catalina.start(Catalina.java:773)
		at java.base/jdk.internal.reflect.DirectMethodHandleAccessor.invoke(DirectMethodHandleAccessor.java:103)
		at java.base/java.lang.reflect.Method.invoke(Method.java:580)
		at org.apache.catalina.startup.Bootstrap.start(Bootstrap.java:345)
		at org.apache.catalina.startup.Bootstrap.main(Bootstrap.java:473)
30-Apr-2024 11:20:21.494 INFO [main] org.apache.coyote.AbstractProtocol.pause Pausing ProtocolHandler ["http-nio-8082"]
30-Apr-2024 11:20:21.494 INFO [main] org.apache.catalina.core.StandardService.stopInternal Stopping service [Catalina]
30-Apr-2024 11:20:21.516 INFO [main] org.apache.coyote.AbstractProtocol.stop Stopping ProtocolHandler ["http-nio-8082"]
30-Apr-2024 11:20:21.518 INFO [main] org.apache.coyote.AbstractProtocol.destroy Destroying ProtocolHandler ["http-nio-8082"]
30-Apr-2024 11:20:44.835 INFO [http-nio-8082-exec-16] org.apache.catalina.startup.HostConfig.deployWAR Deploying web application archive [C:\Users\jimmy\Desktop\apache-tomcat-9.0.87\webapps\parque.war]
30-Apr-2024 11:20:45.382 INFO [http-nio-8082-exec-16] org.apache.jasper.servlet.TldScanner.scanJars At least one JAR was scanned for TLDs yet contained no TLDs. Enable debug logging for this logger for a complete list of JARs that were scanned but no TLDs were found in them. Skipping unneeded JARs during scanning can improve startup time and JSP compilation time.
30-Apr-2024 11:20:45.385 INFO [http-nio-8082-exec-16] org.apache.catalina.startup.HostConfig.deployWAR Deployment of web application archive [C:\Users\jimmy\Desktop\apache-tomcat-9.0.87\webapps\parque.war] has finished in [550] ms
30-Apr-2024 11:23:17.465 INFO [http-nio-8082-exec-21] org.apache.catalina.startup.HostConfig.undeploy Undeploying context [/coches]
30-Apr-2024 11:23:17.498 INFO [http-nio-8082-exec-21] org.apache.catalina.startup.HostConfig.deployWAR Deploying web application archive [C:\Users\jimmy\Desktop\apache-tomcat-9.0.87\webapps\coches.war]
30-Apr-2024 11:23:18.078 INFO [http-nio-8082-exec-21] org.apache.jasper.servlet.TldScanner.scanJars At least one JAR was scanned for TLDs yet contained no TLDs. Enable debug logging for this logger for a complete list of JARs that were scanned but no TLDs were found in them. Skipping unneeded JARs during scanning can improve startup time and JSP compilation time.
30-Apr-2024 11:23:18.080 INFO [http-nio-8082-exec-21] org.apache.catalina.startup.HostConfig.deployWAR Deployment of web application archive [C:\Users\jimmy\Desktop\apache-tomcat-9.0.87\webapps\coches.war] has finished in [582] ms
30-Apr-2024 11:33:35.964 INFO [http-nio-8082-exec-26] org.apache.catalina.startup.HostConfig.undeploy Undeploying context [/coches]
30-Apr-2024 11:33:35.990 INFO [http-nio-8082-exec-26] org.apache.catalina.startup.HostConfig.deployWAR Deploying web application archive [C:\Users\jimmy\Desktop\apache-tomcat-9.0.87\webapps\coches.war]
30-Apr-2024 11:33:36.588 INFO [http-nio-8082-exec-26] org.apache.jasper.servlet.TldScanner.scanJars At least one JAR was scanned for TLDs yet contained no TLDs. Enable debug logging for this logger for a complete list of JARs that were scanned but no TLDs were found in them. Skipping unneeded JARs during scanning can improve startup time and JSP compilation time.
30-Apr-2024 11:33:36.591 INFO [http-nio-8082-exec-26] org.apache.catalina.startup.HostConfig.deployWAR Deployment of web application archive [C:\Users\jimmy\Desktop\apache-tomcat-9.0.87\webapps\coches.war] has finished in [600] ms
