22-Apr-2024 10:52:33.826 INFO [main] org.apache.catalina.startup.VersionLoggerListener.log Server version name:   Apache Tomcat/9.0.87
22-Apr-2024 10:52:33.838 INFO [main] org.apache.catalina.startup.VersionLoggerListener.log Server built:          Mar 11 2024 10:12:34 UTC
22-Apr-2024 10:52:33.840 INFO [main] org.apache.catalina.startup.VersionLoggerListener.log Server version number: 9.0.87.0
22-Apr-2024 10:52:33.840 INFO [main] org.apache.catalina.startup.VersionLoggerListener.log OS Name:               Windows 10
22-Apr-2024 10:52:33.840 INFO [main] org.apache.catalina.startup.VersionLoggerListener.log OS Version:            10.0
22-Apr-2024 10:52:33.840 INFO [main] org.apache.catalina.startup.VersionLoggerListener.log Architecture:          amd64
22-Apr-2024 10:52:33.840 INFO [main] org.apache.catalina.startup.VersionLoggerListener.log Java Home:             C:\Program Files\Java\jdk-21
22-Apr-2024 10:52:33.840 INFO [main] org.apache.catalina.startup.VersionLoggerListener.log JVM Version:           21+35-LTS-2513
22-Apr-2024 10:52:33.841 INFO [main] org.apache.catalina.startup.VersionLoggerListener.log JVM Vendor:            Oracle Corporation
22-Apr-2024 10:52:33.841 INFO [main] org.apache.catalina.startup.VersionLoggerListener.log CATALINA_BASE:         C:\Users\jimmy\Desktop\apache-tomcat-9.0.87
22-Apr-2024 10:52:33.841 INFO [main] org.apache.catalina.startup.VersionLoggerListener.log CATALINA_HOME:         C:\Users\jimmy\Desktop\apache-tomcat-9.0.87
22-Apr-2024 10:52:33.873 INFO [main] org.apache.catalina.startup.VersionLoggerListener.log Command line argument: --add-opens=java.base/java.lang=ALL-UNNAMED
22-Apr-2024 10:52:33.873 INFO [main] org.apache.catalina.startup.VersionLoggerListener.log Command line argument: --add-opens=java.base/java.io=ALL-UNNAMED
22-Apr-2024 10:52:33.874 INFO [main] org.apache.catalina.startup.VersionLoggerListener.log Command line argument: --add-opens=java.base/java.util=ALL-UNNAMED
22-Apr-2024 10:52:33.874 INFO [main] org.apache.catalina.startup.VersionLoggerListener.log Command line argument: --add-opens=java.base/java.util.concurrent=ALL-UNNAMED
22-Apr-2024 10:52:33.874 INFO [main] org.apache.catalina.startup.VersionLoggerListener.log Command line argument: --add-opens=java.rmi/sun.rmi.transport=ALL-UNNAMED
22-Apr-2024 10:52:33.874 INFO [main] org.apache.catalina.startup.VersionLoggerListener.log Command line argument: -Djava.util.logging.config.file=C:\Users\jimmy\Desktop\apache-tomcat-9.0.87\conf\logging.properties
22-Apr-2024 10:52:33.874 INFO [main] org.apache.catalina.startup.VersionLoggerListener.log Command line argument: -Djava.util.logging.manager=org.apache.juli.ClassLoaderLogManager
22-Apr-2024 10:52:33.875 INFO [main] org.apache.catalina.startup.VersionLoggerListener.log Command line argument: -Djdk.tls.ephemeralDHKeySize=2048
22-Apr-2024 10:52:33.875 INFO [main] org.apache.catalina.startup.VersionLoggerListener.log Command line argument: -Djava.protocol.handler.pkgs=org.apache.catalina.webresources
22-Apr-2024 10:52:33.875 INFO [main] org.apache.catalina.startup.VersionLoggerListener.log Command line argument: -Dignore.endorsed.dirs=
22-Apr-2024 10:52:33.876 INFO [main] org.apache.catalina.startup.VersionLoggerListener.log Command line argument: -Dcatalina.base=C:\Users\jimmy\Desktop\apache-tomcat-9.0.87
22-Apr-2024 10:52:33.876 INFO [main] org.apache.catalina.startup.VersionLoggerListener.log Command line argument: -Dcatalina.home=C:\Users\jimmy\Desktop\apache-tomcat-9.0.87
22-Apr-2024 10:52:33.876 INFO [main] org.apache.catalina.startup.VersionLoggerListener.log Command line argument: -Djava.io.tmpdir=C:\Users\jimmy\Desktop\apache-tomcat-9.0.87\temp
22-Apr-2024 10:52:33.892 INFO [main] org.apache.catalina.core.AprLifecycleListener.lifecycleEvent Loaded Apache Tomcat Native library [1.3.0] using APR version [1.7.4].
22-Apr-2024 10:52:33.892 INFO [main] org.apache.catalina.core.AprLifecycleListener.lifecycleEvent APR capabilities: IPv6 [true], sendfile [true], accept filters [false], random [true], UDS [true].
22-Apr-2024 10:52:33.892 INFO [main] org.apache.catalina.core.AprLifecycleListener.lifecycleEvent APR/OpenSSL configuration: useAprConnector [false], useOpenSSL [true]
22-Apr-2024 10:52:33.957 INFO [main] org.apache.catalina.core.AprLifecycleListener.initializeSSL OpenSSL successfully initialized [OpenSSL 3.0.13 30 Jan 2024]
22-Apr-2024 10:52:34.535 INFO [main] org.apache.coyote.AbstractProtocol.init Initializing ProtocolHandler ["http-nio-8082"]
22-Apr-2024 10:52:34.593 INFO [main] org.apache.catalina.startup.Catalina.load Server initialization in [1128] milliseconds
22-Apr-2024 10:52:34.710 INFO [main] org.apache.catalina.core.StandardService.startInternal Starting service [Catalina]
22-Apr-2024 10:52:34.711 INFO [main] org.apache.catalina.core.StandardEngine.startInternal Starting Servlet engine: [Apache Tomcat/9.0.87]
22-Apr-2024 10:52:34.766 INFO [main] org.apache.catalina.startup.HostConfig.deployWAR Deploying web application archive [C:\Users\jimmy\Desktop\apache-tomcat-9.0.87\webapps\coches.war]
22-Apr-2024 10:52:35.986 INFO [main] org.apache.jasper.servlet.TldScanner.scanJars At least one JAR was scanned for TLDs yet contained no TLDs. Enable debug logging for this logger for a complete list of JARs that were scanned but no TLDs were found in them. Skipping unneeded JARs during scanning can improve startup time and JSP compilation time.
22-Apr-2024 10:52:36.043 INFO [main] org.apache.catalina.startup.HostConfig.deployWAR Deployment of web application archive [C:\Users\jimmy\Desktop\apache-tomcat-9.0.87\webapps\coches.war] has finished in [1,276] ms
22-Apr-2024 10:52:36.045 INFO [main] org.apache.catalina.startup.HostConfig.deployDirectory Deploying web application directory [C:\Users\jimmy\Desktop\apache-tomcat-9.0.87\webapps\docs]
22-Apr-2024 10:52:36.081 INFO [main] org.apache.catalina.startup.HostConfig.deployDirectory Deployment of web application directory [C:\Users\jimmy\Desktop\apache-tomcat-9.0.87\webapps\docs] has finished in [36] ms
22-Apr-2024 10:52:36.082 INFO [main] org.apache.catalina.startup.HostConfig.deployDirectory Deploying web application directory [C:\Users\jimmy\Desktop\apache-tomcat-9.0.87\webapps\examples]
22-Apr-2024 10:52:36.635 INFO [main] org.apache.catalina.startup.HostConfig.deployDirectory Deployment of web application directory [C:\Users\jimmy\Desktop\apache-tomcat-9.0.87\webapps\examples] has finished in [553] ms
22-Apr-2024 10:52:36.635 INFO [main] org.apache.catalina.startup.HostConfig.deployDirectory Deploying web application directory [C:\Users\jimmy\Desktop\apache-tomcat-9.0.87\webapps\host-manager]
22-Apr-2024 10:52:36.686 INFO [main] org.apache.catalina.startup.HostConfig.deployDirectory Deployment of web application directory [C:\Users\jimmy\Desktop\apache-tomcat-9.0.87\webapps\host-manager] has finished in [51] ms
22-Apr-2024 10:52:36.686 INFO [main] org.apache.catalina.startup.HostConfig.deployDirectory Deploying web application directory [C:\Users\jimmy\Desktop\apache-tomcat-9.0.87\webapps\manager]
22-Apr-2024 10:52:36.732 INFO [main] org.apache.catalina.startup.HostConfig.deployDirectory Deployment of web application directory [C:\Users\jimmy\Desktop\apache-tomcat-9.0.87\webapps\manager] has finished in [46] ms
22-Apr-2024 10:52:36.733 INFO [main] org.apache.catalina.startup.HostConfig.deployDirectory Deploying web application directory [C:\Users\jimmy\Desktop\apache-tomcat-9.0.87\webapps\ROOT]
22-Apr-2024 10:52:36.763 INFO [main] org.apache.catalina.startup.HostConfig.deployDirectory Deployment of web application directory [C:\Users\jimmy\Desktop\apache-tomcat-9.0.87\webapps\ROOT] has finished in [30] ms
22-Apr-2024 10:52:36.767 INFO [main] org.apache.coyote.AbstractProtocol.start Starting ProtocolHandler ["http-nio-8082"]
22-Apr-2024 10:52:36.810 INFO [main] org.apache.catalina.startup.Catalina.start Server startup in [2214] milliseconds
