20-May-2024 16:48:50.946 INFO [main] org.apache.catalina.core.ApplicationContext.log ContextListener: contextInitialized()
20-May-2024 16:48:50.947 INFO [main] org.apache.catalina.core.ApplicationContext.log SessionListener: contextInitialized()
20-May-2024 16:48:50.951 INFO [main] org.apache.catalina.core.ApplicationContext.log ContextListener: attributeAdded('StockTicker', 'async.Stockticker@4751e8b9')
20-May-2024 20:40:18.768 SEVERE [http-nio-8082-exec-25] org.apache.catalina.core.StandardWrapperValve.invoke Servlet.service() for servlet [jsp] in context with path [/bermecars] threw exception [Unable to compile class for JSP: 

An error occurred at line: [16] in the generated java file: [C:\Users\jimmy\JavaProjects\BermeCar\apache-tomcat-9.0.87\work\Catalina\localhost\bermecars\org\apache\jsp\list_002dusers_jsp.java]
Only a type can be imported. com.bermecar.domain.Users resolves to a package

An error occurred at line: [24] in the jsp file: [/list-users.jsp]
User cannot be resolved to a type
21:             }
22:           Database.connect();
23:           final int theUserid = userId;
24:           User user = Database.jdbi.withExtension(UserDao.class, dao -> dao.getAllUsers());
25:         %>
26:     <div class="container">
27:         <div class="list-group">


An error occurred at line: [29] in the jsp file: [/list-users.jsp]
User cannot be resolved to a type
26:     <div class="container">
27:         <div class="list-group">
28:             <%
29:                 for (User user : users) {
30:             %>
31:             <a href="#" type="button" class="btn btn-sm btn-black m-2">
32:                 <div class="d-flex w-100 justify-content-between">


An error occurred at line: [29] in the jsp file: [/list-users.jsp]
Duplicate local variable user
26:     <div class="container">
27:         <div class="list-group">
28:             <%
29:                 for (User user : users) {
30:             %>
31:             <a href="#" type="button" class="btn btn-sm btn-black m-2">
32:                 <div class="d-flex w-100 justify-content-between">


An error occurred at line: [29] in the jsp file: [/list-users.jsp]
users cannot be resolved to a variable
26:     <div class="container">
27:         <div class="list-group">
28:             <%
29:                 for (User user : users) {
30:             %>
31:             <a href="#" type="button" class="btn btn-sm btn-black m-2">
32:                 <div class="d-flex w-100 justify-content-between">


Stacktrace:] with root cause
	org.apache.jasper.JasperException: Unable to compile class for JSP: 

An error occurred at line: [16] in the generated java file: [C:\Users\jimmy\JavaProjects\BermeCar\apache-tomcat-9.0.87\work\Catalina\localhost\bermecars\org\apache\jsp\list_002dusers_jsp.java]
Only a type can be imported. com.bermecar.domain.Users resolves to a package

An error occurred at line: [24] in the jsp file: [/list-users.jsp]
User cannot be resolved to a type
21:             }
22:           Database.connect();
23:           final int theUserid = userId;
24:           User user = Database.jdbi.withExtension(UserDao.class, dao -> dao.getAllUsers());
25:         %>
26:     <div class="container">
27:         <div class="list-group">


An error occurred at line: [29] in the jsp file: [/list-users.jsp]
User cannot be resolved to a type
26:     <div class="container">
27:         <div class="list-group">
28:             <%
29:                 for (User user : users) {
30:             %>
31:             <a href="#" type="button" class="btn btn-sm btn-black m-2">
32:                 <div class="d-flex w-100 justify-content-between">


An error occurred at line: [29] in the jsp file: [/list-users.jsp]
Duplicate local variable user
26:     <div class="container">
27:         <div class="list-group">
28:             <%
29:                 for (User user : users) {
30:             %>
31:             <a href="#" type="button" class="btn btn-sm btn-black m-2">
32:                 <div class="d-flex w-100 justify-content-between">


An error occurred at line: [29] in the jsp file: [/list-users.jsp]
users cannot be resolved to a variable
26:     <div class="container">
27:         <div class="list-group">
28:             <%
29:                 for (User user : users) {
30:             %>
31:             <a href="#" type="button" class="btn btn-sm btn-black m-2">
32:                 <div class="d-flex w-100 justify-content-between">


Stacktrace:
		at org.apache.jasper.compiler.DefaultErrorHandler.javacError(DefaultErrorHandler.java:102)
		at org.apache.jasper.compiler.ErrorDispatcher.javacError(ErrorDispatcher.java:214)
		at org.apache.jasper.compiler.JDTCompiler.generateClass(JDTCompiler.java:542)
		at org.apache.jasper.compiler.Compiler.compile(Compiler.java:398)
		at org.apache.jasper.compiler.Compiler.compile(Compiler.java:368)
		at org.apache.jasper.compiler.Compiler.compile(Compiler.java:352)
		at org.apache.jasper.JspCompilationContext.compile(JspCompilationContext.java:603)
		at org.apache.jasper.servlet.JspServletWrapper.service(JspServletWrapper.java:399)
		at org.apache.jasper.servlet.JspServlet.serviceJspFile(JspServlet.java:379)
		at org.apache.jasper.servlet.JspServlet.service(JspServlet.java:327)
		at javax.servlet.http.HttpServlet.service(HttpServlet.java:623)
		at org.apache.catalina.core.ApplicationFilterChain.internalDoFilter(ApplicationFilterChain.java:210)
		at org.apache.catalina.core.ApplicationFilterChain.doFilter(ApplicationFilterChain.java:154)
		at org.apache.tomcat.websocket.server.WsFilter.doFilter(WsFilter.java:51)
		at org.apache.catalina.core.ApplicationFilterChain.internalDoFilter(ApplicationFilterChain.java:179)
		at org.apache.catalina.core.ApplicationFilterChain.doFilter(ApplicationFilterChain.java:154)
		at org.apache.catalina.core.StandardWrapperValve.invoke(StandardWrapperValve.java:168)
		at org.apache.catalina.core.StandardContextValve.invoke(StandardContextValve.java:90)
		at org.apache.catalina.authenticator.AuthenticatorBase.invoke(AuthenticatorBase.java:481)
		at org.apache.catalina.core.StandardHostValve.invoke(StandardHostValve.java:130)
		at org.apache.catalina.valves.ErrorReportValve.invoke(ErrorReportValve.java:93)
		at org.apache.catalina.valves.AbstractAccessLogValve.invoke(AbstractAccessLogValve.java:670)
		at org.apache.catalina.core.StandardEngineValve.invoke(StandardEngineValve.java:74)
		at org.apache.catalina.connector.CoyoteAdapter.service(CoyoteAdapter.java:346)
		at org.apache.coyote.http11.Http11Processor.service(Http11Processor.java:390)
		at org.apache.coyote.AbstractProcessorLight.process(AbstractProcessorLight.java:63)
		at org.apache.coyote.AbstractProtocol$ConnectionHandler.process(AbstractProtocol.java:928)
		at org.apache.tomcat.util.net.NioEndpoint$SocketProcessor.doRun(NioEndpoint.java:1786)
		at org.apache.tomcat.util.net.SocketProcessorBase.run(SocketProcessorBase.java:52)
		at org.apache.tomcat.util.threads.ThreadPoolExecutor.runWorker(ThreadPoolExecutor.java:1191)
		at org.apache.tomcat.util.threads.ThreadPoolExecutor$Worker.run(ThreadPoolExecutor.java:659)
		at org.apache.tomcat.util.threads.TaskThread$WrappingRunnable.run(TaskThread.java:63)
		at java.base/java.lang.Thread.run(Thread.java:1583)
20-May-2024 20:41:49.480 SEVERE [http-nio-8082-exec-32] org.apache.catalina.core.StandardWrapperValve.invoke Servlet.service() for servlet [jsp] in context with path [/bermecars] threw exception [Unable to compile class for JSP: 

An error occurred at line: [16] in the generated java file: [C:\Users\jimmy\JavaProjects\BermeCar\apache-tomcat-9.0.87\work\Catalina\localhost\bermecars\org\apache\jsp\list_002dusers_jsp.java]
Only a type can be imported. com.bermecar.domain.Users resolves to a package

An error occurred at line: [23] in the jsp file: [/list-users.jsp]
Car cannot be resolved to a type
20:                 response.sendRedirect("index.jsp");
21:             }
22:           Database.connect();
23:           List<Car> cars = null;
24:           cars = Database.jdbi.withExtension(UserDao.class, dao -> dao.getAllUsers());
25:         %>
26:     <div class="container">


An error occurred at line: [29] in the jsp file: [/list-users.jsp]
User cannot be resolved to a type
26:     <div class="container">
27:         <div class="list-group">
28:             <%
29:                 for (User user : users) {
30:             %>
31:             <a href="#" type="button" class="btn btn-sm btn-black m-2">
32:                 <div class="d-flex w-100 justify-content-between">


An error occurred at line: [29] in the jsp file: [/list-users.jsp]
users cannot be resolved to a variable
26:     <div class="container">
27:         <div class="list-group">
28:             <%
29:                 for (User user : users) {
30:             %>
31:             <a href="#" type="button" class="btn btn-sm btn-black m-2">
32:                 <div class="d-flex w-100 justify-content-between">


Stacktrace:] with root cause
	org.apache.jasper.JasperException: Unable to compile class for JSP: 

An error occurred at line: [16] in the generated java file: [C:\Users\jimmy\JavaProjects\BermeCar\apache-tomcat-9.0.87\work\Catalina\localhost\bermecars\org\apache\jsp\list_002dusers_jsp.java]
Only a type can be imported. com.bermecar.domain.Users resolves to a package

An error occurred at line: [23] in the jsp file: [/list-users.jsp]
Car cannot be resolved to a type
20:                 response.sendRedirect("index.jsp");
21:             }
22:           Database.connect();
23:           List<Car> cars = null;
24:           cars = Database.jdbi.withExtension(UserDao.class, dao -> dao.getAllUsers());
25:         %>
26:     <div class="container">


An error occurred at line: [29] in the jsp file: [/list-users.jsp]
User cannot be resolved to a type
26:     <div class="container">
27:         <div class="list-group">
28:             <%
29:                 for (User user : users) {
30:             %>
31:             <a href="#" type="button" class="btn btn-sm btn-black m-2">
32:                 <div class="d-flex w-100 justify-content-between">


An error occurred at line: [29] in the jsp file: [/list-users.jsp]
users cannot be resolved to a variable
26:     <div class="container">
27:         <div class="list-group">
28:             <%
29:                 for (User user : users) {
30:             %>
31:             <a href="#" type="button" class="btn btn-sm btn-black m-2">
32:                 <div class="d-flex w-100 justify-content-between">


Stacktrace:
		at org.apache.jasper.compiler.DefaultErrorHandler.javacError(DefaultErrorHandler.java:102)
		at org.apache.jasper.compiler.ErrorDispatcher.javacError(ErrorDispatcher.java:214)
		at org.apache.jasper.compiler.JDTCompiler.generateClass(JDTCompiler.java:542)
		at org.apache.jasper.compiler.Compiler.compile(Compiler.java:398)
		at org.apache.jasper.compiler.Compiler.compile(Compiler.java:368)
		at org.apache.jasper.compiler.Compiler.compile(Compiler.java:352)
		at org.apache.jasper.JspCompilationContext.compile(JspCompilationContext.java:603)
		at org.apache.jasper.servlet.JspServletWrapper.service(JspServletWrapper.java:399)
		at org.apache.jasper.servlet.JspServlet.serviceJspFile(JspServlet.java:379)
		at org.apache.jasper.servlet.JspServlet.service(JspServlet.java:327)
		at javax.servlet.http.HttpServlet.service(HttpServlet.java:623)
		at org.apache.catalina.core.ApplicationFilterChain.internalDoFilter(ApplicationFilterChain.java:210)
		at org.apache.catalina.core.ApplicationFilterChain.doFilter(ApplicationFilterChain.java:154)
		at org.apache.tomcat.websocket.server.WsFilter.doFilter(WsFilter.java:51)
		at org.apache.catalina.core.ApplicationFilterChain.internalDoFilter(ApplicationFilterChain.java:179)
		at org.apache.catalina.core.ApplicationFilterChain.doFilter(ApplicationFilterChain.java:154)
		at org.apache.catalina.core.StandardWrapperValve.invoke(StandardWrapperValve.java:168)
		at org.apache.catalina.core.StandardContextValve.invoke(StandardContextValve.java:90)
		at org.apache.catalina.authenticator.AuthenticatorBase.invoke(AuthenticatorBase.java:481)
		at org.apache.catalina.core.StandardHostValve.invoke(StandardHostValve.java:130)
		at org.apache.catalina.valves.ErrorReportValve.invoke(ErrorReportValve.java:93)
		at org.apache.catalina.valves.AbstractAccessLogValve.invoke(AbstractAccessLogValve.java:670)
		at org.apache.catalina.core.StandardEngineValve.invoke(StandardEngineValve.java:74)
		at org.apache.catalina.connector.CoyoteAdapter.service(CoyoteAdapter.java:346)
		at org.apache.coyote.http11.Http11Processor.service(Http11Processor.java:390)
		at org.apache.coyote.AbstractProcessorLight.process(AbstractProcessorLight.java:63)
		at org.apache.coyote.AbstractProtocol$ConnectionHandler.process(AbstractProtocol.java:928)
		at org.apache.tomcat.util.net.NioEndpoint$SocketProcessor.doRun(NioEndpoint.java:1786)
		at org.apache.tomcat.util.net.SocketProcessorBase.run(SocketProcessorBase.java:52)
		at org.apache.tomcat.util.threads.ThreadPoolExecutor.runWorker(ThreadPoolExecutor.java:1191)
		at org.apache.tomcat.util.threads.ThreadPoolExecutor$Worker.run(ThreadPoolExecutor.java:659)
		at org.apache.tomcat.util.threads.TaskThread$WrappingRunnable.run(TaskThread.java:63)
		at java.base/java.lang.Thread.run(Thread.java:1583)
20-May-2024 20:42:33.661 SEVERE [http-nio-8082-exec-39] org.apache.catalina.core.StandardWrapperValve.invoke Servlet.service() for servlet [jsp] in context with path [/bermecars] threw exception [Unable to compile class for JSP: 

An error occurred at line: [16] in the generated java file: [C:\Users\jimmy\JavaProjects\BermeCar\apache-tomcat-9.0.87\work\Catalina\localhost\bermecars\org\apache\jsp\list_002dusers_jsp.java]
Only a type can be imported. com.bermecar.domain.Users resolves to a package

An error occurred at line: [23] in the jsp file: [/list-users.jsp]
User cannot be resolved to a type
20:                 response.sendRedirect("index.jsp");
21:             }
22:           Database.connect();
23:           List<User> users = null;
24:           users = Database.jdbi.withExtension(UserDao.class, dao -> dao.getAllUsers());
25:         %>
26:     <div class="container">


An error occurred at line: [29] in the jsp file: [/list-users.jsp]
User cannot be resolved to a type
26:     <div class="container">
27:         <div class="list-group">
28:             <%
29:                 for (User user : users) {
30:             %>
31:             <a href="#" type="button" class="btn btn-sm btn-black m-2">
32:                 <div class="d-flex w-100 justify-content-between">


Stacktrace:] with root cause
	org.apache.jasper.JasperException: Unable to compile class for JSP: 

An error occurred at line: [16] in the generated java file: [C:\Users\jimmy\JavaProjects\BermeCar\apache-tomcat-9.0.87\work\Catalina\localhost\bermecars\org\apache\jsp\list_002dusers_jsp.java]
Only a type can be imported. com.bermecar.domain.Users resolves to a package

An error occurred at line: [23] in the jsp file: [/list-users.jsp]
User cannot be resolved to a type
20:                 response.sendRedirect("index.jsp");
21:             }
22:           Database.connect();
23:           List<User> users = null;
24:           users = Database.jdbi.withExtension(UserDao.class, dao -> dao.getAllUsers());
25:         %>
26:     <div class="container">


An error occurred at line: [29] in the jsp file: [/list-users.jsp]
User cannot be resolved to a type
26:     <div class="container">
27:         <div class="list-group">
28:             <%
29:                 for (User user : users) {
30:             %>
31:             <a href="#" type="button" class="btn btn-sm btn-black m-2">
32:                 <div class="d-flex w-100 justify-content-between">


Stacktrace:
		at org.apache.jasper.compiler.DefaultErrorHandler.javacError(DefaultErrorHandler.java:102)
		at org.apache.jasper.compiler.ErrorDispatcher.javacError(ErrorDispatcher.java:214)
		at org.apache.jasper.compiler.JDTCompiler.generateClass(JDTCompiler.java:542)
		at org.apache.jasper.compiler.Compiler.compile(Compiler.java:398)
		at org.apache.jasper.compiler.Compiler.compile(Compiler.java:368)
		at org.apache.jasper.compiler.Compiler.compile(Compiler.java:352)
		at org.apache.jasper.JspCompilationContext.compile(JspCompilationContext.java:603)
		at org.apache.jasper.servlet.JspServletWrapper.service(JspServletWrapper.java:399)
		at org.apache.jasper.servlet.JspServlet.serviceJspFile(JspServlet.java:379)
		at org.apache.jasper.servlet.JspServlet.service(JspServlet.java:327)
		at javax.servlet.http.HttpServlet.service(HttpServlet.java:623)
		at org.apache.catalina.core.ApplicationFilterChain.internalDoFilter(ApplicationFilterChain.java:210)
		at org.apache.catalina.core.ApplicationFilterChain.doFilter(ApplicationFilterChain.java:154)
		at org.apache.tomcat.websocket.server.WsFilter.doFilter(WsFilter.java:51)
		at org.apache.catalina.core.ApplicationFilterChain.internalDoFilter(ApplicationFilterChain.java:179)
		at org.apache.catalina.core.ApplicationFilterChain.doFilter(ApplicationFilterChain.java:154)
		at org.apache.catalina.core.StandardWrapperValve.invoke(StandardWrapperValve.java:168)
		at org.apache.catalina.core.StandardContextValve.invoke(StandardContextValve.java:90)
		at org.apache.catalina.authenticator.AuthenticatorBase.invoke(AuthenticatorBase.java:481)
		at org.apache.catalina.core.StandardHostValve.invoke(StandardHostValve.java:130)
		at org.apache.catalina.valves.ErrorReportValve.invoke(ErrorReportValve.java:93)
		at org.apache.catalina.valves.AbstractAccessLogValve.invoke(AbstractAccessLogValve.java:670)
		at org.apache.catalina.core.StandardEngineValve.invoke(StandardEngineValve.java:74)
		at org.apache.catalina.connector.CoyoteAdapter.service(CoyoteAdapter.java:346)
		at org.apache.coyote.http11.Http11Processor.service(Http11Processor.java:390)
		at org.apache.coyote.AbstractProcessorLight.process(AbstractProcessorLight.java:63)
		at org.apache.coyote.AbstractProtocol$ConnectionHandler.process(AbstractProtocol.java:928)
		at org.apache.tomcat.util.net.NioEndpoint$SocketProcessor.doRun(NioEndpoint.java:1786)
		at org.apache.tomcat.util.net.SocketProcessorBase.run(SocketProcessorBase.java:52)
		at org.apache.tomcat.util.threads.ThreadPoolExecutor.runWorker(ThreadPoolExecutor.java:1191)
		at org.apache.tomcat.util.threads.ThreadPoolExecutor$Worker.run(ThreadPoolExecutor.java:659)
		at org.apache.tomcat.util.threads.TaskThread$WrappingRunnable.run(TaskThread.java:63)
		at java.base/java.lang.Thread.run(Thread.java:1583)
20-May-2024 20:43:19.368 SEVERE [http-nio-8082-exec-31] org.apache.catalina.core.StandardWrapperValve.invoke Servlet.service() for servlet [jsp] in context with path [/bermecars] threw exception [Unable to compile class for JSP: 

An error occurred at line: [34] in the jsp file: [/list-users.jsp]
The method getName() is undefined for the type User
31:             <a href="#" type="button" class="btn btn-sm btn-black m-2">
32:                 <div class="d-flex w-100 justify-content-between">
33:                     <h6 class="mb-1">User Nº: <%=user.getId()%></h6>
34:                     <p class="mb-1"><%=user.getName()%></p>
35:                     <p class="mb-1"><%=user.getTelephone()%></p>
36:                     <p class="mb-1"><%=user.getRole()%></p>
37:                 </div>


Stacktrace:] with root cause
	org.apache.jasper.JasperException: Unable to compile class for JSP: 

An error occurred at line: [34] in the jsp file: [/list-users.jsp]
The method getName() is undefined for the type User
31:             <a href="#" type="button" class="btn btn-sm btn-black m-2">
32:                 <div class="d-flex w-100 justify-content-between">
33:                     <h6 class="mb-1">User Nº: <%=user.getId()%></h6>
34:                     <p class="mb-1"><%=user.getName()%></p>
35:                     <p class="mb-1"><%=user.getTelephone()%></p>
36:                     <p class="mb-1"><%=user.getRole()%></p>
37:                 </div>


Stacktrace:
		at org.apache.jasper.compiler.DefaultErrorHandler.javacError(DefaultErrorHandler.java:102)
		at org.apache.jasper.compiler.ErrorDispatcher.javacError(ErrorDispatcher.java:214)
		at org.apache.jasper.compiler.JDTCompiler.generateClass(JDTCompiler.java:542)
		at org.apache.jasper.compiler.Compiler.compile(Compiler.java:398)
		at org.apache.jasper.compiler.Compiler.compile(Compiler.java:368)
		at org.apache.jasper.compiler.Compiler.compile(Compiler.java:352)
		at org.apache.jasper.JspCompilationContext.compile(JspCompilationContext.java:603)
		at org.apache.jasper.servlet.JspServletWrapper.service(JspServletWrapper.java:399)
		at org.apache.jasper.servlet.JspServlet.serviceJspFile(JspServlet.java:379)
		at org.apache.jasper.servlet.JspServlet.service(JspServlet.java:327)
		at javax.servlet.http.HttpServlet.service(HttpServlet.java:623)
		at org.apache.catalina.core.ApplicationFilterChain.internalDoFilter(ApplicationFilterChain.java:210)
		at org.apache.catalina.core.ApplicationFilterChain.doFilter(ApplicationFilterChain.java:154)
		at org.apache.tomcat.websocket.server.WsFilter.doFilter(WsFilter.java:51)
		at org.apache.catalina.core.ApplicationFilterChain.internalDoFilter(ApplicationFilterChain.java:179)
		at org.apache.catalina.core.ApplicationFilterChain.doFilter(ApplicationFilterChain.java:154)
		at org.apache.catalina.core.StandardWrapperValve.invoke(StandardWrapperValve.java:168)
		at org.apache.catalina.core.StandardContextValve.invoke(StandardContextValve.java:90)
		at org.apache.catalina.authenticator.AuthenticatorBase.invoke(AuthenticatorBase.java:481)
		at org.apache.catalina.core.StandardHostValve.invoke(StandardHostValve.java:130)
		at org.apache.catalina.valves.ErrorReportValve.invoke(ErrorReportValve.java:93)
		at org.apache.catalina.valves.AbstractAccessLogValve.invoke(AbstractAccessLogValve.java:670)
		at org.apache.catalina.core.StandardEngineValve.invoke(StandardEngineValve.java:74)
		at org.apache.catalina.connector.CoyoteAdapter.service(CoyoteAdapter.java:346)
		at org.apache.coyote.http11.Http11Processor.service(Http11Processor.java:390)
		at org.apache.coyote.AbstractProcessorLight.process(AbstractProcessorLight.java:63)
		at org.apache.coyote.AbstractProtocol$ConnectionHandler.process(AbstractProtocol.java:928)
		at org.apache.tomcat.util.net.NioEndpoint$SocketProcessor.doRun(NioEndpoint.java:1786)
		at org.apache.tomcat.util.net.SocketProcessorBase.run(SocketProcessorBase.java:52)
		at org.apache.tomcat.util.threads.ThreadPoolExecutor.runWorker(ThreadPoolExecutor.java:1191)
		at org.apache.tomcat.util.threads.ThreadPoolExecutor$Worker.run(ThreadPoolExecutor.java:659)
		at org.apache.tomcat.util.threads.TaskThread$WrappingRunnable.run(TaskThread.java:63)
		at java.base/java.lang.Thread.run(Thread.java:1583)
20-May-2024 20:43:36.539 SEVERE [http-nio-8082-exec-35] org.apache.catalina.core.StandardWrapperValve.invoke Servlet.service() for servlet [jsp] in context with path [/bermecars] threw exception [Unable to compile class for JSP: 

An error occurred at line: [34] in the jsp file: [/list-users.jsp]
The method getName() is undefined for the type User
31:             <a href="#" type="button" class="btn btn-sm btn-black m-2">
32:                 <div class="d-flex w-100 justify-content-between">
33:                     <h6 class="mb-1">User Nº: <%=user.getId()%></h6>
34:                     <p class="mb-1"><%=user.getName()%></p>
35:                     <p class="mb-1"><%=user.getTelephone()%></p>
36:                     <p class="mb-1"><%=user.getRole()%></p>
37:                 </div>


Stacktrace:] with root cause
	org.apache.jasper.JasperException: Unable to compile class for JSP: 

An error occurred at line: [34] in the jsp file: [/list-users.jsp]
The method getName() is undefined for the type User
31:             <a href="#" type="button" class="btn btn-sm btn-black m-2">
32:                 <div class="d-flex w-100 justify-content-between">
33:                     <h6 class="mb-1">User Nº: <%=user.getId()%></h6>
34:                     <p class="mb-1"><%=user.getName()%></p>
35:                     <p class="mb-1"><%=user.getTelephone()%></p>
36:                     <p class="mb-1"><%=user.getRole()%></p>
37:                 </div>


Stacktrace:
		at org.apache.jasper.compiler.DefaultErrorHandler.javacError(DefaultErrorHandler.java:102)
		at org.apache.jasper.compiler.ErrorDispatcher.javacError(ErrorDispatcher.java:214)
		at org.apache.jasper.compiler.JDTCompiler.generateClass(JDTCompiler.java:542)
		at org.apache.jasper.compiler.Compiler.compile(Compiler.java:398)
		at org.apache.jasper.compiler.Compiler.compile(Compiler.java:368)
		at org.apache.jasper.compiler.Compiler.compile(Compiler.java:352)
		at org.apache.jasper.JspCompilationContext.compile(JspCompilationContext.java:603)
		at org.apache.jasper.servlet.JspServletWrapper.service(JspServletWrapper.java:399)
		at org.apache.jasper.servlet.JspServlet.serviceJspFile(JspServlet.java:379)
		at org.apache.jasper.servlet.JspServlet.service(JspServlet.java:327)
		at javax.servlet.http.HttpServlet.service(HttpServlet.java:623)
		at org.apache.catalina.core.ApplicationFilterChain.internalDoFilter(ApplicationFilterChain.java:210)
		at org.apache.catalina.core.ApplicationFilterChain.doFilter(ApplicationFilterChain.java:154)
		at org.apache.tomcat.websocket.server.WsFilter.doFilter(WsFilter.java:51)
		at org.apache.catalina.core.ApplicationFilterChain.internalDoFilter(ApplicationFilterChain.java:179)
		at org.apache.catalina.core.ApplicationFilterChain.doFilter(ApplicationFilterChain.java:154)
		at org.apache.catalina.core.StandardWrapperValve.invoke(StandardWrapperValve.java:168)
		at org.apache.catalina.core.StandardContextValve.invoke(StandardContextValve.java:90)
		at org.apache.catalina.authenticator.AuthenticatorBase.invoke(AuthenticatorBase.java:481)
		at org.apache.catalina.core.StandardHostValve.invoke(StandardHostValve.java:130)
		at org.apache.catalina.valves.ErrorReportValve.invoke(ErrorReportValve.java:93)
		at org.apache.catalina.valves.AbstractAccessLogValve.invoke(AbstractAccessLogValve.java:670)
		at org.apache.catalina.core.StandardEngineValve.invoke(StandardEngineValve.java:74)
		at org.apache.catalina.connector.CoyoteAdapter.service(CoyoteAdapter.java:346)
		at org.apache.coyote.http11.Http11Processor.service(Http11Processor.java:390)
		at org.apache.coyote.AbstractProcessorLight.process(AbstractProcessorLight.java:63)
		at org.apache.coyote.AbstractProtocol$ConnectionHandler.process(AbstractProtocol.java:928)
		at org.apache.tomcat.util.net.NioEndpoint$SocketProcessor.doRun(NioEndpoint.java:1786)
		at org.apache.tomcat.util.net.SocketProcessorBase.run(SocketProcessorBase.java:52)
		at org.apache.tomcat.util.threads.ThreadPoolExecutor.runWorker(ThreadPoolExecutor.java:1191)
		at org.apache.tomcat.util.threads.ThreadPoolExecutor$Worker.run(ThreadPoolExecutor.java:659)
		at org.apache.tomcat.util.threads.TaskThread$WrappingRunnable.run(TaskThread.java:63)
		at java.base/java.lang.Thread.run(Thread.java:1583)
20-May-2024 20:51:59.839 SEVERE [http-nio-8082-exec-71] org.apache.catalina.core.StandardWrapperValve.invoke Servlet.service() for servlet [jsp] in context with path [/bermecars] threw exception [Unable to compile class for JSP: 

An error occurred at line: [31] in the jsp file: [/list-users.jsp]
car cannot be resolved
28:             <%
29:                 for (User user : users) {
30:             %>
31:             <a href="edit-users.jsp?id=<%= car.getId() %>" type="button" class="btn btn-sm btn-black m-2">
32:                 <div class="d-flex w-100 justify-content-between">
33:                     <h6 class="mb-1">User Nº: <%=user.getId()%></h6>
34:                     <p class="mb-1"><%=user.getUsername()%></p>


Stacktrace:] with root cause
	org.apache.jasper.JasperException: Unable to compile class for JSP: 

An error occurred at line: [31] in the jsp file: [/list-users.jsp]
car cannot be resolved
28:             <%
29:                 for (User user : users) {
30:             %>
31:             <a href="edit-users.jsp?id=<%= car.getId() %>" type="button" class="btn btn-sm btn-black m-2">
32:                 <div class="d-flex w-100 justify-content-between">
33:                     <h6 class="mb-1">User Nº: <%=user.getId()%></h6>
34:                     <p class="mb-1"><%=user.getUsername()%></p>


Stacktrace:
		at org.apache.jasper.compiler.DefaultErrorHandler.javacError(DefaultErrorHandler.java:102)
		at org.apache.jasper.compiler.ErrorDispatcher.javacError(ErrorDispatcher.java:214)
		at org.apache.jasper.compiler.JDTCompiler.generateClass(JDTCompiler.java:542)
		at org.apache.jasper.compiler.Compiler.compile(Compiler.java:398)
		at org.apache.jasper.compiler.Compiler.compile(Compiler.java:368)
		at org.apache.jasper.compiler.Compiler.compile(Compiler.java:352)
		at org.apache.jasper.JspCompilationContext.compile(JspCompilationContext.java:603)
		at org.apache.jasper.servlet.JspServletWrapper.service(JspServletWrapper.java:399)
		at org.apache.jasper.servlet.JspServlet.serviceJspFile(JspServlet.java:379)
		at org.apache.jasper.servlet.JspServlet.service(JspServlet.java:327)
		at javax.servlet.http.HttpServlet.service(HttpServlet.java:623)
		at org.apache.catalina.core.ApplicationFilterChain.internalDoFilter(ApplicationFilterChain.java:210)
		at org.apache.catalina.core.ApplicationFilterChain.doFilter(ApplicationFilterChain.java:154)
		at org.apache.tomcat.websocket.server.WsFilter.doFilter(WsFilter.java:51)
		at org.apache.catalina.core.ApplicationFilterChain.internalDoFilter(ApplicationFilterChain.java:179)
		at org.apache.catalina.core.ApplicationFilterChain.doFilter(ApplicationFilterChain.java:154)
		at org.apache.catalina.core.StandardWrapperValve.invoke(StandardWrapperValve.java:168)
		at org.apache.catalina.core.StandardContextValve.invoke(StandardContextValve.java:90)
		at org.apache.catalina.authenticator.AuthenticatorBase.invoke(AuthenticatorBase.java:481)
		at org.apache.catalina.core.StandardHostValve.invoke(StandardHostValve.java:130)
		at org.apache.catalina.valves.ErrorReportValve.invoke(ErrorReportValve.java:93)
		at org.apache.catalina.valves.AbstractAccessLogValve.invoke(AbstractAccessLogValve.java:670)
		at org.apache.catalina.core.StandardEngineValve.invoke(StandardEngineValve.java:74)
		at org.apache.catalina.connector.CoyoteAdapter.service(CoyoteAdapter.java:346)
		at org.apache.coyote.http11.Http11Processor.service(Http11Processor.java:390)
		at org.apache.coyote.AbstractProcessorLight.process(AbstractProcessorLight.java:63)
		at org.apache.coyote.AbstractProtocol$ConnectionHandler.process(AbstractProtocol.java:928)
		at org.apache.tomcat.util.net.NioEndpoint$SocketProcessor.doRun(NioEndpoint.java:1786)
		at org.apache.tomcat.util.net.SocketProcessorBase.run(SocketProcessorBase.java:52)
		at org.apache.tomcat.util.threads.ThreadPoolExecutor.runWorker(ThreadPoolExecutor.java:1191)
		at org.apache.tomcat.util.threads.ThreadPoolExecutor$Worker.run(ThreadPoolExecutor.java:659)
		at org.apache.tomcat.util.threads.TaskThread$WrappingRunnable.run(TaskThread.java:63)
		at java.base/java.lang.Thread.run(Thread.java:1583)
