05-May-2024 10:52:13.848 INFO [http-nio-8082-exec-6] org.apache.catalina.core.ApplicationContext.log Manager: init: Associated with Deployer 'Catalina:type=Deployer,host=localhost'
05-May-2024 10:52:13.848 INFO [http-nio-8082-exec-6] org.apache.catalina.core.ApplicationContext.log Manager: init: Global resources are available
05-May-2024 10:52:13.850 INFO [http-nio-8082-exec-6] org.apache.catalina.core.ApplicationContext.log Manager: deploy: Deploying web application '/bermecars'
05-May-2024 10:52:13.850 INFO [http-nio-8082-exec-6] org.apache.catalina.core.ApplicationContext.log Manager: Uploading WAR file to C:\Users\jimmy\Desktop\apache-tomcat-9.0.87\webapps\bermecars.war.tmp
05-May-2024 11:01:34.984 INFO [http-nio-8082-exec-12] org.apache.catalina.core.ApplicationContext.log Manager: deploy: Deploying web application '/bermecars'
05-May-2024 11:01:34.984 INFO [http-nio-8082-exec-12] org.apache.catalina.core.ApplicationContext.log Manager: Uploading WAR file to C:\Users\jimmy\Desktop\apache-tomcat-9.0.87\webapps\bermecars.war.tmp
05-May-2024 15:52:37.865 INFO [http-nio-8082-exec-1] org.apache.catalina.core.ApplicationContext.log Manager: init: Associated with Deployer 'Catalina:type=Deployer,host=localhost'
05-May-2024 15:52:37.865 INFO [http-nio-8082-exec-1] org.apache.catalina.core.ApplicationContext.log Manager: init: Global resources are available
05-May-2024 15:52:37.870 INFO [http-nio-8082-exec-1] org.apache.catalina.core.ApplicationContext.log Manager: deploy: Deploying web application '/bermecars'
05-May-2024 15:52:37.870 INFO [http-nio-8082-exec-1] org.apache.catalina.core.ApplicationContext.log Manager: Uploading WAR file to C:\Users\jimmy\Desktop\apache-tomcat-9.0.87\webapps\bermecars.war.tmp
05-May-2024 16:00:06.237 INFO [http-nio-8082-exec-14] org.apache.catalina.core.ApplicationContext.log Manager: deploy: Deploying web application '/bermecars'
05-May-2024 16:00:06.237 INFO [http-nio-8082-exec-14] org.apache.catalina.core.ApplicationContext.log Manager: Uploading WAR file to C:\Users\jimmy\Desktop\apache-tomcat-9.0.87\webapps\bermecars.war.tmp
05-May-2024 16:01:17.257 INFO [http-nio-8082-exec-21] org.apache.catalina.core.ApplicationContext.log Manager: deploy: Deploying web application '/bermecars'
05-May-2024 16:01:17.257 INFO [http-nio-8082-exec-21] org.apache.catalina.core.ApplicationContext.log Manager: Uploading WAR file to C:\Users\jimmy\Desktop\apache-tomcat-9.0.87\webapps\bermecars.war.tmp
05-May-2024 16:02:15.848 INFO [http-nio-8082-exec-1] org.apache.catalina.core.ApplicationContext.log Manager: init: Associated with Deployer 'Catalina:type=Deployer,host=localhost'
05-May-2024 16:02:15.848 INFO [http-nio-8082-exec-1] org.apache.catalina.core.ApplicationContext.log Manager: init: Global resources are available
05-May-2024 16:02:15.853 INFO [http-nio-8082-exec-1] org.apache.catalina.core.ApplicationContext.log Manager: deploy: Deploying web application '/bermecars'
05-May-2024 16:02:15.853 INFO [http-nio-8082-exec-1] org.apache.catalina.core.ApplicationContext.log Manager: Uploading WAR file to C:\Users\jimmy\Desktop\apache-tomcat-9.0.87\webapps\bermecars.war.tmp
05-May-2024 16:08:46.839 INFO [http-nio-8082-exec-13] org.apache.catalina.core.ApplicationContext.log Manager: deploy: Deploying web application '/bermecars'
05-May-2024 16:08:46.839 INFO [http-nio-8082-exec-13] org.apache.catalina.core.ApplicationContext.log Manager: Uploading WAR file to C:\Users\jimmy\Desktop\apache-tomcat-9.0.87\webapps\bermecars.war.tmp
05-May-2024 16:19:36.172 INFO [http-nio-8082-exec-21] org.apache.catalina.core.ApplicationContext.log Manager: deploy: Deploying web application '/bermecars'
05-May-2024 16:19:36.173 INFO [http-nio-8082-exec-21] org.apache.catalina.core.ApplicationContext.log Manager: Uploading WAR file to C:\Users\jimmy\Desktop\apache-tomcat-9.0.87\webapps\bermecars.war.tmp
05-May-2024 16:20:44.831 INFO [http-nio-8082-exec-26] org.apache.catalina.core.ApplicationContext.log Manager: deploy: Deploying web application '/bermecars'
05-May-2024 16:20:44.832 INFO [http-nio-8082-exec-26] org.apache.catalina.core.ApplicationContext.log Manager: Uploading WAR file to C:\Users\jimmy\Desktop\apache-tomcat-9.0.87\webapps\bermecars.war.tmp
05-May-2024 16:24:18.457 INFO [http-nio-8082-exec-40] org.apache.catalina.core.ApplicationContext.log Manager: deploy: Deploying web application '/bermecars'
05-May-2024 16:24:18.457 INFO [http-nio-8082-exec-40] org.apache.catalina.core.ApplicationContext.log Manager: Uploading WAR file to C:\Users\jimmy\Desktop\apache-tomcat-9.0.87\webapps\bermecars.war.tmp
05-May-2024 16:26:00.148 INFO [http-nio-8082-exec-49] org.apache.catalina.core.ApplicationContext.log Manager: deploy: Deploying web application '/bermecars'
05-May-2024 16:26:00.148 INFO [http-nio-8082-exec-49] org.apache.catalina.core.ApplicationContext.log Manager: Uploading WAR file to C:\Users\jimmy\Desktop\apache-tomcat-9.0.87\webapps\bermecars.war.tmp
05-May-2024 16:26:11.686 INFO [http-nio-8082-exec-52] org.apache.catalina.core.ApplicationContext.log Manager: deploy: Deploying web application '/bermecars'
05-May-2024 16:26:11.686 INFO [http-nio-8082-exec-52] org.apache.catalina.core.ApplicationContext.log Manager: Uploading WAR file to C:\Users\jimmy\Desktop\apache-tomcat-9.0.87\webapps\bermecars.war.tmp
05-May-2024 16:27:59.006 INFO [http-nio-8082-exec-64] org.apache.catalina.core.ApplicationContext.log Manager: deploy: Deploying web application '/bermecars'
05-May-2024 16:27:59.006 INFO [http-nio-8082-exec-64] org.apache.catalina.core.ApplicationContext.log Manager: Uploading WAR file to C:\Users\jimmy\Desktop\apache-tomcat-9.0.87\webapps\bermecars.war.tmp
05-May-2024 16:28:25.095 INFO [http-nio-8082-exec-63] org.apache.catalina.core.ApplicationContext.log Manager: deploy: Deploying web application '/bermecars'
05-May-2024 16:28:25.095 INFO [http-nio-8082-exec-63] org.apache.catalina.core.ApplicationContext.log Manager: Uploading WAR file to C:\Users\jimmy\Desktop\apache-tomcat-9.0.87\webapps\bermecars.war.tmp
05-May-2024 16:30:10.500 INFO [http-nio-8082-exec-71] org.apache.catalina.core.ApplicationContext.log Manager: deploy: Deploying web application '/bermecars'
05-May-2024 16:30:10.500 INFO [http-nio-8082-exec-71] org.apache.catalina.core.ApplicationContext.log Manager: Uploading WAR file to C:\Users\jimmy\Desktop\apache-tomcat-9.0.87\webapps\bermecars.war.tmp
05-May-2024 16:32:03.737 INFO [http-nio-8082-exec-80] org.apache.catalina.core.ApplicationContext.log Manager: deploy: Deploying web application '/bermecars'
05-May-2024 16:32:03.737 INFO [http-nio-8082-exec-80] org.apache.catalina.core.ApplicationContext.log Manager: Uploading WAR file to C:\Users\jimmy\Desktop\apache-tomcat-9.0.87\webapps\bermecars.war.tmp
05-May-2024 16:47:43.127 INFO [http-nio-8082-exec-86] org.apache.catalina.core.ApplicationContext.log Manager: deploy: Deploying web application '/bermecars'
05-May-2024 16:47:43.127 INFO [http-nio-8082-exec-86] org.apache.catalina.core.ApplicationContext.log Manager: Uploading WAR file to C:\Users\jimmy\Desktop\apache-tomcat-9.0.87\webapps\bermecars.war.tmp
05-May-2024 16:48:57.300 INFO [http-nio-8082-exec-88] org.apache.catalina.core.ApplicationContext.log Manager: deploy: Deploying web application '/bermecars'
05-May-2024 16:48:57.300 INFO [http-nio-8082-exec-88] org.apache.catalina.core.ApplicationContext.log Manager: Uploading WAR file to C:\Users\jimmy\Desktop\apache-tomcat-9.0.87\webapps\bermecars.war.tmp
05-May-2024 16:54:43.463 INFO [http-nio-8082-exec-107] org.apache.catalina.core.ApplicationContext.log Manager: deploy: Deploying web application '/bermecars'
05-May-2024 16:54:43.463 INFO [http-nio-8082-exec-107] org.apache.catalina.core.ApplicationContext.log Manager: Uploading WAR file to C:\Users\jimmy\Desktop\apache-tomcat-9.0.87\webapps\bermecars.war.tmp
05-May-2024 16:54:59.995 INFO [http-nio-8082-exec-106] org.apache.catalina.core.ApplicationContext.log Manager: deploy: Deploying web application '/bermecars'
05-May-2024 16:54:59.995 INFO [http-nio-8082-exec-106] org.apache.catalina.core.ApplicationContext.log Manager: Uploading WAR file to C:\Users\jimmy\Desktop\apache-tomcat-9.0.87\webapps\bermecars.war.tmp
05-May-2024 16:56:06.435 INFO [http-nio-8082-exec-113] org.apache.catalina.core.ApplicationContext.log Manager: deploy: Deploying web application '/bermecars'
05-May-2024 16:56:06.436 INFO [http-nio-8082-exec-113] org.apache.catalina.core.ApplicationContext.log Manager: Uploading WAR file to C:\Users\jimmy\Desktop\apache-tomcat-9.0.87\webapps\bermecars.war.tmp
05-May-2024 16:57:51.353 INFO [http-nio-8082-exec-120] org.apache.catalina.core.ApplicationContext.log Manager: deploy: Deploying web application '/bermecars'
05-May-2024 16:57:51.354 INFO [http-nio-8082-exec-120] org.apache.catalina.core.ApplicationContext.log Manager: Uploading WAR file to C:\Users\jimmy\Desktop\apache-tomcat-9.0.87\webapps\bermecars.war.tmp
05-May-2024 16:59:59.990 INFO [http-nio-8082-exec-128] org.apache.catalina.core.ApplicationContext.log Manager: deploy: Deploying web application '/bermecars'
05-May-2024 16:59:59.990 INFO [http-nio-8082-exec-128] org.apache.catalina.core.ApplicationContext.log Manager: Uploading WAR file to C:\Users\jimmy\Desktop\apache-tomcat-9.0.87\webapps\bermecars.war.tmp
05-May-2024 17:00:16.679 INFO [http-nio-8082-exec-136] org.apache.catalina.core.ApplicationContext.log Manager: deploy: Deploying web application '/bermecars'
05-May-2024 17:00:16.679 INFO [http-nio-8082-exec-136] org.apache.catalina.core.ApplicationContext.log Manager: Uploading WAR file to C:\Users\jimmy\Desktop\apache-tomcat-9.0.87\webapps\bermecars.war.tmp
05-May-2024 17:01:18.880 INFO [http-nio-8082-exec-139] org.apache.catalina.core.ApplicationContext.log Manager: deploy: Deploying web application '/bermecars'
05-May-2024 17:01:18.880 INFO [http-nio-8082-exec-139] org.apache.catalina.core.ApplicationContext.log Manager: Uploading WAR file to C:\Users\jimmy\Desktop\apache-tomcat-9.0.87\webapps\bermecars.war.tmp
05-May-2024 17:01:24.421 INFO [http-nio-8082-exec-133] org.apache.catalina.core.ApplicationContext.log Manager: deploy: Deploying web application '/bermecars'
05-May-2024 17:01:24.421 INFO [http-nio-8082-exec-133] org.apache.catalina.core.ApplicationContext.log Manager: Uploading WAR file to C:\Users\jimmy\Desktop\apache-tomcat-9.0.87\webapps\bermecars.war.tmp
05-May-2024 17:02:03.270 INFO [http-nio-8082-exec-148] org.apache.catalina.core.ApplicationContext.log Manager: deploy: Deploying web application '/bermecars'
05-May-2024 17:02:03.270 INFO [http-nio-8082-exec-148] org.apache.catalina.core.ApplicationContext.log Manager: Uploading WAR file to C:\Users\jimmy\Desktop\apache-tomcat-9.0.87\webapps\bermecars.war.tmp
05-May-2024 17:03:02.718 INFO [http-nio-8082-exec-147] org.apache.catalina.core.ApplicationContext.log Manager: deploy: Deploying web application '/bermecars'
05-May-2024 17:03:02.718 INFO [http-nio-8082-exec-147] org.apache.catalina.core.ApplicationContext.log Manager: Uploading WAR file to C:\Users\jimmy\Desktop\apache-tomcat-9.0.87\webapps\bermecars.war.tmp
05-May-2024 17:03:23.629 INFO [http-nio-8082-exec-156] org.apache.catalina.core.ApplicationContext.log Manager: deploy: Deploying web application '/bermecars'
05-May-2024 17:03:23.630 INFO [http-nio-8082-exec-156] org.apache.catalina.core.ApplicationContext.log Manager: Uploading WAR file to C:\Users\jimmy\Desktop\apache-tomcat-9.0.87\webapps\bermecars.war.tmp
05-May-2024 17:04:16.895 INFO [http-nio-8082-exec-153] org.apache.catalina.core.ApplicationContext.log Manager: deploy: Deploying web application '/bermecars'
05-May-2024 17:04:16.896 INFO [http-nio-8082-exec-153] org.apache.catalina.core.ApplicationContext.log Manager: Uploading WAR file to C:\Users\jimmy\Desktop\apache-tomcat-9.0.87\webapps\bermecars.war.tmp
05-May-2024 17:04:54.381 INFO [http-nio-8082-exec-158] org.apache.catalina.core.ApplicationContext.log Manager: deploy: Deploying web application '/bermecars'
05-May-2024 17:04:54.381 INFO [http-nio-8082-exec-158] org.apache.catalina.core.ApplicationContext.log Manager: Uploading WAR file to C:\Users\jimmy\Desktop\apache-tomcat-9.0.87\webapps\bermecars.war.tmp
05-May-2024 17:05:37.907 INFO [http-nio-8082-exec-164] org.apache.catalina.core.ApplicationContext.log Manager: deploy: Deploying web application '/bermecars'
05-May-2024 17:05:37.907 INFO [http-nio-8082-exec-164] org.apache.catalina.core.ApplicationContext.log Manager: Uploading WAR file to C:\Users\jimmy\Desktop\apache-tomcat-9.0.87\webapps\bermecars.war.tmp
05-May-2024 17:06:13.175 INFO [http-nio-8082-exec-168] org.apache.catalina.core.ApplicationContext.log Manager: deploy: Deploying web application '/bermecars'
05-May-2024 17:06:13.175 INFO [http-nio-8082-exec-168] org.apache.catalina.core.ApplicationContext.log Manager: Uploading WAR file to C:\Users\jimmy\Desktop\apache-tomcat-9.0.87\webapps\bermecars.war.tmp
05-May-2024 17:09:47.864 INFO [http-nio-8082-exec-175] org.apache.catalina.core.ApplicationContext.log Manager: deploy: Deploying web application '/bermecars'
05-May-2024 17:09:47.865 INFO [http-nio-8082-exec-175] org.apache.catalina.core.ApplicationContext.log Manager: Uploading WAR file to C:\Users\jimmy\Desktop\apache-tomcat-9.0.87\webapps\bermecars.war.tmp
05-May-2024 17:10:26.394 INFO [http-nio-8082-exec-171] org.apache.catalina.core.ApplicationContext.log Manager: deploy: Deploying web application '/bermecars'
05-May-2024 17:10:26.394 INFO [http-nio-8082-exec-171] org.apache.catalina.core.ApplicationContext.log Manager: Uploading WAR file to C:\Users\jimmy\Desktop\apache-tomcat-9.0.87\webapps\bermecars.war.tmp
05-May-2024 17:10:41.807 INFO [http-nio-8082-exec-178] org.apache.catalina.core.ApplicationContext.log Manager: deploy: Deploying web application '/bermecars'
05-May-2024 17:10:41.807 INFO [http-nio-8082-exec-178] org.apache.catalina.core.ApplicationContext.log Manager: Uploading WAR file to C:\Users\jimmy\Desktop\apache-tomcat-9.0.87\webapps\bermecars.war.tmp
05-May-2024 17:11:08.806 INFO [http-nio-8082-exec-177] org.apache.catalina.core.ApplicationContext.log Manager: deploy: Deploying web application '/bermecars'
05-May-2024 17:11:08.806 INFO [http-nio-8082-exec-177] org.apache.catalina.core.ApplicationContext.log Manager: Uploading WAR file to C:\Users\jimmy\Desktop\apache-tomcat-9.0.87\webapps\bermecars.war.tmp
05-May-2024 17:12:25.756 INFO [http-nio-8082-exec-190] org.apache.catalina.core.ApplicationContext.log Manager: deploy: Deploying web application '/bermecars'
05-May-2024 17:12:25.756 INFO [http-nio-8082-exec-190] org.apache.catalina.core.ApplicationContext.log Manager: Uploading WAR file to C:\Users\jimmy\Desktop\apache-tomcat-9.0.87\webapps\bermecars.war.tmp
05-May-2024 17:12:42.900 INFO [http-nio-8082-exec-193] org.apache.catalina.core.ApplicationContext.log Manager: deploy: Deploying web application '/bermecars'
05-May-2024 17:12:42.901 INFO [http-nio-8082-exec-193] org.apache.catalina.core.ApplicationContext.log Manager: Uploading WAR file to C:\Users\jimmy\Desktop\apache-tomcat-9.0.87\webapps\bermecars.war.tmp
05-May-2024 17:13:23.181 INFO [http-nio-8082-exec-186] org.apache.catalina.core.ApplicationContext.log Manager: deploy: Deploying web application '/bermecars'
05-May-2024 17:13:23.181 INFO [http-nio-8082-exec-186] org.apache.catalina.core.ApplicationContext.log Manager: Uploading WAR file to C:\Users\jimmy\Desktop\apache-tomcat-9.0.87\webapps\bermecars.war.tmp
05-May-2024 17:13:46.278 INFO [http-nio-8082-exec-192] org.apache.catalina.core.ApplicationContext.log Manager: deploy: Deploying web application '/bermecars'
05-May-2024 17:13:46.279 INFO [http-nio-8082-exec-192] org.apache.catalina.core.ApplicationContext.log Manager: Uploading WAR file to C:\Users\jimmy\Desktop\apache-tomcat-9.0.87\webapps\bermecars.war.tmp
05-May-2024 17:13:53.782 INFO [http-nio-8082-exec-200] org.apache.catalina.core.ApplicationContext.log Manager: deploy: Deploying web application '/bermecars'
05-May-2024 17:13:53.782 INFO [http-nio-8082-exec-200] org.apache.catalina.core.ApplicationContext.log Manager: Uploading WAR file to C:\Users\jimmy\Desktop\apache-tomcat-9.0.87\webapps\bermecars.war.tmp
05-May-2024 17:14:03.426 INFO [http-nio-8082-exec-195] org.apache.catalina.core.ApplicationContext.log Manager: deploy: Deploying web application '/bermecars'
05-May-2024 17:14:03.428 INFO [http-nio-8082-exec-195] org.apache.catalina.core.ApplicationContext.log Manager: Uploading WAR file to C:\Users\jimmy\Desktop\apache-tomcat-9.0.87\webapps\bermecars.war.tmp
05-May-2024 17:14:28.665 INFO [http-nio-8082-exec-204] org.apache.catalina.core.ApplicationContext.log Manager: deploy: Deploying web application '/bermecars'
05-May-2024 17:14:28.665 INFO [http-nio-8082-exec-204] org.apache.catalina.core.ApplicationContext.log Manager: Uploading WAR file to C:\Users\jimmy\Desktop\apache-tomcat-9.0.87\webapps\bermecars.war.tmp
05-May-2024 17:14:53.558 INFO [http-nio-8082-exec-212] org.apache.catalina.core.ApplicationContext.log Manager: deploy: Deploying web application '/bermecars'
05-May-2024 17:14:53.558 INFO [http-nio-8082-exec-212] org.apache.catalina.core.ApplicationContext.log Manager: Uploading WAR file to C:\Users\jimmy\Desktop\apache-tomcat-9.0.87\webapps\bermecars.war.tmp
05-May-2024 17:15:10.019 INFO [http-nio-8082-exec-213] org.apache.catalina.core.ApplicationContext.log Manager: deploy: Deploying web application '/bermecars'
05-May-2024 17:15:10.019 INFO [http-nio-8082-exec-213] org.apache.catalina.core.ApplicationContext.log Manager: Uploading WAR file to C:\Users\jimmy\Desktop\apache-tomcat-9.0.87\webapps\bermecars.war.tmp
05-May-2024 17:15:24.744 INFO [http-nio-8082-exec-217] org.apache.catalina.core.ApplicationContext.log Manager: deploy: Deploying web application '/bermecars'
05-May-2024 17:15:24.745 INFO [http-nio-8082-exec-217] org.apache.catalina.core.ApplicationContext.log Manager: Uploading WAR file to C:\Users\jimmy\Desktop\apache-tomcat-9.0.87\webapps\bermecars.war.tmp
05-May-2024 17:15:31.225 INFO [http-nio-8082-exec-224] org.apache.catalina.core.ApplicationContext.log Manager: deploy: Deploying web application '/bermecars'
05-May-2024 17:15:31.225 INFO [http-nio-8082-exec-224] org.apache.catalina.core.ApplicationContext.log Manager: Uploading WAR file to C:\Users\jimmy\Desktop\apache-tomcat-9.0.87\webapps\bermecars.war.tmp
05-May-2024 17:15:49.951 INFO [http-nio-8082-exec-198] org.apache.catalina.core.ApplicationContext.log Manager: deploy: Deploying web application '/bermecars'
05-May-2024 17:15:49.951 INFO [http-nio-8082-exec-198] org.apache.catalina.core.ApplicationContext.log Manager: Uploading WAR file to C:\Users\jimmy\Desktop\apache-tomcat-9.0.87\webapps\bermecars.war.tmp
05-May-2024 17:16:02.201 INFO [http-nio-8082-exec-225] org.apache.catalina.core.ApplicationContext.log Manager: deploy: Deploying web application '/bermecars'
05-May-2024 17:16:02.201 INFO [http-nio-8082-exec-225] org.apache.catalina.core.ApplicationContext.log Manager: Uploading WAR file to C:\Users\jimmy\Desktop\apache-tomcat-9.0.87\webapps\bermecars.war.tmp
05-May-2024 17:16:58.250 INFO [http-nio-8082-exec-231] org.apache.catalina.core.ApplicationContext.log Manager: deploy: Deploying web application '/bermecars'
05-May-2024 17:16:58.250 INFO [http-nio-8082-exec-231] org.apache.catalina.core.ApplicationContext.log Manager: Uploading WAR file to C:\Users\jimmy\Desktop\apache-tomcat-9.0.87\webapps\bermecars.war.tmp
05-May-2024 17:17:23.079 INFO [http-nio-8082-exec-228] org.apache.catalina.core.ApplicationContext.log Manager: deploy: Deploying web application '/bermecars'
05-May-2024 17:17:23.079 INFO [http-nio-8082-exec-228] org.apache.catalina.core.ApplicationContext.log Manager: Uploading WAR file to C:\Users\jimmy\Desktop\apache-tomcat-9.0.87\webapps\bermecars.war.tmp
05-May-2024 17:17:49.486 INFO [http-nio-8082-exec-236] org.apache.catalina.core.ApplicationContext.log Manager: deploy: Deploying web application '/bermecars'
05-May-2024 17:17:49.486 INFO [http-nio-8082-exec-236] org.apache.catalina.core.ApplicationContext.log Manager: Uploading WAR file to C:\Users\jimmy\Desktop\apache-tomcat-9.0.87\webapps\bermecars.war.tmp
05-May-2024 17:18:01.771 INFO [http-nio-8082-exec-240] org.apache.catalina.core.ApplicationContext.log Manager: deploy: Deploying web application '/bermecars'
05-May-2024 17:18:01.772 INFO [http-nio-8082-exec-240] org.apache.catalina.core.ApplicationContext.log Manager: Uploading WAR file to C:\Users\jimmy\Desktop\apache-tomcat-9.0.87\webapps\bermecars.war.tmp
05-May-2024 17:23:06.182 INFO [http-nio-8082-exec-247] org.apache.catalina.core.ApplicationContext.log Manager: deploy: Deploying web application '/bermecars'
05-May-2024 17:23:06.182 INFO [http-nio-8082-exec-247] org.apache.catalina.core.ApplicationContext.log Manager: Uploading WAR file to C:\Users\jimmy\Desktop\apache-tomcat-9.0.87\webapps\bermecars.war.tmp
05-May-2024 17:24:48.698 INFO [http-nio-8082-exec-254] org.apache.catalina.core.ApplicationContext.log Manager: deploy: Deploying web application '/bermecars'
05-May-2024 17:24:48.699 INFO [http-nio-8082-exec-254] org.apache.catalina.core.ApplicationContext.log Manager: Uploading WAR file to C:\Users\jimmy\Desktop\apache-tomcat-9.0.87\webapps\bermecars.war.tmp
05-May-2024 17:25:24.172 INFO [http-nio-8082-exec-258] org.apache.catalina.core.ApplicationContext.log Manager: deploy: Deploying web application '/bermecars'
05-May-2024 17:25:24.172 INFO [http-nio-8082-exec-258] org.apache.catalina.core.ApplicationContext.log Manager: Uploading WAR file to C:\Users\jimmy\Desktop\apache-tomcat-9.0.87\webapps\bermecars.war.tmp
05-May-2024 17:26:29.918 INFO [http-nio-8082-exec-266] org.apache.catalina.core.ApplicationContext.log Manager: deploy: Deploying web application '/bermecars'
05-May-2024 17:26:29.918 INFO [http-nio-8082-exec-266] org.apache.catalina.core.ApplicationContext.log Manager: Uploading WAR file to C:\Users\jimmy\Desktop\apache-tomcat-9.0.87\webapps\bermecars.war.tmp
05-May-2024 17:30:59.667 INFO [http-nio-8082-exec-274] org.apache.catalina.core.ApplicationContext.log Manager: deploy: Deploying web application '/bermecars'
05-May-2024 17:30:59.667 INFO [http-nio-8082-exec-274] org.apache.catalina.core.ApplicationContext.log Manager: Uploading WAR file to C:\Users\jimmy\Desktop\apache-tomcat-9.0.87\webapps\bermecars.war.tmp
05-May-2024 17:31:07.171 INFO [http-nio-8082-exec-275] org.apache.catalina.core.ApplicationContext.log Manager: deploy: Deploying web application '/bermecars'
05-May-2024 17:31:07.171 INFO [http-nio-8082-exec-275] org.apache.catalina.core.ApplicationContext.log Manager: Uploading WAR file to C:\Users\jimmy\Desktop\apache-tomcat-9.0.87\webapps\bermecars.war.tmp
05-May-2024 17:31:49.180 INFO [http-nio-8082-exec-276] org.apache.catalina.core.ApplicationContext.log Manager: deploy: Deploying web application '/bermecars'
05-May-2024 17:31:49.180 INFO [http-nio-8082-exec-276] org.apache.catalina.core.ApplicationContext.log Manager: Uploading WAR file to C:\Users\jimmy\Desktop\apache-tomcat-9.0.87\webapps\bermecars.war.tmp
05-May-2024 17:32:49.881 INFO [http-nio-8082-exec-289] org.apache.catalina.core.ApplicationContext.log Manager: deploy: Deploying web application '/bermecars'
05-May-2024 17:32:49.881 INFO [http-nio-8082-exec-289] org.apache.catalina.core.ApplicationContext.log Manager: Uploading WAR file to C:\Users\jimmy\Desktop\apache-tomcat-9.0.87\webapps\bermecars.war.tmp
05-May-2024 17:33:13.451 INFO [http-nio-8082-exec-285] org.apache.catalina.core.ApplicationContext.log Manager: deploy: Deploying web application '/bermecars'
05-May-2024 17:33:13.451 INFO [http-nio-8082-exec-285] org.apache.catalina.core.ApplicationContext.log Manager: Uploading WAR file to C:\Users\jimmy\Desktop\apache-tomcat-9.0.87\webapps\bermecars.war.tmp
05-May-2024 17:33:56.263 INFO [http-nio-8082-exec-297] org.apache.catalina.core.ApplicationContext.log Manager: deploy: Deploying web application '/bermecars'
05-May-2024 17:33:56.263 INFO [http-nio-8082-exec-297] org.apache.catalina.core.ApplicationContext.log Manager: Uploading WAR file to C:\Users\jimmy\Desktop\apache-tomcat-9.0.87\webapps\bermecars.war.tmp
05-May-2024 17:34:47.317 INFO [http-nio-8082-exec-292] org.apache.catalina.core.ApplicationContext.log Manager: deploy: Deploying web application '/bermecars'
05-May-2024 17:34:47.317 INFO [http-nio-8082-exec-292] org.apache.catalina.core.ApplicationContext.log Manager: Uploading WAR file to C:\Users\jimmy\Desktop\apache-tomcat-9.0.87\webapps\bermecars.war.tmp
05-May-2024 17:35:32.313 INFO [http-nio-8082-exec-312] org.apache.catalina.core.ApplicationContext.log Manager: deploy: Deploying web application '/bermecars'
05-May-2024 17:35:32.313 INFO [http-nio-8082-exec-312] org.apache.catalina.core.ApplicationContext.log Manager: Uploading WAR file to C:\Users\jimmy\Desktop\apache-tomcat-9.0.87\webapps\bermecars.war.tmp
05-May-2024 17:36:20.561 INFO [http-nio-8082-exec-307] org.apache.catalina.core.ApplicationContext.log Manager: deploy: Deploying web application '/bermecars'
05-May-2024 17:36:20.561 INFO [http-nio-8082-exec-307] org.apache.catalina.core.ApplicationContext.log Manager: Uploading WAR file to C:\Users\jimmy\Desktop\apache-tomcat-9.0.87\webapps\bermecars.war.tmp
05-May-2024 17:37:21.013 INFO [http-nio-8082-exec-320] org.apache.catalina.core.ApplicationContext.log Manager: deploy: Deploying web application '/bermecars'
05-May-2024 17:37:21.013 INFO [http-nio-8082-exec-320] org.apache.catalina.core.ApplicationContext.log Manager: Uploading WAR file to C:\Users\jimmy\Desktop\apache-tomcat-9.0.87\webapps\bermecars.war.tmp
05-May-2024 17:37:58.687 INFO [http-nio-8082-exec-326] org.apache.catalina.core.ApplicationContext.log Manager: deploy: Deploying web application '/bermecars'
05-May-2024 17:37:58.687 INFO [http-nio-8082-exec-326] org.apache.catalina.core.ApplicationContext.log Manager: Uploading WAR file to C:\Users\jimmy\Desktop\apache-tomcat-9.0.87\webapps\bermecars.war.tmp
05-May-2024 17:38:34.259 INFO [http-nio-8082-exec-331] org.apache.catalina.core.ApplicationContext.log Manager: deploy: Deploying web application '/bermecars'
05-May-2024 17:38:34.259 INFO [http-nio-8082-exec-331] org.apache.catalina.core.ApplicationContext.log Manager: Uploading WAR file to C:\Users\jimmy\Desktop\apache-tomcat-9.0.87\webapps\bermecars.war.tmp
05-May-2024 20:15:24.742 INFO [http-nio-8082-exec-345] org.apache.catalina.core.ApplicationContext.log Manager: deploy: Deploying web application '/bermecars'
05-May-2024 20:15:24.743 INFO [http-nio-8082-exec-345] org.apache.catalina.core.ApplicationContext.log Manager: Uploading WAR file to C:\Users\jimmy\Desktop\apache-tomcat-9.0.87\webapps\bermecars.war.tmp
05-May-2024 20:27:27.162 INFO [http-nio-8082-exec-349] org.apache.catalina.core.ApplicationContext.log Manager: deploy: Deploying web application '/bermecars'
05-May-2024 20:27:27.163 INFO [http-nio-8082-exec-349] org.apache.catalina.core.ApplicationContext.log Manager: Uploading WAR file to C:\Users\jimmy\Desktop\apache-tomcat-9.0.87\webapps\bermecars.war.tmp
05-May-2024 20:28:59.549 INFO [http-nio-8082-exec-357] org.apache.catalina.core.ApplicationContext.log Manager: deploy: Deploying web application '/bermecars'
05-May-2024 20:28:59.549 INFO [http-nio-8082-exec-357] org.apache.catalina.core.ApplicationContext.log Manager: Uploading WAR file to C:\Users\jimmy\Desktop\apache-tomcat-9.0.87\webapps\bermecars.war.tmp
05-May-2024 20:29:55.800 INFO [http-nio-8082-exec-356] org.apache.catalina.core.ApplicationContext.log Manager: deploy: Deploying web application '/bermecars'
05-May-2024 20:29:55.800 INFO [http-nio-8082-exec-356] org.apache.catalina.core.ApplicationContext.log Manager: Uploading WAR file to C:\Users\jimmy\Desktop\apache-tomcat-9.0.87\webapps\bermecars.war.tmp
05-May-2024 20:31:08.489 INFO [http-nio-8082-exec-362] org.apache.catalina.core.ApplicationContext.log Manager: deploy: Deploying web application '/bermecars'
05-May-2024 20:31:08.489 INFO [http-nio-8082-exec-362] org.apache.catalina.core.ApplicationContext.log Manager: Uploading WAR file to C:\Users\jimmy\Desktop\apache-tomcat-9.0.87\webapps\bermecars.war.tmp
05-May-2024 20:31:42.604 INFO [http-nio-8082-exec-369] org.apache.catalina.core.ApplicationContext.log Manager: deploy: Deploying web application '/bermecars'
05-May-2024 20:31:42.604 INFO [http-nio-8082-exec-369] org.apache.catalina.core.ApplicationContext.log Manager: Uploading WAR file to C:\Users\jimmy\Desktop\apache-tomcat-9.0.87\webapps\bermecars.war.tmp
05-May-2024 20:32:21.918 INFO [http-nio-8082-exec-367] org.apache.catalina.core.ApplicationContext.log Manager: deploy: Deploying web application '/bermecars'
05-May-2024 20:32:21.919 INFO [http-nio-8082-exec-367] org.apache.catalina.core.ApplicationContext.log Manager: Uploading WAR file to C:\Users\jimmy\Desktop\apache-tomcat-9.0.87\webapps\bermecars.war.tmp
05-May-2024 20:33:40.699 INFO [http-nio-8082-exec-382] org.apache.catalina.core.ApplicationContext.log Manager: deploy: Deploying web application '/bermecars'
05-May-2024 20:33:40.699 INFO [http-nio-8082-exec-382] org.apache.catalina.core.ApplicationContext.log Manager: Uploading WAR file to C:\Users\jimmy\Desktop\apache-tomcat-9.0.87\webapps\bermecars.war.tmp
05-May-2024 20:33:53.253 INFO [http-nio-8082-exec-386] org.apache.catalina.core.ApplicationContext.log Manager: deploy: Deploying web application '/bermecars'
05-May-2024 20:33:53.253 INFO [http-nio-8082-exec-386] org.apache.catalina.core.ApplicationContext.log Manager: Uploading WAR file to C:\Users\jimmy\Desktop\apache-tomcat-9.0.87\webapps\bermecars.war.tmp
05-May-2024 20:34:16.467 INFO [http-nio-8082-exec-379] org.apache.catalina.core.ApplicationContext.log Manager: deploy: Deploying web application '/bermecars'
05-May-2024 20:34:16.467 INFO [http-nio-8082-exec-379] org.apache.catalina.core.ApplicationContext.log Manager: Uploading WAR file to C:\Users\jimmy\Desktop\apache-tomcat-9.0.87\webapps\bermecars.war.tmp
05-May-2024 20:36:47.885 INFO [http-nio-8082-exec-393] org.apache.catalina.core.ApplicationContext.log Manager: deploy: Deploying web application '/bermecars'
05-May-2024 20:36:47.885 INFO [http-nio-8082-exec-393] org.apache.catalina.core.ApplicationContext.log Manager: Uploading WAR file to C:\Users\jimmy\Desktop\apache-tomcat-9.0.87\webapps\bermecars.war.tmp
05-May-2024 20:39:10.038 INFO [http-nio-8082-exec-406] org.apache.catalina.core.ApplicationContext.log Manager: deploy: Deploying web application '/bermecars'
05-May-2024 20:39:10.038 INFO [http-nio-8082-exec-406] org.apache.catalina.core.ApplicationContext.log Manager: Uploading WAR file to C:\Users\jimmy\Desktop\apache-tomcat-9.0.87\webapps\bermecars.war.tmp
05-May-2024 20:41:21.251 INFO [http-nio-8082-exec-413] org.apache.catalina.core.ApplicationContext.log Manager: deploy: Deploying web application '/bermecars'
05-May-2024 20:41:21.251 INFO [http-nio-8082-exec-413] org.apache.catalina.core.ApplicationContext.log Manager: Uploading WAR file to C:\Users\jimmy\Desktop\apache-tomcat-9.0.87\webapps\bermecars.war.tmp
05-May-2024 20:44:22.847 INFO [http-nio-8082-exec-422] org.apache.catalina.core.ApplicationContext.log Manager: deploy: Deploying web application '/bermecars'
05-May-2024 20:44:22.847 INFO [http-nio-8082-exec-422] org.apache.catalina.core.ApplicationContext.log Manager: Uploading WAR file to C:\Users\jimmy\Desktop\apache-tomcat-9.0.87\webapps\bermecars.war.tmp
05-May-2024 20:48:21.548 INFO [http-nio-8082-exec-432] org.apache.catalina.core.ApplicationContext.log Manager: deploy: Deploying web application '/bermecars'
05-May-2024 20:48:21.548 INFO [http-nio-8082-exec-432] org.apache.catalina.core.ApplicationContext.log Manager: Uploading WAR file to C:\Users\jimmy\Desktop\apache-tomcat-9.0.87\webapps\bermecars.war.tmp
05-May-2024 20:55:35.233 INFO [http-nio-8082-exec-443] org.apache.catalina.core.ApplicationContext.log Manager: deploy: Deploying web application '/bermecars'
05-May-2024 20:55:35.233 INFO [http-nio-8082-exec-443] org.apache.catalina.core.ApplicationContext.log Manager: Uploading WAR file to C:\Users\jimmy\Desktop\apache-tomcat-9.0.87\webapps\bermecars.war.tmp
05-May-2024 20:57:33.553 INFO [http-nio-8082-exec-452] org.apache.catalina.core.ApplicationContext.log Manager: deploy: Deploying web application '/bermecars'
05-May-2024 20:57:33.554 INFO [http-nio-8082-exec-452] org.apache.catalina.core.ApplicationContext.log Manager: Uploading WAR file to C:\Users\jimmy\Desktop\apache-tomcat-9.0.87\webapps\bermecars.war.tmp
05-May-2024 20:58:10.751 INFO [http-nio-8082-exec-444] org.apache.catalina.core.ApplicationContext.log Manager: deploy: Deploying web application '/bermecars'
05-May-2024 20:58:10.752 INFO [http-nio-8082-exec-444] org.apache.catalina.core.ApplicationContext.log Manager: Uploading WAR file to C:\Users\jimmy\Desktop\apache-tomcat-9.0.87\webapps\bermecars.war.tmp
05-May-2024 21:03:47.559 INFO [http-nio-8082-exec-465] org.apache.catalina.core.ApplicationContext.log Manager: deploy: Deploying web application '/bermecars'
05-May-2024 21:03:47.560 INFO [http-nio-8082-exec-465] org.apache.catalina.core.ApplicationContext.log Manager: Uploading WAR file to C:\Users\jimmy\Desktop\apache-tomcat-9.0.87\webapps\bermecars.war.tmp
05-May-2024 21:04:54.502 INFO [http-nio-8082-exec-475] org.apache.catalina.core.ApplicationContext.log Manager: deploy: Deploying web application '/bermecars'
05-May-2024 21:04:54.502 INFO [http-nio-8082-exec-475] org.apache.catalina.core.ApplicationContext.log Manager: Uploading WAR file to C:\Users\jimmy\Desktop\apache-tomcat-9.0.87\webapps\bermecars.war.tmp
05-May-2024 21:06:00.256 INFO [http-nio-8082-exec-481] org.apache.catalina.core.ApplicationContext.log Manager: deploy: Deploying web application '/bermecars'
05-May-2024 21:06:00.258 INFO [http-nio-8082-exec-481] org.apache.catalina.core.ApplicationContext.log Manager: Uploading WAR file to C:\Users\jimmy\Desktop\apache-tomcat-9.0.87\webapps\bermecars.war.tmp
05-May-2024 21:08:05.844 INFO [http-nio-8082-exec-489] org.apache.catalina.core.ApplicationContext.log Manager: deploy: Deploying web application '/bermecars'
05-May-2024 21:08:05.844 INFO [http-nio-8082-exec-489] org.apache.catalina.core.ApplicationContext.log Manager: Uploading WAR file to C:\Users\jimmy\Desktop\apache-tomcat-9.0.87\webapps\bermecars.war.tmp
05-May-2024 22:00:07.610 INFO [http-nio-8082-exec-497] org.apache.catalina.core.ApplicationContext.log Manager: deploy: Deploying web application '/bermecars'
05-May-2024 22:00:07.610 INFO [http-nio-8082-exec-497] org.apache.catalina.core.ApplicationContext.log Manager: Uploading WAR file to C:\Users\jimmy\Desktop\apache-tomcat-9.0.87\webapps\bermecars.war.tmp
05-May-2024 22:01:24.874 INFO [http-nio-8082-exec-506] org.apache.catalina.core.ApplicationContext.log Manager: deploy: Deploying web application '/bermecars'
05-May-2024 22:01:24.874 INFO [http-nio-8082-exec-506] org.apache.catalina.core.ApplicationContext.log Manager: Uploading WAR file to C:\Users\jimmy\Desktop\apache-tomcat-9.0.87\webapps\bermecars.war.tmp
05-May-2024 22:01:54.171 INFO [http-nio-8082-exec-497] org.apache.catalina.core.ApplicationContext.log Manager: deploy: Deploying web application '/bermecars'
05-May-2024 22:01:54.171 INFO [http-nio-8082-exec-497] org.apache.catalina.core.ApplicationContext.log Manager: Uploading WAR file to C:\Users\jimmy\Desktop\apache-tomcat-9.0.87\webapps\bermecars.war.tmp
05-May-2024 22:03:06.362 INFO [http-nio-8082-exec-517] org.apache.catalina.core.ApplicationContext.log Manager: deploy: Deploying web application '/bermecars'
05-May-2024 22:03:06.362 INFO [http-nio-8082-exec-517] org.apache.catalina.core.ApplicationContext.log Manager: Uploading WAR file to C:\Users\jimmy\Desktop\apache-tomcat-9.0.87\webapps\bermecars.war.tmp
05-May-2024 22:03:40.196 INFO [http-nio-8082-exec-522] org.apache.catalina.core.ApplicationContext.log Manager: deploy: Deploying web application '/bermecars'
05-May-2024 22:03:40.196 INFO [http-nio-8082-exec-522] org.apache.catalina.core.ApplicationContext.log Manager: Uploading WAR file to C:\Users\jimmy\Desktop\apache-tomcat-9.0.87\webapps\bermecars.war.tmp
05-May-2024 22:03:51.932 INFO [http-nio-8082-exec-518] org.apache.catalina.core.ApplicationContext.log Manager: deploy: Deploying web application '/bermecars'
05-May-2024 22:03:51.933 INFO [http-nio-8082-exec-518] org.apache.catalina.core.ApplicationContext.log Manager: Uploading WAR file to C:\Users\jimmy\Desktop\apache-tomcat-9.0.87\webapps\bermecars.war.tmp
05-May-2024 22:06:46.886 INFO [http-nio-8082-exec-532] org.apache.catalina.core.ApplicationContext.log Manager: deploy: Deploying web application '/bermecars'
05-May-2024 22:06:46.886 INFO [http-nio-8082-exec-532] org.apache.catalina.core.ApplicationContext.log Manager: Uploading WAR file to C:\Users\jimmy\Desktop\apache-tomcat-9.0.87\webapps\bermecars.war.tmp
05-May-2024 22:09:55.081 INFO [http-nio-8082-exec-537] org.apache.catalina.core.ApplicationContext.log Manager: deploy: Deploying web application '/bermecars'
05-May-2024 22:09:55.081 INFO [http-nio-8082-exec-537] org.apache.catalina.core.ApplicationContext.log Manager: Uploading WAR file to C:\Users\jimmy\Desktop\apache-tomcat-9.0.87\webapps\bermecars.war.tmp
05-May-2024 22:13:25.517 INFO [http-nio-8082-exec-547] org.apache.catalina.core.ApplicationContext.log Manager: deploy: Deploying web application '/bermecars'
05-May-2024 22:13:25.517 INFO [http-nio-8082-exec-547] org.apache.catalina.core.ApplicationContext.log Manager: Uploading WAR file to C:\Users\jimmy\Desktop\apache-tomcat-9.0.87\webapps\bermecars.war.tmp
05-May-2024 22:14:11.491 INFO [http-nio-8082-exec-555] org.apache.catalina.core.ApplicationContext.log Manager: deploy: Deploying web application '/bermecars'
05-May-2024 22:14:11.492 INFO [http-nio-8082-exec-555] org.apache.catalina.core.ApplicationContext.log Manager: Uploading WAR file to C:\Users\jimmy\Desktop\apache-tomcat-9.0.87\webapps\bermecars.war.tmp
05-May-2024 22:16:09.923 INFO [http-nio-8082-exec-560] org.apache.catalina.core.ApplicationContext.log Manager: deploy: Deploying web application '/bermecars'
05-May-2024 22:16:09.923 INFO [http-nio-8082-exec-560] org.apache.catalina.core.ApplicationContext.log Manager: Uploading WAR file to C:\Users\jimmy\Desktop\apache-tomcat-9.0.87\webapps\bermecars.war.tmp
05-May-2024 22:16:52.529 INFO [http-nio-8082-exec-567] org.apache.catalina.core.ApplicationContext.log Manager: deploy: Deploying web application '/bermecars'
05-May-2024 22:16:52.529 INFO [http-nio-8082-exec-567] org.apache.catalina.core.ApplicationContext.log Manager: Uploading WAR file to C:\Users\jimmy\Desktop\apache-tomcat-9.0.87\webapps\bermecars.war.tmp
05-May-2024 22:18:52.001 INFO [http-nio-8082-exec-574] org.apache.catalina.core.ApplicationContext.log Manager: deploy: Deploying web application '/bermecars'
05-May-2024 22:18:52.001 INFO [http-nio-8082-exec-574] org.apache.catalina.core.ApplicationContext.log Manager: Uploading WAR file to C:\Users\jimmy\Desktop\apache-tomcat-9.0.87\webapps\bermecars.war.tmp
05-May-2024 22:25:22.814 INFO [http-nio-8082-exec-586] org.apache.catalina.core.ApplicationContext.log Manager: deploy: Deploying web application '/bermecars'
05-May-2024 22:25:22.814 INFO [http-nio-8082-exec-586] org.apache.catalina.core.ApplicationContext.log Manager: Uploading WAR file to C:\Users\jimmy\Desktop\apache-tomcat-9.0.87\webapps\bermecars.war.tmp
05-May-2024 22:28:53.472 INFO [http-nio-8082-exec-601] org.apache.catalina.core.ApplicationContext.log Manager: deploy: Deploying web application '/bermecars'
05-May-2024 22:28:53.473 INFO [http-nio-8082-exec-601] org.apache.catalina.core.ApplicationContext.log Manager: Uploading WAR file to C:\Users\jimmy\Desktop\apache-tomcat-9.0.87\webapps\bermecars.war.tmp
05-May-2024 22:31:00.024 INFO [http-nio-8082-exec-607] org.apache.catalina.core.ApplicationContext.log Manager: deploy: Deploying web application '/bermecars'
05-May-2024 22:31:00.024 INFO [http-nio-8082-exec-607] org.apache.catalina.core.ApplicationContext.log Manager: Uploading WAR file to C:\Users\jimmy\Desktop\apache-tomcat-9.0.87\webapps\bermecars.war.tmp
05-May-2024 22:31:38.739 INFO [http-nio-8082-exec-607] org.apache.catalina.core.ApplicationContext.log Manager: deploy: Deploying web application '/bermecars'
05-May-2024 22:31:38.741 INFO [http-nio-8082-exec-607] org.apache.catalina.core.ApplicationContext.log Manager: Uploading WAR file to C:\Users\jimmy\Desktop\apache-tomcat-9.0.87\webapps\bermecars.war.tmp
05-May-2024 22:33:52.009 INFO [http-nio-8082-exec-619] org.apache.catalina.core.ApplicationContext.log Manager: deploy: Deploying web application '/bermecars'
05-May-2024 22:33:52.011 INFO [http-nio-8082-exec-619] org.apache.catalina.core.ApplicationContext.log Manager: Uploading WAR file to C:\Users\jimmy\Desktop\apache-tomcat-9.0.87\webapps\bermecars.war.tmp
05-May-2024 22:34:33.770 INFO [http-nio-8082-exec-618] org.apache.catalina.core.ApplicationContext.log Manager: deploy: Deploying web application '/bermecars'
05-May-2024 22:34:33.770 INFO [http-nio-8082-exec-618] org.apache.catalina.core.ApplicationContext.log Manager: Uploading WAR file to C:\Users\jimmy\Desktop\apache-tomcat-9.0.87\webapps\bermecars.war.tmp
05-May-2024 22:34:56.934 INFO [http-nio-8082-exec-629] org.apache.catalina.core.ApplicationContext.log Manager: deploy: Deploying web application '/bermecars'
05-May-2024 22:34:56.935 INFO [http-nio-8082-exec-629] org.apache.catalina.core.ApplicationContext.log Manager: Uploading WAR file to C:\Users\jimmy\Desktop\apache-tomcat-9.0.87\webapps\bermecars.war.tmp
05-May-2024 22:35:25.409 INFO [http-nio-8082-exec-635] org.apache.catalina.core.ApplicationContext.log Manager: deploy: Deploying web application '/bermecars'
05-May-2024 22:35:25.409 INFO [http-nio-8082-exec-635] org.apache.catalina.core.ApplicationContext.log Manager: Uploading WAR file to C:\Users\jimmy\Desktop\apache-tomcat-9.0.87\webapps\bermecars.war.tmp
05-May-2024 22:35:53.802 INFO [http-nio-8082-exec-630] org.apache.catalina.core.ApplicationContext.log Manager: deploy: Deploying web application '/bermecars'
05-May-2024 22:35:53.802 INFO [http-nio-8082-exec-630] org.apache.catalina.core.ApplicationContext.log Manager: Uploading WAR file to C:\Users\jimmy\Desktop\apache-tomcat-9.0.87\webapps\bermecars.war.tmp
05-May-2024 22:37:34.395 INFO [http-nio-8082-exec-642] org.apache.catalina.core.ApplicationContext.log Manager: deploy: Deploying web application '/bermecars'
05-May-2024 22:37:34.395 INFO [http-nio-8082-exec-642] org.apache.catalina.core.ApplicationContext.log Manager: Uploading WAR file to C:\Users\jimmy\Desktop\apache-tomcat-9.0.87\webapps\bermecars.war.tmp
05-May-2024 22:38:11.352 INFO [http-nio-8082-exec-648] org.apache.catalina.core.ApplicationContext.log Manager: deploy: Deploying web application '/bermecars'
05-May-2024 22:38:11.352 INFO [http-nio-8082-exec-648] org.apache.catalina.core.ApplicationContext.log Manager: Uploading WAR file to C:\Users\jimmy\Desktop\apache-tomcat-9.0.87\webapps\bermecars.war.tmp
05-May-2024 22:39:36.856 INFO [http-nio-8082-exec-652] org.apache.catalina.core.ApplicationContext.log Manager: deploy: Deploying web application '/bermecars'
05-May-2024 22:39:36.857 INFO [http-nio-8082-exec-652] org.apache.catalina.core.ApplicationContext.log Manager: Uploading WAR file to C:\Users\jimmy\Desktop\apache-tomcat-9.0.87\webapps\bermecars.war.tmp
05-May-2024 22:41:00.128 INFO [http-nio-8082-exec-655] org.apache.catalina.core.ApplicationContext.log Manager: deploy: Deploying web application '/bermecars'
05-May-2024 22:41:00.129 INFO [http-nio-8082-exec-655] org.apache.catalina.core.ApplicationContext.log Manager: Uploading WAR file to C:\Users\jimmy\Desktop\apache-tomcat-9.0.87\webapps\bermecars.war.tmp
05-May-2024 22:41:28.449 INFO [http-nio-8082-exec-656] org.apache.catalina.core.ApplicationContext.log Manager: deploy: Deploying web application '/bermecars'
05-May-2024 22:41:28.451 INFO [http-nio-8082-exec-656] org.apache.catalina.core.ApplicationContext.log Manager: Uploading WAR file to C:\Users\jimmy\Desktop\apache-tomcat-9.0.87\webapps\bermecars.war.tmp
05-May-2024 22:42:11.007 INFO [http-nio-8082-exec-625] org.apache.catalina.core.ApplicationContext.log Manager: deploy: Deploying web application '/bermecars'
05-May-2024 22:42:11.007 INFO [http-nio-8082-exec-625] org.apache.catalina.core.ApplicationContext.log Manager: Uploading WAR file to C:\Users\jimmy\Desktop\apache-tomcat-9.0.87\webapps\bermecars.war.tmp
05-May-2024 22:42:49.573 INFO [http-nio-8082-exec-657] org.apache.catalina.core.ApplicationContext.log Manager: deploy: Deploying web application '/bermecars'
05-May-2024 22:42:49.573 INFO [http-nio-8082-exec-657] org.apache.catalina.core.ApplicationContext.log Manager: Uploading WAR file to C:\Users\jimmy\Desktop\apache-tomcat-9.0.87\webapps\bermecars.war.tmp
05-May-2024 22:43:13.818 INFO [http-nio-8082-exec-673] org.apache.catalina.core.ApplicationContext.log Manager: deploy: Deploying web application '/bermecars'
05-May-2024 22:43:13.819 INFO [http-nio-8082-exec-673] org.apache.catalina.core.ApplicationContext.log Manager: Uploading WAR file to C:\Users\jimmy\Desktop\apache-tomcat-9.0.87\webapps\bermecars.war.tmp
05-May-2024 22:44:06.125 INFO [http-nio-8082-exec-671] org.apache.catalina.core.ApplicationContext.log Manager: deploy: Deploying web application '/bermecars'
05-May-2024 22:44:06.125 INFO [http-nio-8082-exec-671] org.apache.catalina.core.ApplicationContext.log Manager: Uploading WAR file to C:\Users\jimmy\Desktop\apache-tomcat-9.0.87\webapps\bermecars.war.tmp
05-May-2024 22:44:38.487 INFO [http-nio-8082-exec-682] org.apache.catalina.core.ApplicationContext.log Manager: deploy: Deploying web application '/bermecars'
05-May-2024 22:44:38.488 INFO [http-nio-8082-exec-682] org.apache.catalina.core.ApplicationContext.log Manager: Uploading WAR file to C:\Users\jimmy\Desktop\apache-tomcat-9.0.87\webapps\bermecars.war.tmp
05-May-2024 22:46:50.844 INFO [http-nio-8082-exec-690] org.apache.catalina.core.ApplicationContext.log Manager: deploy: Deploying web application '/bermecars'
05-May-2024 22:46:50.846 INFO [http-nio-8082-exec-690] org.apache.catalina.core.ApplicationContext.log Manager: Uploading WAR file to C:\Users\jimmy\Desktop\apache-tomcat-9.0.87\webapps\bermecars.war.tmp
05-May-2024 22:47:29.700 INFO [http-nio-8082-exec-694] org.apache.catalina.core.ApplicationContext.log Manager: deploy: Deploying web application '/bermecars'
05-May-2024 22:47:29.700 INFO [http-nio-8082-exec-694] org.apache.catalina.core.ApplicationContext.log Manager: Uploading WAR file to C:\Users\jimmy\Desktop\apache-tomcat-9.0.87\webapps\bermecars.war.tmp
