16-Apr-2024 10:44:28.101 INFO [http-nio-8082-exec-2] org.apache.catalina.core.ApplicationContext.log Manager: init: Associated with Deployer 'Catalina:type=Deployer,host=localhost'
16-Apr-2024 10:44:28.101 INFO [http-nio-8082-exec-2] org.apache.catalina.core.ApplicationContext.log Manager: init: Global resources are available
16-Apr-2024 10:45:01.070 INFO [http-nio-8082-exec-4] org.apache.catalina.core.ApplicationContext.log Manager: deploy: Deploying web application '/coches'
16-Apr-2024 10:45:01.070 INFO [http-nio-8082-exec-4] org.apache.catalina.core.ApplicationContext.log Manager: Uploading WAR file to C:\Users\jimmy\Desktop\apache-tomcat-9.0.87\webapps\coches.war
16-Apr-2024 10:46:25.538 INFO [http-nio-8082-exec-12] org.apache.catalina.core.ApplicationContext.log HTMLManager: init: Associated with Deployer 'Catalina:type=Deployer,host=localhost'
16-Apr-2024 10:46:25.538 INFO [http-nio-8082-exec-12] org.apache.catalina.core.ApplicationContext.log HTMLManager: init: Global resources are available
16-Apr-2024 10:46:25.546 INFO [http-nio-8082-exec-12] org.apache.catalina.core.ApplicationContext.log HTMLManager: list: Listing contexts for virtual host 'localhost'
16-Apr-2024 10:55:14.921 INFO [http-nio-8082-exec-11] org.apache.catalina.core.ApplicationContext.log HTMLManager: start: Starting web application '/coches'
16-Apr-2024 10:55:14.964 INFO [http-nio-8082-exec-11] org.apache.catalina.core.ApplicationContext.log HTMLManager: list: Listing contexts for virtual host 'localhost'
16-Apr-2024 10:55:27.483 INFO [http-nio-8082-exec-12] org.apache.catalina.core.ApplicationContext.log HTMLManager: start: Starting web application '/coches'
16-Apr-2024 10:55:27.528 INFO [http-nio-8082-exec-12] org.apache.catalina.core.ApplicationContext.log HTMLManager: list: Listing contexts for virtual host 'localhost'
16-Apr-2024 10:57:19.670 INFO [http-nio-8082-exec-22] org.apache.catalina.core.ApplicationContext.log Manager: deploy: Deploying web application '/coches'
16-Apr-2024 10:57:20.783 INFO [http-nio-8082-exec-23] org.apache.catalina.core.ApplicationContext.log Manager: deploy: Deploying web application '/coches'
16-Apr-2024 10:57:21.862 INFO [http-nio-8082-exec-24] org.apache.catalina.core.ApplicationContext.log Manager: deploy: Deploying web application '/coches'
16-Apr-2024 10:57:22.933 INFO [http-nio-8082-exec-14] org.apache.catalina.core.ApplicationContext.log Manager: deploy: Deploying web application '/coches'
16-Apr-2024 10:57:31.541 INFO [http-nio-8082-exec-25] org.apache.catalina.core.ApplicationContext.log Manager: deploy: Deploying web application '/coches'
16-Apr-2024 10:57:31.542 INFO [http-nio-8082-exec-25] org.apache.catalina.core.ApplicationContext.log Manager: Uploading WAR file to C:\Users\jimmy\Desktop\apache-tomcat-9.0.87\webapps\coches.war.tmp
16-Apr-2024 10:57:38.465 INFO [http-nio-8082-exec-23] org.apache.catalina.core.ApplicationContext.log HTMLManager: start: Starting web application '/coches'
16-Apr-2024 10:57:38.465 INFO [http-nio-8082-exec-23] org.apache.catalina.core.ApplicationContext.log HTMLManager: list: Listing contexts for virtual host 'localhost'
16-Apr-2024 12:25:18.520 INFO [http-nio-8082-exec-27] org.apache.catalina.core.ApplicationContext.log Manager: deploy: Deploying web application '/coches'
16-Apr-2024 12:25:19.601 INFO [http-nio-8082-exec-25] org.apache.catalina.core.ApplicationContext.log Manager: deploy: Deploying web application '/coches'
16-Apr-2024 12:25:20.675 INFO [http-nio-8082-exec-22] org.apache.catalina.core.ApplicationContext.log Manager: deploy: Deploying web application '/coches'
16-Apr-2024 12:25:21.749 INFO [http-nio-8082-exec-23] org.apache.catalina.core.ApplicationContext.log Manager: deploy: Deploying web application '/coches'
16-Apr-2024 12:25:34.598 INFO [http-nio-8082-exec-24] org.apache.catalina.core.ApplicationContext.log Manager: deploy: Deploying web application '/coches'
16-Apr-2024 12:25:34.599 INFO [http-nio-8082-exec-24] org.apache.catalina.core.ApplicationContext.log Manager: Uploading WAR file to C:\Users\jimmy\Desktop\apache-tomcat-9.0.87\webapps\coches.war.tmp
16-Apr-2024 12:31:29.073 INFO [http-nio-8082-exec-32] org.apache.catalina.core.ApplicationContext.log Manager: deploy: Deploying web application '/coches'
16-Apr-2024 12:31:29.073 INFO [http-nio-8082-exec-32] org.apache.catalina.core.ApplicationContext.log Manager: Uploading WAR file to C:\Users\jimmy\Desktop\apache-tomcat-9.0.87\webapps\coches.war.tmp
16-Apr-2024 12:34:27.683 INFO [http-nio-8082-exec-41] org.apache.catalina.core.ApplicationContext.log Manager: deploy: Deploying web application '/coches'
16-Apr-2024 12:34:27.684 INFO [http-nio-8082-exec-41] org.apache.catalina.core.ApplicationContext.log Manager: Uploading WAR file to C:\Users\jimmy\Desktop\apache-tomcat-9.0.87\webapps\coches.war.tmp
16-Apr-2024 12:38:03.889 INFO [http-nio-8082-exec-48] org.apache.catalina.core.ApplicationContext.log Manager: deploy: Deploying web application '/coches'
16-Apr-2024 12:38:03.890 INFO [http-nio-8082-exec-48] org.apache.catalina.core.ApplicationContext.log Manager: Uploading WAR file to C:\Users\jimmy\Desktop\apache-tomcat-9.0.87\webapps\coches.war.tmp
16-Apr-2024 15:42:21.789 INFO [http-nio-8082-exec-54] org.apache.catalina.core.ApplicationContext.log Manager: deploy: Deploying web application '/coches'
16-Apr-2024 15:42:22.860 INFO [http-nio-8082-exec-55] org.apache.catalina.core.ApplicationContext.log Manager: deploy: Deploying web application '/coches'
16-Apr-2024 15:42:23.929 INFO [http-nio-8082-exec-56] org.apache.catalina.core.ApplicationContext.log Manager: deploy: Deploying web application '/coches'
16-Apr-2024 15:42:25.002 INFO [http-nio-8082-exec-57] org.apache.catalina.core.ApplicationContext.log Manager: deploy: Deploying web application '/coches'
16-Apr-2024 15:43:00.701 INFO [http-nio-8082-exec-58] org.apache.catalina.core.ApplicationContext.log Manager: deploy: Deploying web application '/coches'
16-Apr-2024 15:43:01.780 INFO [http-nio-8082-exec-59] org.apache.catalina.core.ApplicationContext.log Manager: deploy: Deploying web application '/coches'
16-Apr-2024 15:43:02.868 INFO [http-nio-8082-exec-60] org.apache.catalina.core.ApplicationContext.log Manager: deploy: Deploying web application '/coches'
16-Apr-2024 15:43:03.932 INFO [http-nio-8082-exec-61] org.apache.catalina.core.ApplicationContext.log Manager: deploy: Deploying web application '/coches'
16-Apr-2024 15:47:13.177 INFO [http-nio-8082-exec-62] org.apache.catalina.core.ApplicationContext.log Manager: deploy: Deploying web application '/coches'
16-Apr-2024 15:47:14.269 INFO [http-nio-8082-exec-63] org.apache.catalina.core.ApplicationContext.log Manager: deploy: Deploying web application '/coches'
16-Apr-2024 15:47:15.327 INFO [http-nio-8082-exec-54] org.apache.catalina.core.ApplicationContext.log Manager: deploy: Deploying web application '/coches'
16-Apr-2024 15:47:16.391 INFO [http-nio-8082-exec-55] org.apache.catalina.core.ApplicationContext.log Manager: deploy: Deploying web application '/coches'
16-Apr-2024 16:06:32.500 INFO [http-nio-8082-exec-56] org.apache.catalina.core.ApplicationContext.log Manager: deploy: Deploying web application '/coches'
16-Apr-2024 16:06:33.573 INFO [http-nio-8082-exec-57] org.apache.catalina.core.ApplicationContext.log Manager: deploy: Deploying web application '/coches'
16-Apr-2024 16:06:34.631 INFO [http-nio-8082-exec-58] org.apache.catalina.core.ApplicationContext.log Manager: deploy: Deploying web application '/coches'
16-Apr-2024 16:06:35.712 INFO [http-nio-8082-exec-59] org.apache.catalina.core.ApplicationContext.log Manager: deploy: Deploying web application '/coches'
16-Apr-2024 16:09:34.730 INFO [http-nio-8082-exec-1] org.apache.catalina.core.ApplicationContext.log Manager: init: Associated with Deployer 'Catalina:type=Deployer,host=localhost'
16-Apr-2024 16:09:34.730 INFO [http-nio-8082-exec-1] org.apache.catalina.core.ApplicationContext.log Manager: init: Global resources are available
16-Apr-2024 16:09:34.741 INFO [http-nio-8082-exec-1] org.apache.catalina.core.ApplicationContext.log Manager: deploy: Deploying web application '/coches'
16-Apr-2024 16:09:35.670 INFO [http-nio-8082-exec-4] org.apache.catalina.core.ApplicationContext.log Manager: deploy: Deploying web application '/coches'
16-Apr-2024 16:09:36.733 INFO [http-nio-8082-exec-8] org.apache.catalina.core.ApplicationContext.log Manager: deploy: Deploying web application '/coches'
16-Apr-2024 16:09:37.800 INFO [http-nio-8082-exec-9] org.apache.catalina.core.ApplicationContext.log Manager: deploy: Deploying web application '/coches'
16-Apr-2024 16:14:08.818 INFO [http-nio-8082-exec-3] org.apache.catalina.core.ApplicationContext.log Manager: deploy: Deploying web application '/coches'
16-Apr-2024 16:14:09.892 INFO [http-nio-8082-exec-2] org.apache.catalina.core.ApplicationContext.log Manager: deploy: Deploying web application '/coches'
16-Apr-2024 16:14:10.948 INFO [http-nio-8082-exec-10] org.apache.catalina.core.ApplicationContext.log Manager: deploy: Deploying web application '/coches'
16-Apr-2024 16:14:12.050 INFO [http-nio-8082-exec-8] org.apache.catalina.core.ApplicationContext.log Manager: deploy: Deploying web application '/coches'
16-Apr-2024 16:14:46.641 INFO [http-nio-8082-exec-7] org.apache.catalina.core.ApplicationContext.log Manager: deploy: Deploying web application '/coches'
16-Apr-2024 16:14:46.641 INFO [http-nio-8082-exec-7] org.apache.catalina.core.ApplicationContext.log Manager: Uploading WAR file to C:\Users\jimmy\Desktop\apache-tomcat-9.0.87\webapps\coches.war.tmp
16-Apr-2024 16:15:37.312 INFO [http-nio-8082-exec-8] org.apache.catalina.core.ApplicationContext.log Manager: deploy: Deploying web application '/coches'
16-Apr-2024 16:15:37.312 INFO [http-nio-8082-exec-8] org.apache.catalina.core.ApplicationContext.log Manager: Uploading WAR file to C:\Users\jimmy\Desktop\apache-tomcat-9.0.87\webapps\coches.war.tmp
16-Apr-2024 16:15:53.372 INFO [http-nio-8082-exec-13] org.apache.catalina.core.ApplicationContext.log Manager: deploy: Deploying web application '/coches'
16-Apr-2024 16:15:53.372 INFO [http-nio-8082-exec-13] org.apache.catalina.core.ApplicationContext.log Manager: Uploading WAR file to C:\Users\jimmy\Desktop\apache-tomcat-9.0.87\webapps\coches.war.tmp
16-Apr-2024 16:16:42.560 INFO [http-nio-8082-exec-3] org.apache.catalina.core.ApplicationContext.log Manager: deploy: Deploying web application '/coches'
16-Apr-2024 16:16:42.560 INFO [http-nio-8082-exec-3] org.apache.catalina.core.ApplicationContext.log Manager: Uploading WAR file to C:\Users\jimmy\Desktop\apache-tomcat-9.0.87\webapps\coches.war.tmp
16-Apr-2024 16:17:43.439 INFO [http-nio-8082-exec-19] org.apache.catalina.core.ApplicationContext.log Manager: deploy: Deploying web application '/coches'
16-Apr-2024 16:17:43.439 INFO [http-nio-8082-exec-19] org.apache.catalina.core.ApplicationContext.log Manager: Uploading WAR file to C:\Users\jimmy\Desktop\apache-tomcat-9.0.87\webapps\coches.war.tmp
16-Apr-2024 16:19:13.270 INFO [http-nio-8082-exec-2] org.apache.catalina.core.ApplicationContext.log Manager: init: Associated with Deployer 'Catalina:type=Deployer,host=localhost'
16-Apr-2024 16:19:13.270 INFO [http-nio-8082-exec-2] org.apache.catalina.core.ApplicationContext.log Manager: init: Global resources are available
16-Apr-2024 16:19:13.272 INFO [http-nio-8082-exec-2] org.apache.catalina.core.ApplicationContext.log Manager: deploy: Deploying web application '/coches'
16-Apr-2024 16:19:13.272 INFO [http-nio-8082-exec-2] org.apache.catalina.core.ApplicationContext.log Manager: Uploading WAR file to C:\Users\jimmy\Desktop\apache-tomcat-9.0.87\webapps\coches.war.tmp
16-Apr-2024 16:23:25.780 INFO [http-nio-8082-exec-11] org.apache.catalina.core.ApplicationContext.log Manager: deploy: Deploying web application '/coches'
16-Apr-2024 16:23:25.780 INFO [http-nio-8082-exec-11] org.apache.catalina.core.ApplicationContext.log Manager: Uploading WAR file to C:\Users\jimmy\Desktop\apache-tomcat-9.0.87\webapps\coches.war.tmp
16-Apr-2024 16:24:15.689 INFO [http-nio-8082-exec-16] org.apache.catalina.core.ApplicationContext.log Manager: deploy: Deploying web application '/coches'
16-Apr-2024 16:24:15.689 INFO [http-nio-8082-exec-16] org.apache.catalina.core.ApplicationContext.log Manager: Uploading WAR file to C:\Users\jimmy\Desktop\apache-tomcat-9.0.87\webapps\coches.war.tmp
16-Apr-2024 16:25:13.836 INFO [http-nio-8082-exec-22] org.apache.catalina.core.ApplicationContext.log Manager: deploy: Deploying web application '/coches'
16-Apr-2024 16:25:13.837 INFO [http-nio-8082-exec-22] org.apache.catalina.core.ApplicationContext.log Manager: Uploading WAR file to C:\Users\jimmy\Desktop\apache-tomcat-9.0.87\webapps\coches.war.tmp
16-Apr-2024 16:28:29.959 INFO [http-nio-8082-exec-29] org.apache.catalina.core.ApplicationContext.log Manager: deploy: Deploying web application '/coches'
16-Apr-2024 16:28:29.960 INFO [http-nio-8082-exec-29] org.apache.catalina.core.ApplicationContext.log Manager: Uploading WAR file to C:\Users\jimmy\Desktop\apache-tomcat-9.0.87\webapps\coches.war.tmp
16-Apr-2024 16:31:01.537 INFO [http-nio-8082-exec-36] org.apache.catalina.core.ApplicationContext.log Manager: deploy: Deploying web application '/coches'
16-Apr-2024 16:31:01.537 INFO [http-nio-8082-exec-36] org.apache.catalina.core.ApplicationContext.log Manager: Uploading WAR file to C:\Users\jimmy\Desktop\apache-tomcat-9.0.87\webapps\coches.war.tmp
16-Apr-2024 16:31:43.066 INFO [http-nio-8082-exec-26] org.apache.catalina.core.ApplicationContext.log Manager: deploy: Deploying web application '/coches'
16-Apr-2024 16:31:43.066 INFO [http-nio-8082-exec-26] org.apache.catalina.core.ApplicationContext.log Manager: Uploading WAR file to C:\Users\jimmy\Desktop\apache-tomcat-9.0.87\webapps\coches.war.tmp
16-Apr-2024 16:34:32.792 INFO [http-nio-8082-exec-46] org.apache.catalina.core.ApplicationContext.log Manager: deploy: Deploying web application '/coches'
16-Apr-2024 16:34:32.792 INFO [http-nio-8082-exec-46] org.apache.catalina.core.ApplicationContext.log Manager: Uploading WAR file to C:\Users\jimmy\Desktop\apache-tomcat-9.0.87\webapps\coches.war.tmp
16-Apr-2024 16:36:22.133 INFO [http-nio-8082-exec-54] org.apache.catalina.core.ApplicationContext.log Manager: deploy: Deploying web application '/coches'
16-Apr-2024 16:36:22.133 INFO [http-nio-8082-exec-54] org.apache.catalina.core.ApplicationContext.log Manager: Uploading WAR file to C:\Users\jimmy\Desktop\apache-tomcat-9.0.87\webapps\coches.war.tmp
16-Apr-2024 16:39:02.060 INFO [http-nio-8082-exec-58] org.apache.catalina.core.ApplicationContext.log Manager: deploy: Deploying web application '/coches'
16-Apr-2024 16:39:02.060 INFO [http-nio-8082-exec-58] org.apache.catalina.core.ApplicationContext.log Manager: Uploading WAR file to C:\Users\jimmy\Desktop\apache-tomcat-9.0.87\webapps\coches.war.tmp
16-Apr-2024 16:39:51.600 INFO [http-nio-8082-exec-70] org.apache.catalina.core.ApplicationContext.log Manager: deploy: Deploying web application '/coches'
16-Apr-2024 16:39:51.600 INFO [http-nio-8082-exec-70] org.apache.catalina.core.ApplicationContext.log Manager: Uploading WAR file to C:\Users\jimmy\Desktop\apache-tomcat-9.0.87\webapps\coches.war.tmp
16-Apr-2024 16:41:11.787 INFO [http-nio-8082-exec-75] org.apache.catalina.core.ApplicationContext.log Manager: deploy: Deploying web application '/coches'
16-Apr-2024 16:41:11.787 INFO [http-nio-8082-exec-75] org.apache.catalina.core.ApplicationContext.log Manager: Uploading WAR file to C:\Users\jimmy\Desktop\apache-tomcat-9.0.87\webapps\coches.war.tmp
16-Apr-2024 16:41:27.462 INFO [http-nio-8082-exec-74] org.apache.catalina.core.ApplicationContext.log Manager: deploy: Deploying web application '/coches'
16-Apr-2024 16:41:27.462 INFO [http-nio-8082-exec-74] org.apache.catalina.core.ApplicationContext.log Manager: Uploading WAR file to C:\Users\jimmy\Desktop\apache-tomcat-9.0.87\webapps\coches.war.tmp
16-Apr-2024 16:42:17.293 INFO [http-nio-8082-exec-77] org.apache.catalina.core.ApplicationContext.log Manager: deploy: Deploying web application '/coches'
16-Apr-2024 16:42:17.294 INFO [http-nio-8082-exec-77] org.apache.catalina.core.ApplicationContext.log Manager: Uploading WAR file to C:\Users\jimmy\Desktop\apache-tomcat-9.0.87\webapps\coches.war.tmp
16-Apr-2024 16:42:55.579 INFO [http-nio-8082-exec-82] org.apache.catalina.core.ApplicationContext.log Manager: deploy: Deploying web application '/coches'
16-Apr-2024 16:42:55.580 INFO [http-nio-8082-exec-82] org.apache.catalina.core.ApplicationContext.log Manager: Uploading WAR file to C:\Users\jimmy\Desktop\apache-tomcat-9.0.87\webapps\coches.war.tmp
16-Apr-2024 16:43:50.503 INFO [http-nio-8082-exec-78] org.apache.catalina.core.ApplicationContext.log Manager: deploy: Deploying web application '/coches'
16-Apr-2024 16:43:50.504 INFO [http-nio-8082-exec-78] org.apache.catalina.core.ApplicationContext.log Manager: Uploading WAR file to C:\Users\jimmy\Desktop\apache-tomcat-9.0.87\webapps\coches.war.tmp
16-Apr-2024 16:45:14.534 INFO [http-nio-8082-exec-94] org.apache.catalina.core.ApplicationContext.log Manager: deploy: Deploying web application '/coches'
16-Apr-2024 16:45:14.534 INFO [http-nio-8082-exec-94] org.apache.catalina.core.ApplicationContext.log Manager: Uploading WAR file to C:\Users\jimmy\Desktop\apache-tomcat-9.0.87\webapps\coches.war.tmp
16-Apr-2024 16:48:21.881 INFO [http-nio-8082-exec-102] org.apache.catalina.core.ApplicationContext.log Manager: deploy: Deploying web application '/coches'
16-Apr-2024 16:48:21.881 INFO [http-nio-8082-exec-102] org.apache.catalina.core.ApplicationContext.log Manager: Uploading WAR file to C:\Users\jimmy\Desktop\apache-tomcat-9.0.87\webapps\coches.war.tmp
16-Apr-2024 16:51:45.415 INFO [http-nio-8082-exec-106] org.apache.catalina.core.ApplicationContext.log Manager: deploy: Deploying web application '/coches'
16-Apr-2024 16:51:45.416 INFO [http-nio-8082-exec-106] org.apache.catalina.core.ApplicationContext.log Manager: Uploading WAR file to C:\Users\jimmy\Desktop\apache-tomcat-9.0.87\webapps\coches.war.tmp
16-Apr-2024 16:52:14.222 INFO [http-nio-8082-exec-110] org.apache.catalina.core.ApplicationContext.log Manager: deploy: Deploying web application '/coches'
16-Apr-2024 16:52:14.222 INFO [http-nio-8082-exec-110] org.apache.catalina.core.ApplicationContext.log Manager: Uploading WAR file to C:\Users\jimmy\Desktop\apache-tomcat-9.0.87\webapps\coches.war.tmp
16-Apr-2024 17:02:11.796 INFO [http-nio-8082-exec-115] org.apache.catalina.core.ApplicationContext.log Manager: deploy: Deploying web application '/coches'
16-Apr-2024 17:02:11.796 INFO [http-nio-8082-exec-115] org.apache.catalina.core.ApplicationContext.log Manager: Uploading WAR file to C:\Users\jimmy\Desktop\apache-tomcat-9.0.87\webapps\coches.war.tmp
