06-May-2024 09:13:53.129 INFO [http-nio-8082-exec-3] org.apache.catalina.core.ApplicationContext.log Manager: init: Associated with Deployer 'Catalina:type=Deployer,host=localhost'
06-May-2024 09:13:53.129 INFO [http-nio-8082-exec-3] org.apache.catalina.core.ApplicationContext.log Manager: init: Global resources are available
06-May-2024 09:13:53.139 INFO [http-nio-8082-exec-3] org.apache.catalina.core.ApplicationContext.log Manager: deploy: Deploying web application '/bermecars'
06-May-2024 09:13:53.140 INFO [http-nio-8082-exec-3] org.apache.catalina.core.ApplicationContext.log Manager: Uploading WAR file to C:\Users\jimmy\Desktop\apache-tomcat-9.0.87\webapps\bermecars.war.tmp
06-May-2024 10:20:09.329 INFO [http-nio-8082-exec-13] org.apache.catalina.core.ApplicationContext.log Manager: deploy: Deploying web application '/bermecars'
06-May-2024 10:20:09.330 INFO [http-nio-8082-exec-13] org.apache.catalina.core.ApplicationContext.log Manager: Uploading WAR file to C:\Users\jimmy\Desktop\apache-tomcat-9.0.87\webapps\bermecars.war.tmp
06-May-2024 10:20:27.128 INFO [http-nio-8082-exec-18] org.apache.catalina.core.ApplicationContext.log Manager: deploy: Deploying web application '/bermecars'
06-May-2024 10:20:27.128 INFO [http-nio-8082-exec-18] org.apache.catalina.core.ApplicationContext.log Manager: Uploading WAR file to C:\Users\jimmy\Desktop\apache-tomcat-9.0.87\webapps\bermecars.war.tmp
06-May-2024 10:21:43.176 INFO [http-nio-8082-exec-24] org.apache.catalina.core.ApplicationContext.log Manager: deploy: Deploying web application '/bermecars'
06-May-2024 10:21:43.176 INFO [http-nio-8082-exec-24] org.apache.catalina.core.ApplicationContext.log Manager: Uploading WAR file to C:\Users\jimmy\Desktop\apache-tomcat-9.0.87\webapps\bermecars.war.tmp
06-May-2024 10:23:39.736 INFO [http-nio-8082-exec-32] org.apache.catalina.core.ApplicationContext.log Manager: deploy: Deploying web application '/bermecars'
06-May-2024 10:23:39.736 INFO [http-nio-8082-exec-32] org.apache.catalina.core.ApplicationContext.log Manager: Uploading WAR file to C:\Users\jimmy\Desktop\apache-tomcat-9.0.87\webapps\bermecars.war.tmp
06-May-2024 10:32:26.734 INFO [http-nio-8082-exec-35] org.apache.catalina.core.ApplicationContext.log Manager: deploy: Deploying web application '/bermecars'
06-May-2024 10:32:26.734 INFO [http-nio-8082-exec-35] org.apache.catalina.core.ApplicationContext.log Manager: Uploading WAR file to C:\Users\jimmy\Desktop\apache-tomcat-9.0.87\webapps\bermecars.war.tmp
06-May-2024 10:33:14.708 INFO [http-nio-8082-exec-46] org.apache.catalina.core.ApplicationContext.log Manager: deploy: Deploying web application '/bermecars'
06-May-2024 10:33:14.708 INFO [http-nio-8082-exec-46] org.apache.catalina.core.ApplicationContext.log Manager: Uploading WAR file to C:\Users\jimmy\Desktop\apache-tomcat-9.0.87\webapps\bermecars.war.tmp
06-May-2024 10:37:35.727 INFO [http-nio-8082-exec-53] org.apache.catalina.core.ApplicationContext.log Manager: deploy: Deploying web application '/bermecars'
06-May-2024 10:37:35.727 INFO [http-nio-8082-exec-53] org.apache.catalina.core.ApplicationContext.log Manager: Uploading WAR file to C:\Users\jimmy\Desktop\apache-tomcat-9.0.87\webapps\bermecars.war.tmp
06-May-2024 10:38:53.855 INFO [http-nio-8082-exec-62] org.apache.catalina.core.ApplicationContext.log Manager: deploy: Deploying web application '/bermecars'
06-May-2024 10:38:53.855 INFO [http-nio-8082-exec-62] org.apache.catalina.core.ApplicationContext.log Manager: Uploading WAR file to C:\Users\jimmy\Desktop\apache-tomcat-9.0.87\webapps\bermecars.war.tmp
06-May-2024 10:41:53.529 INFO [http-nio-8082-exec-3] org.apache.catalina.core.ApplicationContext.log Manager: init: Associated with Deployer 'Catalina:type=Deployer,host=localhost'
06-May-2024 10:41:53.529 INFO [http-nio-8082-exec-3] org.apache.catalina.core.ApplicationContext.log Manager: init: Global resources are available
06-May-2024 10:41:53.531 INFO [http-nio-8082-exec-3] org.apache.catalina.core.ApplicationContext.log Manager: deploy: Deploying web application '/bermecars'
06-May-2024 10:41:53.532 INFO [http-nio-8082-exec-3] org.apache.catalina.core.ApplicationContext.log Manager: Uploading WAR file to C:\Users\jimmy\Desktop\apache-tomcat-9.0.87\webapps\bermecars.war.tmp
06-May-2024 10:42:27.311 INFO [http-nio-8082-exec-7] org.apache.catalina.core.ApplicationContext.log Manager: deploy: Deploying web application '/bermecars'
06-May-2024 10:42:27.311 INFO [http-nio-8082-exec-7] org.apache.catalina.core.ApplicationContext.log Manager: Uploading WAR file to C:\Users\jimmy\Desktop\apache-tomcat-9.0.87\webapps\bermecars.war.tmp
06-May-2024 10:42:56.350 INFO [http-nio-8082-exec-1] org.apache.catalina.core.ApplicationContext.log Manager: init: Associated with Deployer 'Catalina:type=Deployer,host=localhost'
06-May-2024 10:42:56.350 INFO [http-nio-8082-exec-1] org.apache.catalina.core.ApplicationContext.log Manager: init: Global resources are available
06-May-2024 10:42:56.366 INFO [http-nio-8082-exec-1] org.apache.catalina.core.ApplicationContext.log Manager: deploy: Deploying web application '/bermecars'
06-May-2024 10:42:56.367 INFO [http-nio-8082-exec-1] org.apache.catalina.core.ApplicationContext.log Manager: Uploading WAR file to C:\Users\jimmy\Desktop\apache-tomcat-9.0.87\webapps\bermecars.war.tmp
06-May-2024 10:47:38.689 INFO [http-nio-8082-exec-1] org.apache.catalina.core.ApplicationContext.log Manager: init: Associated with Deployer 'Catalina:type=Deployer,host=localhost'
06-May-2024 10:47:38.689 INFO [http-nio-8082-exec-1] org.apache.catalina.core.ApplicationContext.log Manager: init: Global resources are available
06-May-2024 10:47:38.697 INFO [http-nio-8082-exec-1] org.apache.catalina.core.ApplicationContext.log Manager: deploy: Deploying web application '/bermecars'
06-May-2024 10:47:38.698 INFO [http-nio-8082-exec-1] org.apache.catalina.core.ApplicationContext.log Manager: Uploading WAR file to C:\Users\jimmy\Desktop\apache-tomcat-9.0.87\webapps\bermecars.war.tmp
06-May-2024 10:48:20.638 INFO [http-nio-8082-exec-9] org.apache.catalina.core.ApplicationContext.log Manager: deploy: Deploying web application '/bermecars'
06-May-2024 10:48:20.638 INFO [http-nio-8082-exec-9] org.apache.catalina.core.ApplicationContext.log Manager: Uploading WAR file to C:\Users\jimmy\Desktop\apache-tomcat-9.0.87\webapps\bermecars.war.tmp
06-May-2024 10:50:12.925 INFO [http-nio-8082-exec-15] org.apache.catalina.core.ApplicationContext.log Manager: deploy: Deploying web application '/bermecars'
06-May-2024 10:50:12.925 INFO [http-nio-8082-exec-15] org.apache.catalina.core.ApplicationContext.log Manager: Uploading WAR file to C:\Users\jimmy\Desktop\apache-tomcat-9.0.87\webapps\bermecars.war.tmp
06-May-2024 10:50:39.620 INFO [http-nio-8082-exec-18] org.apache.catalina.core.ApplicationContext.log Manager: deploy: Deploying web application '/bermecars'
06-May-2024 10:50:39.621 INFO [http-nio-8082-exec-18] org.apache.catalina.core.ApplicationContext.log Manager: Uploading WAR file to C:\Users\jimmy\Desktop\apache-tomcat-9.0.87\webapps\bermecars.war.tmp
06-May-2024 10:50:40.695 INFO [http-nio-8082-exec-14] org.apache.catalina.core.ApplicationContext.log Manager: deploy: Deploying web application '/bermecars'
06-May-2024 10:50:40.695 INFO [http-nio-8082-exec-14] org.apache.catalina.core.ApplicationContext.log Manager: Uploading WAR file to C:\Users\jimmy\Desktop\apache-tomcat-9.0.87\webapps\bermecars.war.tmp
06-May-2024 10:50:41.757 INFO [http-nio-8082-exec-19] org.apache.catalina.core.ApplicationContext.log Manager: deploy: Deploying web application '/bermecars'
06-May-2024 10:50:41.757 INFO [http-nio-8082-exec-19] org.apache.catalina.core.ApplicationContext.log Manager: Uploading WAR file to C:\Users\jimmy\Desktop\apache-tomcat-9.0.87\webapps\bermecars.war.tmp
06-May-2024 10:50:42.816 INFO [http-nio-8082-exec-20] org.apache.catalina.core.ApplicationContext.log Manager: deploy: Deploying web application '/bermecars'
06-May-2024 10:50:42.816 INFO [http-nio-8082-exec-20] org.apache.catalina.core.ApplicationContext.log Manager: Uploading WAR file to C:\Users\jimmy\Desktop\apache-tomcat-9.0.87\webapps\bermecars.war.tmp
06-May-2024 10:51:26.108 INFO [http-nio-8082-exec-1] org.apache.catalina.core.ApplicationContext.log Manager: init: Associated with Deployer 'Catalina:type=Deployer,host=localhost'
06-May-2024 10:51:26.108 INFO [http-nio-8082-exec-1] org.apache.catalina.core.ApplicationContext.log Manager: init: Global resources are available
06-May-2024 10:51:26.122 INFO [http-nio-8082-exec-1] org.apache.catalina.core.ApplicationContext.log Manager: deploy: Deploying web application '/bermecars'
06-May-2024 10:51:26.123 INFO [http-nio-8082-exec-1] org.apache.catalina.core.ApplicationContext.log Manager: Uploading WAR file to C:\Users\jimmy\Desktop\apache-tomcat-9.0.87\webapps\bermecars.war.tmp
06-May-2024 10:53:33.618 INFO [http-nio-8082-exec-11] org.apache.catalina.core.ApplicationContext.log Manager: deploy: Deploying web application '/bermecars'
06-May-2024 10:53:33.619 INFO [http-nio-8082-exec-11] org.apache.catalina.core.ApplicationContext.log Manager: Uploading WAR file to C:\Users\jimmy\Desktop\apache-tomcat-9.0.87\webapps\bermecars.war.tmp
06-May-2024 10:53:55.023 INFO [http-nio-8082-exec-1] org.apache.catalina.core.ApplicationContext.log Manager: init: Associated with Deployer 'Catalina:type=Deployer,host=localhost'
06-May-2024 10:53:55.023 INFO [http-nio-8082-exec-1] org.apache.catalina.core.ApplicationContext.log Manager: init: Global resources are available
06-May-2024 10:53:55.032 INFO [http-nio-8082-exec-1] org.apache.catalina.core.ApplicationContext.log Manager: deploy: Deploying web application '/bermecars'
06-May-2024 10:53:55.966 INFO [http-nio-8082-exec-2] org.apache.catalina.core.ApplicationContext.log Manager: deploy: Deploying web application '/bermecars'
06-May-2024 10:53:57.029 INFO [http-nio-8082-exec-6] org.apache.catalina.core.ApplicationContext.log Manager: deploy: Deploying web application '/bermecars'
06-May-2024 10:53:58.086 INFO [http-nio-8082-exec-4] org.apache.catalina.core.ApplicationContext.log Manager: deploy: Deploying web application '/bermecars'
06-May-2024 10:54:07.376 INFO [http-nio-8082-exec-5] org.apache.catalina.core.ApplicationContext.log Manager: deploy: Deploying web application '/bermecars'
06-May-2024 10:54:07.376 INFO [http-nio-8082-exec-5] org.apache.catalina.core.ApplicationContext.log Manager: Uploading WAR file to C:\Users\jimmy\Desktop\apache-tomcat-9.0.87\webapps\bermecars.war.tmp
06-May-2024 10:55:54.583 INFO [http-nio-8082-exec-11] org.apache.catalina.core.ApplicationContext.log Manager: deploy: Deploying web application '/bermecars'
06-May-2024 10:55:54.583 INFO [http-nio-8082-exec-11] org.apache.catalina.core.ApplicationContext.log Manager: Uploading WAR file to C:\Users\jimmy\Desktop\apache-tomcat-9.0.87\webapps\bermecars.war.tmp
06-May-2024 10:56:34.398 INFO [http-nio-8082-exec-12] org.apache.catalina.core.ApplicationContext.log Manager: deploy: Deploying web application '/bermecars'
06-May-2024 10:56:34.398 INFO [http-nio-8082-exec-12] org.apache.catalina.core.ApplicationContext.log Manager: Uploading WAR file to C:\Users\jimmy\Desktop\apache-tomcat-9.0.87\webapps\bermecars.war.tmp
06-May-2024 10:56:35.479 INFO [http-nio-8082-exec-13] org.apache.catalina.core.ApplicationContext.log Manager: deploy: Deploying web application '/bermecars'
06-May-2024 10:56:35.480 INFO [http-nio-8082-exec-13] org.apache.catalina.core.ApplicationContext.log Manager: Uploading WAR file to C:\Users\jimmy\Desktop\apache-tomcat-9.0.87\webapps\bermecars.war.tmp
06-May-2024 10:56:36.551 INFO [http-nio-8082-exec-14] org.apache.catalina.core.ApplicationContext.log Manager: deploy: Deploying web application '/bermecars'
06-May-2024 10:56:36.552 INFO [http-nio-8082-exec-14] org.apache.catalina.core.ApplicationContext.log Manager: Uploading WAR file to C:\Users\jimmy\Desktop\apache-tomcat-9.0.87\webapps\bermecars.war.tmp
06-May-2024 10:56:37.632 INFO [http-nio-8082-exec-15] org.apache.catalina.core.ApplicationContext.log Manager: deploy: Deploying web application '/bermecars'
06-May-2024 10:56:37.633 INFO [http-nio-8082-exec-15] org.apache.catalina.core.ApplicationContext.log Manager: Uploading WAR file to C:\Users\jimmy\Desktop\apache-tomcat-9.0.87\webapps\bermecars.war.tmp
06-May-2024 10:57:13.242 INFO [http-nio-8082-exec-1] org.apache.catalina.core.ApplicationContext.log Manager: init: Associated with Deployer 'Catalina:type=Deployer,host=localhost'
06-May-2024 10:57:13.242 INFO [http-nio-8082-exec-1] org.apache.catalina.core.ApplicationContext.log Manager: init: Global resources are available
06-May-2024 10:57:13.246 INFO [http-nio-8082-exec-1] org.apache.catalina.core.ApplicationContext.log Manager: deploy: Deploying web application '/bermecars'
06-May-2024 10:57:13.246 INFO [http-nio-8082-exec-1] org.apache.catalina.core.ApplicationContext.log Manager: Uploading WAR file to C:\Users\jimmy\Desktop\apache-tomcat-9.0.87\webapps\bermecars.war.tmp
06-May-2024 10:57:41.773 INFO [http-nio-8082-exec-1] org.apache.catalina.core.ApplicationContext.log Manager: init: Associated with Deployer 'Catalina:type=Deployer,host=localhost'
06-May-2024 10:57:41.773 INFO [http-nio-8082-exec-1] org.apache.catalina.core.ApplicationContext.log Manager: init: Global resources are available
06-May-2024 10:57:41.780 INFO [http-nio-8082-exec-1] org.apache.catalina.core.ApplicationContext.log Manager: deploy: Deploying web application '/bermecars'
06-May-2024 10:57:41.780 INFO [http-nio-8082-exec-1] org.apache.catalina.core.ApplicationContext.log Manager: Uploading WAR file to C:\Users\jimmy\Desktop\apache-tomcat-9.0.87\webapps\bermecars.war.tmp
06-May-2024 11:03:09.950 INFO [http-nio-8082-exec-1] org.apache.catalina.core.ApplicationContext.log Manager: init: Associated with Deployer 'Catalina:type=Deployer,host=localhost'
06-May-2024 11:03:09.950 INFO [http-nio-8082-exec-1] org.apache.catalina.core.ApplicationContext.log Manager: init: Global resources are available
06-May-2024 11:03:09.960 INFO [http-nio-8082-exec-1] org.apache.catalina.core.ApplicationContext.log Manager: deploy: Deploying web application '/bermecars'
06-May-2024 11:03:09.961 INFO [http-nio-8082-exec-1] org.apache.catalina.core.ApplicationContext.log Manager: Uploading WAR file to C:\Users\jimmy\Desktop\apache-tomcat-9.0.87\webapps\bermecars.war.tmp
06-May-2024 11:07:59.546 INFO [http-nio-8082-exec-11] org.apache.catalina.core.ApplicationContext.log Manager: deploy: Deploying web application '/bermecars'
06-May-2024 11:07:59.546 INFO [http-nio-8082-exec-11] org.apache.catalina.core.ApplicationContext.log Manager: Uploading WAR file to C:\Users\jimmy\Desktop\apache-tomcat-9.0.87\webapps\bermecars.war.tmp
06-May-2024 15:08:33.882 INFO [http-nio-8082-exec-1] org.apache.catalina.core.ApplicationContext.log Manager: init: Associated with Deployer 'Catalina:type=Deployer,host=localhost'
06-May-2024 15:08:33.882 INFO [http-nio-8082-exec-1] org.apache.catalina.core.ApplicationContext.log Manager: init: Global resources are available
06-May-2024 15:08:33.890 INFO [http-nio-8082-exec-1] org.apache.catalina.core.ApplicationContext.log Manager: deploy: Deploying web application '/bermecars'
06-May-2024 15:08:33.891 INFO [http-nio-8082-exec-1] org.apache.catalina.core.ApplicationContext.log Manager: Uploading WAR file to C:\Users\jimmy\Desktop\apache-tomcat-9.0.87\webapps\bermecars.war.tmp
06-May-2024 15:09:26.990 INFO [http-nio-8082-exec-7] org.apache.catalina.core.ApplicationContext.log Manager: deploy: Deploying web application '/bermecars'
06-May-2024 15:09:26.990 INFO [http-nio-8082-exec-7] org.apache.catalina.core.ApplicationContext.log Manager: Uploading WAR file to C:\Users\jimmy\Desktop\apache-tomcat-9.0.87\webapps\bermecars.war.tmp
06-May-2024 15:11:47.140 INFO [http-nio-8082-exec-21] org.apache.catalina.core.ApplicationContext.log Manager: deploy: Deploying web application '/bermecars'
06-May-2024 15:11:47.140 INFO [http-nio-8082-exec-21] org.apache.catalina.core.ApplicationContext.log Manager: Uploading WAR file to C:\Users\jimmy\Desktop\apache-tomcat-9.0.87\webapps\bermecars.war.tmp
06-May-2024 15:29:35.271 INFO [http-nio-8082-exec-1] org.apache.catalina.core.ApplicationContext.log Manager: init: Associated with Deployer 'Catalina:type=Deployer,host=localhost'
06-May-2024 15:29:35.271 INFO [http-nio-8082-exec-1] org.apache.catalina.core.ApplicationContext.log Manager: init: Global resources are available
06-May-2024 15:29:35.281 INFO [http-nio-8082-exec-1] org.apache.catalina.core.ApplicationContext.log Manager: deploy: Deploying web application '/bermecars'
06-May-2024 15:29:35.281 INFO [http-nio-8082-exec-1] org.apache.catalina.core.ApplicationContext.log Manager: Uploading WAR file to C:\Users\jimmy\Desktop\apache-tomcat-9.0.87\webapps\bermecars.war.tmp
06-May-2024 15:34:35.237 INFO [http-nio-8082-exec-11] org.apache.catalina.core.ApplicationContext.log Manager: deploy: Deploying web application '/bermecars'
06-May-2024 15:34:35.237 INFO [http-nio-8082-exec-11] org.apache.catalina.core.ApplicationContext.log Manager: Uploading WAR file to C:\Users\jimmy\Desktop\apache-tomcat-9.0.87\webapps\bermecars.war.tmp
06-May-2024 15:34:45.320 INFO [http-nio-8082-exec-14] org.apache.catalina.core.ApplicationContext.log Manager: deploy: Deploying web application '/bermecars'
06-May-2024 15:34:46.406 INFO [http-nio-8082-exec-17] org.apache.catalina.core.ApplicationContext.log Manager: deploy: Deploying web application '/bermecars'
06-May-2024 15:34:47.477 INFO [http-nio-8082-exec-18] org.apache.catalina.core.ApplicationContext.log Manager: deploy: Deploying web application '/bermecars'
06-May-2024 15:34:48.611 INFO [http-nio-8082-exec-20] org.apache.catalina.core.ApplicationContext.log Manager: deploy: Deploying web application '/bermecars'
06-May-2024 15:36:07.555 INFO [http-nio-8082-exec-21] org.apache.catalina.core.ApplicationContext.log Manager: deploy: Deploying web application '/bermecars'
06-May-2024 15:36:07.556 INFO [http-nio-8082-exec-21] org.apache.catalina.core.ApplicationContext.log Manager: Uploading WAR file to C:\Users\jimmy\Desktop\apache-tomcat-9.0.87\webapps\bermecars.war.tmp
06-May-2024 15:40:14.814 INFO [http-nio-8082-exec-23] org.apache.catalina.core.ApplicationContext.log Manager: deploy: Deploying web application '/bermecars'
06-May-2024 15:40:14.815 INFO [http-nio-8082-exec-23] org.apache.catalina.core.ApplicationContext.log Manager: Uploading WAR file to C:\Users\jimmy\Desktop\apache-tomcat-9.0.87\webapps\bermecars.war.tmp
06-May-2024 15:40:15.896 INFO [http-nio-8082-exec-24] org.apache.catalina.core.ApplicationContext.log Manager: deploy: Deploying web application '/bermecars'
06-May-2024 15:40:15.896 INFO [http-nio-8082-exec-24] org.apache.catalina.core.ApplicationContext.log Manager: Uploading WAR file to C:\Users\jimmy\Desktop\apache-tomcat-9.0.87\webapps\bermecars.war.tmp
06-May-2024 15:40:16.965 INFO [http-nio-8082-exec-25] org.apache.catalina.core.ApplicationContext.log Manager: deploy: Deploying web application '/bermecars'
06-May-2024 15:40:16.965 INFO [http-nio-8082-exec-25] org.apache.catalina.core.ApplicationContext.log Manager: Uploading WAR file to C:\Users\jimmy\Desktop\apache-tomcat-9.0.87\webapps\bermecars.war.tmp
06-May-2024 15:40:18.029 INFO [http-nio-8082-exec-28] org.apache.catalina.core.ApplicationContext.log Manager: deploy: Deploying web application '/bermecars'
06-May-2024 15:40:18.029 INFO [http-nio-8082-exec-28] org.apache.catalina.core.ApplicationContext.log Manager: Uploading WAR file to C:\Users\jimmy\Desktop\apache-tomcat-9.0.87\webapps\bermecars.war.tmp
06-May-2024 15:40:46.528 INFO [http-nio-8082-exec-1] org.apache.catalina.core.ApplicationContext.log Manager: init: Associated with Deployer 'Catalina:type=Deployer,host=localhost'
06-May-2024 15:40:46.528 INFO [http-nio-8082-exec-1] org.apache.catalina.core.ApplicationContext.log Manager: init: Global resources are available
06-May-2024 15:40:46.534 INFO [http-nio-8082-exec-1] org.apache.catalina.core.ApplicationContext.log Manager: deploy: Deploying web application '/bermecars'
06-May-2024 15:40:46.534 INFO [http-nio-8082-exec-1] org.apache.catalina.core.ApplicationContext.log Manager: Uploading WAR file to C:\Users\jimmy\Desktop\apache-tomcat-9.0.87\webapps\bermecars.war.tmp
06-May-2024 15:41:21.422 INFO [http-nio-8082-exec-6] org.apache.catalina.core.ApplicationContext.log Manager: undeploy: Undeploying web application at '/bermecars'
06-May-2024 15:41:31.135 INFO [http-nio-8082-exec-5] org.apache.catalina.core.ApplicationContext.log Manager: deploy: Deploying web application '/bermecars'
06-May-2024 15:41:31.135 INFO [http-nio-8082-exec-5] org.apache.catalina.core.ApplicationContext.log Manager: Uploading WAR file to C:\Users\jimmy\Desktop\apache-tomcat-9.0.87\webapps\bermecars.war
06-May-2024 15:42:35.217 INFO [http-nio-8082-exec-15] org.apache.catalina.core.ApplicationContext.log Manager: deploy: Deploying web application '/bermecars'
06-May-2024 15:42:36.283 INFO [http-nio-8082-exec-16] org.apache.catalina.core.ApplicationContext.log Manager: deploy: Deploying web application '/bermecars'
06-May-2024 15:42:37.357 INFO [http-nio-8082-exec-12] org.apache.catalina.core.ApplicationContext.log Manager: deploy: Deploying web application '/bermecars'
06-May-2024 15:42:38.414 INFO [http-nio-8082-exec-13] org.apache.catalina.core.ApplicationContext.log Manager: deploy: Deploying web application '/bermecars'
06-May-2024 15:42:47.946 INFO [http-nio-8082-exec-11] org.apache.catalina.core.ApplicationContext.log Manager: deploy: Deploying web application '/bermecars'
06-May-2024 15:42:47.946 INFO [http-nio-8082-exec-11] org.apache.catalina.core.ApplicationContext.log Manager: Uploading WAR file to C:\Users\jimmy\Desktop\apache-tomcat-9.0.87\webapps\bermecars.war.tmp
06-May-2024 15:43:30.688 INFO [http-nio-8082-exec-16] org.apache.catalina.core.ApplicationContext.log Manager: deploy: Deploying web application '/bermecars'
06-May-2024 15:43:30.688 INFO [http-nio-8082-exec-16] org.apache.catalina.core.ApplicationContext.log Manager: Uploading WAR file to C:\Users\jimmy\Desktop\apache-tomcat-9.0.87\webapps\bermecars.war.tmp
06-May-2024 15:44:40.715 INFO [http-nio-8082-exec-1] org.apache.catalina.core.ApplicationContext.log Manager: init: Associated with Deployer 'Catalina:type=Deployer,host=localhost'
06-May-2024 15:44:40.715 INFO [http-nio-8082-exec-1] org.apache.catalina.core.ApplicationContext.log Manager: init: Global resources are available
06-May-2024 15:44:40.722 INFO [http-nio-8082-exec-1] org.apache.catalina.core.ApplicationContext.log Manager: deploy: Deploying web application '/bermecars'
06-May-2024 15:44:40.722 INFO [http-nio-8082-exec-1] org.apache.catalina.core.ApplicationContext.log Manager: Uploading WAR file to C:\Users\jimmy\Desktop\apache-tomcat-9.0.87\webapps\bermecars.war.tmp
06-May-2024 15:50:47.866 INFO [http-nio-8082-exec-1] org.apache.catalina.core.ApplicationContext.log Manager: init: Associated with Deployer 'Catalina:type=Deployer,host=localhost'
06-May-2024 15:50:47.866 INFO [http-nio-8082-exec-1] org.apache.catalina.core.ApplicationContext.log Manager: init: Global resources are available
06-May-2024 15:50:47.872 INFO [http-nio-8082-exec-1] org.apache.catalina.core.ApplicationContext.log Manager: deploy: Deploying web application '/bermecars'
06-May-2024 15:50:47.872 INFO [http-nio-8082-exec-1] org.apache.catalina.core.ApplicationContext.log Manager: Uploading WAR file to C:\Users\jimmy\Desktop\apache-tomcat-9.0.87\webapps\bermecars.war.tmp
06-May-2024 15:50:56.586 INFO [http-nio-8082-exec-6] org.apache.catalina.core.ApplicationContext.log Manager: deploy: Deploying web application '/bermecars'
06-May-2024 15:50:57.676 INFO [http-nio-8082-exec-9] org.apache.catalina.core.ApplicationContext.log Manager: deploy: Deploying web application '/bermecars'
06-May-2024 15:50:58.748 INFO [http-nio-8082-exec-10] org.apache.catalina.core.ApplicationContext.log Manager: deploy: Deploying web application '/bermecars'
06-May-2024 15:50:59.819 INFO [http-nio-8082-exec-7] org.apache.catalina.core.ApplicationContext.log Manager: deploy: Deploying web application '/bermecars'
06-May-2024 15:52:37.750 INFO [http-nio-8082-exec-2] org.apache.catalina.core.ApplicationContext.log Manager: init: Associated with Deployer 'Catalina:type=Deployer,host=localhost'
06-May-2024 15:52:37.752 INFO [http-nio-8082-exec-2] org.apache.catalina.core.ApplicationContext.log Manager: init: Global resources are available
06-May-2024 15:52:37.763 INFO [http-nio-8082-exec-2] org.apache.catalina.core.ApplicationContext.log Manager: deploy: Deploying web application '/bermecars'
06-May-2024 15:52:37.764 INFO [http-nio-8082-exec-2] org.apache.catalina.core.ApplicationContext.log Manager: Uploading WAR file to C:\Users\jimmy\Desktop\apache-tomcat-9.0.87\webapps\bermecars.war.tmp
06-May-2024 15:53:51.486 INFO [http-nio-8082-exec-1] org.apache.catalina.core.ApplicationContext.log Manager: init: Associated with Deployer 'Catalina:type=Deployer,host=localhost'
06-May-2024 15:53:51.486 INFO [http-nio-8082-exec-1] org.apache.catalina.core.ApplicationContext.log Manager: init: Global resources are available
06-May-2024 15:53:51.492 INFO [http-nio-8082-exec-1] org.apache.catalina.core.ApplicationContext.log Manager: deploy: Deploying web application '/bermecars'
06-May-2024 15:53:51.492 INFO [http-nio-8082-exec-1] org.apache.catalina.core.ApplicationContext.log Manager: Uploading WAR file to C:\Users\jimmy\Desktop\apache-tomcat-9.0.87\webapps\bermecars.war.tmp
06-May-2024 15:57:48.673 INFO [http-nio-8082-exec-11] org.apache.catalina.core.ApplicationContext.log Manager: deploy: Deploying web application '/bermecars'
06-May-2024 15:57:48.674 INFO [http-nio-8082-exec-11] org.apache.catalina.core.ApplicationContext.log Manager: Uploading WAR file to C:\Users\jimmy\Desktop\apache-tomcat-9.0.87\webapps\bermecars.war.tmp
06-May-2024 15:59:28.939 INFO [http-nio-8082-exec-14] org.apache.catalina.core.ApplicationContext.log Manager: deploy: Deploying web application '/bermecars'
06-May-2024 15:59:28.939 INFO [http-nio-8082-exec-14] org.apache.catalina.core.ApplicationContext.log Manager: Uploading WAR file to C:\Users\jimmy\Desktop\apache-tomcat-9.0.87\webapps\bermecars.war.tmp
06-May-2024 19:45:53.091 INFO [http-nio-8082-exec-1] org.apache.catalina.core.ApplicationContext.log Manager: init: Associated with Deployer 'Catalina:type=Deployer,host=localhost'
06-May-2024 19:45:53.091 INFO [http-nio-8082-exec-1] org.apache.catalina.core.ApplicationContext.log Manager: init: Global resources are available
06-May-2024 19:45:53.096 INFO [http-nio-8082-exec-1] org.apache.catalina.core.ApplicationContext.log Manager: deploy: Deploying web application '/bermecars'
06-May-2024 19:45:53.096 INFO [http-nio-8082-exec-1] org.apache.catalina.core.ApplicationContext.log Manager: Uploading WAR file to C:\Users\jimmy\Desktop\apache-tomcat-9.0.87\webapps\bermecars.war.tmp
06-May-2024 19:48:28.543 INFO [http-nio-8082-exec-11] org.apache.catalina.core.ApplicationContext.log Manager: deploy: Deploying web application '/bermecars'
06-May-2024 19:48:28.543 INFO [http-nio-8082-exec-11] org.apache.catalina.core.ApplicationContext.log Manager: Uploading WAR file to C:\Users\jimmy\Desktop\apache-tomcat-9.0.87\webapps\bermecars.war.tmp
06-May-2024 19:55:56.259 INFO [http-nio-8082-exec-1] org.apache.catalina.core.ApplicationContext.log Manager: init: Associated with Deployer 'Catalina:type=Deployer,host=localhost'
06-May-2024 19:55:56.259 INFO [http-nio-8082-exec-1] org.apache.catalina.core.ApplicationContext.log Manager: init: Global resources are available
06-May-2024 19:55:56.259 INFO [http-nio-8082-exec-1] org.apache.catalina.core.ApplicationContext.log Manager: deploy: Deploying web application '/bermecars'
06-May-2024 19:55:56.259 INFO [http-nio-8082-exec-1] org.apache.catalina.core.ApplicationContext.log Manager: Uploading WAR file to C:\Users\jimmy\Desktop\apache-tomcat-9.0.87\webapps\bermecars.war.tmp
06-May-2024 20:10:00.242 INFO [http-nio-8082-exec-1] org.apache.catalina.core.ApplicationContext.log Manager: init: Associated with Deployer 'Catalina:type=Deployer,host=localhost'
06-May-2024 20:10:00.243 INFO [http-nio-8082-exec-1] org.apache.catalina.core.ApplicationContext.log Manager: init: Global resources are available
06-May-2024 20:10:00.248 INFO [http-nio-8082-exec-1] org.apache.catalina.core.ApplicationContext.log Manager: deploy: Deploying web application '/bermecars'
06-May-2024 20:10:00.248 INFO [http-nio-8082-exec-1] org.apache.catalina.core.ApplicationContext.log Manager: Uploading WAR file to C:\Users\jimmy\Desktop\apache-tomcat-9.0.87\webapps\bermecars.war
06-May-2024 20:12:13.552 INFO [http-nio-8082-exec-9] org.apache.catalina.core.ApplicationContext.log Manager: deploy: Deploying web application '/bermecars'
06-May-2024 20:12:13.552 INFO [http-nio-8082-exec-9] org.apache.catalina.core.ApplicationContext.log Manager: Uploading WAR file to C:\Users\jimmy\Desktop\apache-tomcat-9.0.87\webapps\bermecars.war.tmp
06-May-2024 20:12:14.614 INFO [http-nio-8082-exec-4] org.apache.catalina.core.ApplicationContext.log Manager: deploy: Deploying web application '/bermecars'
06-May-2024 20:12:14.614 INFO [http-nio-8082-exec-4] org.apache.catalina.core.ApplicationContext.log Manager: Uploading WAR file to C:\Users\jimmy\Desktop\apache-tomcat-9.0.87\webapps\bermecars.war.tmp
06-May-2024 20:12:15.662 INFO [http-nio-8082-exec-10] org.apache.catalina.core.ApplicationContext.log Manager: deploy: Deploying web application '/bermecars'
06-May-2024 20:12:15.663 INFO [http-nio-8082-exec-10] org.apache.catalina.core.ApplicationContext.log Manager: Uploading WAR file to C:\Users\jimmy\Desktop\apache-tomcat-9.0.87\webapps\bermecars.war.tmp
06-May-2024 20:12:16.723 INFO [http-nio-8082-exec-2] org.apache.catalina.core.ApplicationContext.log Manager: deploy: Deploying web application '/bermecars'
06-May-2024 20:12:16.723 INFO [http-nio-8082-exec-2] org.apache.catalina.core.ApplicationContext.log Manager: Uploading WAR file to C:\Users\jimmy\Desktop\apache-tomcat-9.0.87\webapps\bermecars.war.tmp
06-May-2024 20:12:27.406 INFO [http-nio-8082-exec-8] org.apache.catalina.core.ApplicationContext.log Manager: deploy: Deploying web application '/bermecars'
06-May-2024 20:12:27.406 INFO [http-nio-8082-exec-8] org.apache.catalina.core.ApplicationContext.log Manager: Uploading WAR file to C:\Users\jimmy\Desktop\apache-tomcat-9.0.87\webapps\bermecars.war.tmp
06-May-2024 20:12:28.472 INFO [http-nio-8082-exec-3] org.apache.catalina.core.ApplicationContext.log Manager: deploy: Deploying web application '/bermecars'
06-May-2024 20:12:28.473 INFO [http-nio-8082-exec-3] org.apache.catalina.core.ApplicationContext.log Manager: Uploading WAR file to C:\Users\jimmy\Desktop\apache-tomcat-9.0.87\webapps\bermecars.war.tmp
06-May-2024 20:12:29.535 INFO [http-nio-8082-exec-5] org.apache.catalina.core.ApplicationContext.log Manager: deploy: Deploying web application '/bermecars'
06-May-2024 20:12:29.535 INFO [http-nio-8082-exec-5] org.apache.catalina.core.ApplicationContext.log Manager: Uploading WAR file to C:\Users\jimmy\Desktop\apache-tomcat-9.0.87\webapps\bermecars.war.tmp
06-May-2024 20:12:30.592 INFO [http-nio-8082-exec-7] org.apache.catalina.core.ApplicationContext.log Manager: deploy: Deploying web application '/bermecars'
06-May-2024 20:12:30.592 INFO [http-nio-8082-exec-7] org.apache.catalina.core.ApplicationContext.log Manager: Uploading WAR file to C:\Users\jimmy\Desktop\apache-tomcat-9.0.87\webapps\bermecars.war.tmp
06-May-2024 20:13:12.547 INFO [http-nio-8082-exec-6] org.apache.catalina.core.ApplicationContext.log Manager: deploy: Deploying web application '/bermecars'
06-May-2024 20:13:12.547 INFO [http-nio-8082-exec-6] org.apache.catalina.core.ApplicationContext.log Manager: Uploading WAR file to C:\Users\jimmy\Desktop\apache-tomcat-9.0.87\webapps\bermecars.war
06-May-2024 20:13:13.615 INFO [http-nio-8082-exec-9] org.apache.catalina.core.ApplicationContext.log Manager: deploy: Deploying web application '/bermecars'
06-May-2024 20:13:13.616 INFO [http-nio-8082-exec-9] org.apache.catalina.core.ApplicationContext.log Manager: Uploading WAR file to C:\Users\jimmy\Desktop\apache-tomcat-9.0.87\webapps\bermecars.war
06-May-2024 20:13:14.685 INFO [http-nio-8082-exec-4] org.apache.catalina.core.ApplicationContext.log Manager: deploy: Deploying web application '/bermecars'
06-May-2024 20:13:14.685 INFO [http-nio-8082-exec-4] org.apache.catalina.core.ApplicationContext.log Manager: Uploading WAR file to C:\Users\jimmy\Desktop\apache-tomcat-9.0.87\webapps\bermecars.war
06-May-2024 20:13:15.744 INFO [http-nio-8082-exec-10] org.apache.catalina.core.ApplicationContext.log Manager: deploy: Deploying web application '/bermecars'
06-May-2024 20:13:15.744 INFO [http-nio-8082-exec-10] org.apache.catalina.core.ApplicationContext.log Manager: Uploading WAR file to C:\Users\jimmy\Desktop\apache-tomcat-9.0.87\webapps\bermecars.war
06-May-2024 20:13:52.392 INFO [http-nio-8082-exec-1] org.apache.catalina.core.ApplicationContext.log Manager: init: Associated with Deployer 'Catalina:type=Deployer,host=localhost'
06-May-2024 20:13:52.392 INFO [http-nio-8082-exec-1] org.apache.catalina.core.ApplicationContext.log Manager: init: Global resources are available
06-May-2024 20:13:52.400 INFO [http-nio-8082-exec-1] org.apache.catalina.core.ApplicationContext.log Manager: deploy: Deploying web application '/bermecars'
06-May-2024 20:13:53.355 INFO [http-nio-8082-exec-3] org.apache.catalina.core.ApplicationContext.log Manager: deploy: Deploying web application '/bermecars'
06-May-2024 20:13:54.430 INFO [http-nio-8082-exec-4] org.apache.catalina.core.ApplicationContext.log Manager: deploy: Deploying web application '/bermecars'
06-May-2024 20:13:55.481 INFO [http-nio-8082-exec-6] org.apache.catalina.core.ApplicationContext.log Manager: deploy: Deploying web application '/bermecars'
06-May-2024 20:14:07.004 INFO [http-nio-8082-exec-9] org.apache.catalina.core.ApplicationContext.log Manager: deploy: Deploying web application '/bermecars'
06-May-2024 20:14:07.004 INFO [http-nio-8082-exec-9] org.apache.catalina.core.ApplicationContext.log Manager: Uploading WAR file to C:\Users\jimmy\Desktop\apache-tomcat-9.0.87\webapps\bermecars.war.tmp
06-May-2024 20:14:17.767 INFO [http-nio-8082-exec-2] org.apache.catalina.core.ApplicationContext.log Manager: deploy: Deploying web application '/bermecars'
06-May-2024 20:14:18.824 INFO [http-nio-8082-exec-1] org.apache.catalina.core.ApplicationContext.log Manager: deploy: Deploying web application '/bermecars'
06-May-2024 20:14:19.869 INFO [http-nio-8082-exec-3] org.apache.catalina.core.ApplicationContext.log Manager: deploy: Deploying web application '/bermecars'
06-May-2024 20:14:20.920 INFO [http-nio-8082-exec-10] org.apache.catalina.core.ApplicationContext.log Manager: deploy: Deploying web application '/bermecars'
06-May-2024 20:19:40.264 INFO [http-nio-8082-exec-1] org.apache.catalina.core.ApplicationContext.log Manager: init: Associated with Deployer 'Catalina:type=Deployer,host=localhost'
06-May-2024 20:19:40.264 INFO [http-nio-8082-exec-1] org.apache.catalina.core.ApplicationContext.log Manager: init: Global resources are available
06-May-2024 20:19:40.271 INFO [http-nio-8082-exec-1] org.apache.catalina.core.ApplicationContext.log Manager: deploy: Deploying web application '/bermecars'
06-May-2024 20:19:40.271 INFO [http-nio-8082-exec-1] org.apache.catalina.core.ApplicationContext.log Manager: Uploading WAR file to C:\Users\jimmy\Desktop\apache-tomcat-9.0.87\webapps\bermecars.war.tmp
06-May-2024 20:23:02.194 INFO [http-nio-8082-exec-2] org.apache.catalina.core.ApplicationContext.log Manager: init: Associated with Deployer 'Catalina:type=Deployer,host=localhost'
06-May-2024 20:23:02.194 INFO [http-nio-8082-exec-2] org.apache.catalina.core.ApplicationContext.log Manager: init: Global resources are available
06-May-2024 20:23:02.204 INFO [http-nio-8082-exec-2] org.apache.catalina.core.ApplicationContext.log Manager: deploy: Deploying web application '/bermecars'
06-May-2024 20:23:02.204 INFO [http-nio-8082-exec-2] org.apache.catalina.core.ApplicationContext.log Manager: Uploading WAR file to C:\Users\jimmy\Desktop\apache-tomcat-9.0.87\webapps\bermecars.war.tmp
06-May-2024 20:25:14.274 INFO [http-nio-8082-exec-11] org.apache.catalina.core.ApplicationContext.log Manager: deploy: Deploying web application '/bermecars'
06-May-2024 20:25:14.274 INFO [http-nio-8082-exec-11] org.apache.catalina.core.ApplicationContext.log Manager: Uploading WAR file to C:\Users\jimmy\Desktop\apache-tomcat-9.0.87\webapps\bermecars.war.tmp
06-May-2024 20:27:45.660 INFO [http-nio-8082-exec-14] org.apache.catalina.core.ApplicationContext.log Manager: deploy: Deploying web application '/bermecars'
06-May-2024 20:27:45.660 INFO [http-nio-8082-exec-14] org.apache.catalina.core.ApplicationContext.log Manager: Uploading WAR file to C:\Users\jimmy\Desktop\apache-tomcat-9.0.87\webapps\bermecars.war.tmp
06-May-2024 20:30:50.719 INFO [http-nio-8082-exec-19] org.apache.catalina.core.ApplicationContext.log Manager: deploy: Deploying web application '/bermecars'
06-May-2024 20:30:50.720 INFO [http-nio-8082-exec-19] org.apache.catalina.core.ApplicationContext.log Manager: Uploading WAR file to C:\Users\jimmy\Desktop\apache-tomcat-9.0.87\webapps\bermecars.war.tmp
06-May-2024 20:38:15.066 INFO [http-nio-8082-exec-1] org.apache.catalina.core.ApplicationContext.log Manager: init: Associated with Deployer 'Catalina:type=Deployer,host=localhost'
06-May-2024 20:38:15.066 INFO [http-nio-8082-exec-1] org.apache.catalina.core.ApplicationContext.log Manager: init: Global resources are available
06-May-2024 20:38:15.072 INFO [http-nio-8082-exec-1] org.apache.catalina.core.ApplicationContext.log Manager: deploy: Deploying web application '/bermecars'
06-May-2024 20:38:15.072 INFO [http-nio-8082-exec-1] org.apache.catalina.core.ApplicationContext.log Manager: Uploading WAR file to C:\Users\jimmy\Desktop\apache-tomcat-9.0.87\webapps\bermecars.war.tmp
06-May-2024 20:39:32.298 INFO [http-nio-8082-exec-1] org.apache.catalina.core.ApplicationContext.log Manager: init: Associated with Deployer 'Catalina:type=Deployer,host=localhost'
06-May-2024 20:39:32.298 INFO [http-nio-8082-exec-1] org.apache.catalina.core.ApplicationContext.log Manager: init: Global resources are available
06-May-2024 20:39:32.304 INFO [http-nio-8082-exec-1] org.apache.catalina.core.ApplicationContext.log Manager: deploy: Deploying web application '/bermecars'
06-May-2024 20:39:32.304 INFO [http-nio-8082-exec-1] org.apache.catalina.core.ApplicationContext.log Manager: Uploading WAR file to C:\Users\jimmy\Desktop\apache-tomcat-9.0.87\webapps\bermecars.war.tmp
06-May-2024 20:52:59.634 INFO [http-nio-8082-exec-1] org.apache.catalina.core.ApplicationContext.log Manager: init: Associated with Deployer 'Catalina:type=Deployer,host=localhost'
06-May-2024 20:52:59.634 INFO [http-nio-8082-exec-1] org.apache.catalina.core.ApplicationContext.log Manager: init: Global resources are available
06-May-2024 20:52:59.640 INFO [http-nio-8082-exec-1] org.apache.catalina.core.ApplicationContext.log Manager: deploy: Deploying web application '/bermecars'
06-May-2024 20:52:59.640 INFO [http-nio-8082-exec-1] org.apache.catalina.core.ApplicationContext.log Manager: Uploading WAR file to C:\Users\jimmy\Desktop\apache-tomcat-9.0.87\webapps\bermecars.war.tmp
06-May-2024 21:06:54.314 INFO [http-nio-8082-exec-1] org.apache.catalina.core.ApplicationContext.log Manager: init: Associated with Deployer 'Catalina:type=Deployer,host=localhost'
06-May-2024 21:06:54.314 INFO [http-nio-8082-exec-1] org.apache.catalina.core.ApplicationContext.log Manager: init: Global resources are available
06-May-2024 21:06:54.322 INFO [http-nio-8082-exec-1] org.apache.catalina.core.ApplicationContext.log Manager: deploy: Deploying web application '/bermecars'
06-May-2024 21:06:55.274 INFO [http-nio-8082-exec-2] org.apache.catalina.core.ApplicationContext.log Manager: deploy: Deploying web application '/bermecars'
06-May-2024 21:06:56.336 INFO [http-nio-8082-exec-6] org.apache.catalina.core.ApplicationContext.log Manager: deploy: Deploying web application '/bermecars'
06-May-2024 21:06:57.397 INFO [http-nio-8082-exec-9] org.apache.catalina.core.ApplicationContext.log Manager: deploy: Deploying web application '/bermecars'
06-May-2024 21:07:51.915 INFO [http-nio-8082-exec-5] org.apache.catalina.core.ApplicationContext.log Manager: deploy: Deploying web application '/bermecars'
06-May-2024 21:07:53.045 INFO [http-nio-8082-exec-7] org.apache.catalina.core.ApplicationContext.log Manager: deploy: Deploying web application '/bermecars'
06-May-2024 21:07:54.106 INFO [http-nio-8082-exec-3] org.apache.catalina.core.ApplicationContext.log Manager: deploy: Deploying web application '/bermecars'
06-May-2024 21:07:55.163 INFO [http-nio-8082-exec-8] org.apache.catalina.core.ApplicationContext.log Manager: deploy: Deploying web application '/bermecars'
06-May-2024 21:08:11.225 INFO [http-nio-8082-exec-4] org.apache.catalina.core.ApplicationContext.log Manager: undeploy: Undeploying web application at '/bermecars'
06-May-2024 21:08:22.469 INFO [http-nio-8082-exec-5] org.apache.catalina.core.ApplicationContext.log Manager: deploy: Deploying web application '/bermecars'
06-May-2024 21:08:22.469 INFO [http-nio-8082-exec-5] org.apache.catalina.core.ApplicationContext.log Manager: Uploading WAR file to C:\Users\jimmy\Desktop\apache-tomcat-9.0.87\webapps\bermecars.war
06-May-2024 21:46:45.473 INFO [http-nio-8082-exec-1] org.apache.catalina.core.ApplicationContext.log Manager: init: Associated with Deployer 'Catalina:type=Deployer,host=localhost'
06-May-2024 21:46:45.474 INFO [http-nio-8082-exec-1] org.apache.catalina.core.ApplicationContext.log Manager: init: Global resources are available
06-May-2024 21:46:45.481 INFO [http-nio-8082-exec-1] org.apache.catalina.core.ApplicationContext.log Manager: deploy: Deploying web application '/bermecars'
06-May-2024 21:46:46.409 INFO [http-nio-8082-exec-5] org.apache.catalina.core.ApplicationContext.log Manager: deploy: Deploying web application '/bermecars'
06-May-2024 21:46:47.478 INFO [http-nio-8082-exec-7] org.apache.catalina.core.ApplicationContext.log Manager: deploy: Deploying web application '/bermecars'
06-May-2024 21:46:48.538 INFO [http-nio-8082-exec-4] org.apache.catalina.core.ApplicationContext.log Manager: deploy: Deploying web application '/bermecars'
06-May-2024 21:47:26.118 INFO [http-nio-8082-exec-2] org.apache.catalina.core.ApplicationContext.log Manager: deploy: Deploying web application '/bermecars'
06-May-2024 21:47:26.118 INFO [http-nio-8082-exec-2] org.apache.catalina.core.ApplicationContext.log Manager: Uploading WAR file to C:\Users\jimmy\Desktop\apache-tomcat-9.0.87\webapps\bermecars.war.tmp
06-May-2024 22:03:09.765 INFO [http-nio-8082-exec-14] org.apache.catalina.core.ApplicationContext.log Manager: deploy: Deploying web application '/bermecars'
06-May-2024 22:03:09.765 INFO [http-nio-8082-exec-14] org.apache.catalina.core.ApplicationContext.log Manager: Uploading WAR file to C:\Users\jimmy\Desktop\apache-tomcat-9.0.87\webapps\bermecars.war.tmp
06-May-2024 22:11:41.387 INFO [http-nio-8082-exec-26] org.apache.catalina.core.ApplicationContext.log Manager: deploy: Deploying web application '/bermecars'
06-May-2024 22:11:41.388 INFO [http-nio-8082-exec-26] org.apache.catalina.core.ApplicationContext.log Manager: Uploading WAR file to C:\Users\jimmy\Desktop\apache-tomcat-9.0.87\webapps\bermecars.war.tmp
06-May-2024 22:12:11.376 INFO [http-nio-8082-exec-24] org.apache.catalina.core.ApplicationContext.log Manager: deploy: Deploying web application '/bermecars'
06-May-2024 22:12:11.377 INFO [http-nio-8082-exec-24] org.apache.catalina.core.ApplicationContext.log Manager: Uploading WAR file to C:\Users\jimmy\Desktop\apache-tomcat-9.0.87\webapps\bermecars.war.tmp
06-May-2024 22:13:31.882 INFO [http-nio-8082-exec-36] org.apache.catalina.core.ApplicationContext.log Manager: deploy: Deploying web application '/bermecars'
06-May-2024 22:13:31.882 INFO [http-nio-8082-exec-36] org.apache.catalina.core.ApplicationContext.log Manager: Uploading WAR file to C:\Users\jimmy\Desktop\apache-tomcat-9.0.87\webapps\bermecars.war.tmp
06-May-2024 22:14:34.513 INFO [http-nio-8082-exec-40] org.apache.catalina.core.ApplicationContext.log Manager: deploy: Deploying web application '/bermecars'
06-May-2024 22:14:35.576 INFO [http-nio-8082-exec-38] org.apache.catalina.core.ApplicationContext.log Manager: deploy: Deploying web application '/bermecars'
06-May-2024 22:14:36.629 INFO [http-nio-8082-exec-45] org.apache.catalina.core.ApplicationContext.log Manager: deploy: Deploying web application '/bermecars'
06-May-2024 22:14:37.683 INFO [http-nio-8082-exec-23] org.apache.catalina.core.ApplicationContext.log Manager: deploy: Deploying web application '/bermecars'
06-May-2024 22:14:49.115 INFO [http-nio-8082-exec-46] org.apache.catalina.core.ApplicationContext.log Manager: deploy: Deploying web application '/bermecars'
06-May-2024 22:14:49.115 INFO [http-nio-8082-exec-46] org.apache.catalina.core.ApplicationContext.log Manager: Uploading WAR file to C:\Users\jimmy\Desktop\apache-tomcat-9.0.87\webapps\bermecars.war.tmp
06-May-2024 22:17:12.133 INFO [http-nio-8082-exec-53] org.apache.catalina.core.ApplicationContext.log Manager: deploy: Deploying web application '/bermecars'
06-May-2024 22:17:12.133 INFO [http-nio-8082-exec-53] org.apache.catalina.core.ApplicationContext.log Manager: Uploading WAR file to C:\Users\jimmy\Desktop\apache-tomcat-9.0.87\webapps\bermecars.war.tmp
06-May-2024 22:17:41.528 INFO [http-nio-8082-exec-56] org.apache.catalina.core.ApplicationContext.log Manager: deploy: Deploying web application '/bermecars'
06-May-2024 22:17:41.528 INFO [http-nio-8082-exec-56] org.apache.catalina.core.ApplicationContext.log Manager: Uploading WAR file to C:\Users\jimmy\Desktop\apache-tomcat-9.0.87\webapps\bermecars.war.tmp
06-May-2024 22:18:56.670 INFO [http-nio-8082-exec-68] org.apache.catalina.core.ApplicationContext.log Manager: deploy: Deploying web application '/bermecars'
06-May-2024 22:18:56.670 INFO [http-nio-8082-exec-68] org.apache.catalina.core.ApplicationContext.log Manager: Uploading WAR file to C:\Users\jimmy\Desktop\apache-tomcat-9.0.87\webapps\bermecars.war.tmp
06-May-2024 22:19:19.685 INFO [http-nio-8082-exec-67] org.apache.catalina.core.ApplicationContext.log Manager: deploy: Deploying web application '/bermecars'
06-May-2024 22:19:19.686 INFO [http-nio-8082-exec-67] org.apache.catalina.core.ApplicationContext.log Manager: Uploading WAR file to C:\Users\jimmy\Desktop\apache-tomcat-9.0.87\webapps\bermecars.war.tmp
06-May-2024 22:19:38.343 INFO [http-nio-8082-exec-71] org.apache.catalina.core.ApplicationContext.log Manager: deploy: Deploying web application '/bermecars'
06-May-2024 22:19:38.344 INFO [http-nio-8082-exec-71] org.apache.catalina.core.ApplicationContext.log Manager: Uploading WAR file to C:\Users\jimmy\Desktop\apache-tomcat-9.0.87\webapps\bermecars.war.tmp
06-May-2024 22:21:12.417 INFO [http-nio-8082-exec-85] org.apache.catalina.core.ApplicationContext.log Manager: deploy: Deploying web application '/bermecars'
06-May-2024 22:21:12.417 INFO [http-nio-8082-exec-85] org.apache.catalina.core.ApplicationContext.log Manager: Uploading WAR file to C:\Users\jimmy\Desktop\apache-tomcat-9.0.87\webapps\bermecars.war.tmp
06-May-2024 22:21:51.401 INFO [http-nio-8082-exec-78] org.apache.catalina.core.ApplicationContext.log Manager: deploy: Deploying web application '/bermecars'
06-May-2024 22:21:51.401 INFO [http-nio-8082-exec-78] org.apache.catalina.core.ApplicationContext.log Manager: Uploading WAR file to C:\Users\jimmy\Desktop\apache-tomcat-9.0.87\webapps\bermecars.war.tmp
06-May-2024 22:22:33.143 INFO [http-nio-8082-exec-89] org.apache.catalina.core.ApplicationContext.log Manager: deploy: Deploying web application '/bermecars'
06-May-2024 22:22:33.143 INFO [http-nio-8082-exec-89] org.apache.catalina.core.ApplicationContext.log Manager: Uploading WAR file to C:\Users\jimmy\Desktop\apache-tomcat-9.0.87\webapps\bermecars.war.tmp
06-May-2024 22:23:14.334 INFO [http-nio-8082-exec-100] org.apache.catalina.core.ApplicationContext.log Manager: deploy: Deploying web application '/bermecars'
06-May-2024 22:23:14.334 INFO [http-nio-8082-exec-100] org.apache.catalina.core.ApplicationContext.log Manager: Uploading WAR file to C:\Users\jimmy\Desktop\apache-tomcat-9.0.87\webapps\bermecars.war.tmp
06-May-2024 22:24:56.737 INFO [http-nio-8082-exec-105] org.apache.catalina.core.ApplicationContext.log Manager: deploy: Deploying web application '/bermecars'
06-May-2024 22:24:56.737 INFO [http-nio-8082-exec-105] org.apache.catalina.core.ApplicationContext.log Manager: Uploading WAR file to C:\Users\jimmy\Desktop\apache-tomcat-9.0.87\webapps\bermecars.war.tmp
06-May-2024 22:26:16.269 INFO [http-nio-8082-exec-114] org.apache.catalina.core.ApplicationContext.log Manager: deploy: Deploying web application '/bermecars'
06-May-2024 22:26:16.269 INFO [http-nio-8082-exec-114] org.apache.catalina.core.ApplicationContext.log Manager: Uploading WAR file to C:\Users\jimmy\Desktop\apache-tomcat-9.0.87\webapps\bermecars.war.tmp
06-May-2024 22:26:24.667 INFO [http-nio-8082-exec-119] org.apache.catalina.core.ApplicationContext.log Manager: deploy: Deploying web application '/bermecars'
06-May-2024 22:26:24.667 INFO [http-nio-8082-exec-119] org.apache.catalina.core.ApplicationContext.log Manager: Uploading WAR file to C:\Users\jimmy\Desktop\apache-tomcat-9.0.87\webapps\bermecars.war.tmp
06-May-2024 22:27:10.944 INFO [http-nio-8082-exec-124] org.apache.catalina.core.ApplicationContext.log Manager: deploy: Deploying web application '/bermecars'
06-May-2024 22:27:10.944 INFO [http-nio-8082-exec-124] org.apache.catalina.core.ApplicationContext.log Manager: Uploading WAR file to C:\Users\jimmy\Desktop\apache-tomcat-9.0.87\webapps\bermecars.war.tmp
06-May-2024 22:27:35.089 INFO [http-nio-8082-exec-126] org.apache.catalina.core.ApplicationContext.log Manager: deploy: Deploying web application '/bermecars'
06-May-2024 22:27:35.089 INFO [http-nio-8082-exec-126] org.apache.catalina.core.ApplicationContext.log Manager: Uploading WAR file to C:\Users\jimmy\Desktop\apache-tomcat-9.0.87\webapps\bermecars.war.tmp
06-May-2024 22:28:46.484 INFO [http-nio-8082-exec-133] org.apache.catalina.core.ApplicationContext.log Manager: deploy: Deploying web application '/bermecars'
06-May-2024 22:28:46.484 INFO [http-nio-8082-exec-133] org.apache.catalina.core.ApplicationContext.log Manager: Uploading WAR file to C:\Users\jimmy\Desktop\apache-tomcat-9.0.87\webapps\bermecars.war.tmp
06-May-2024 22:35:49.121 INFO [http-nio-8082-exec-140] org.apache.catalina.core.ApplicationContext.log Manager: deploy: Deploying web application '/bermecars'
06-May-2024 22:35:49.122 INFO [http-nio-8082-exec-140] org.apache.catalina.core.ApplicationContext.log Manager: Uploading WAR file to C:\Users\jimmy\Desktop\apache-tomcat-9.0.87\webapps\bermecars.war.tmp
06-May-2024 22:39:47.245 INFO [http-nio-8082-exec-154] org.apache.catalina.core.ApplicationContext.log Manager: deploy: Deploying web application '/bermecars'
06-May-2024 22:39:47.246 INFO [http-nio-8082-exec-154] org.apache.catalina.core.ApplicationContext.log Manager: Uploading WAR file to C:\Users\jimmy\Desktop\apache-tomcat-9.0.87\webapps\bermecars.war.tmp
06-May-2024 22:47:09.086 INFO [http-nio-8082-exec-161] org.apache.catalina.core.ApplicationContext.log Manager: deploy: Deploying web application '/bermecars'
06-May-2024 22:47:09.086 INFO [http-nio-8082-exec-161] org.apache.catalina.core.ApplicationContext.log Manager: Uploading WAR file to C:\Users\jimmy\Desktop\apache-tomcat-9.0.87\webapps\bermecars.war.tmp
06-May-2024 22:48:27.598 INFO [http-nio-8082-exec-170] org.apache.catalina.core.ApplicationContext.log Manager: deploy: Deploying web application '/bermecars'
06-May-2024 22:48:27.599 INFO [http-nio-8082-exec-170] org.apache.catalina.core.ApplicationContext.log Manager: Uploading WAR file to C:\Users\jimmy\Desktop\apache-tomcat-9.0.87\webapps\bermecars.war.tmp
06-May-2024 22:51:09.906 INFO [http-nio-8082-exec-177] org.apache.catalina.core.ApplicationContext.log Manager: deploy: Deploying web application '/bermecars'
06-May-2024 22:51:09.907 INFO [http-nio-8082-exec-177] org.apache.catalina.core.ApplicationContext.log Manager: Uploading WAR file to C:\Users\jimmy\Desktop\apache-tomcat-9.0.87\webapps\bermecars.war.tmp
06-May-2024 22:51:39.896 INFO [http-nio-8082-exec-181] org.apache.catalina.core.ApplicationContext.log Manager: deploy: Deploying web application '/bermecars'
06-May-2024 22:51:39.896 INFO [http-nio-8082-exec-181] org.apache.catalina.core.ApplicationContext.log Manager: Uploading WAR file to C:\Users\jimmy\Desktop\apache-tomcat-9.0.87\webapps\bermecars.war.tmp
06-May-2024 22:52:15.122 INFO [http-nio-8082-exec-174] org.apache.catalina.core.ApplicationContext.log Manager: deploy: Deploying web application '/bermecars'
06-May-2024 22:52:15.122 INFO [http-nio-8082-exec-174] org.apache.catalina.core.ApplicationContext.log Manager: Uploading WAR file to C:\Users\jimmy\Desktop\apache-tomcat-9.0.87\webapps\bermecars.war.tmp
06-May-2024 22:53:33.216 INFO [http-nio-8082-exec-194] org.apache.catalina.core.ApplicationContext.log Manager: deploy: Deploying web application '/bermecars'
06-May-2024 22:53:33.216 INFO [http-nio-8082-exec-194] org.apache.catalina.core.ApplicationContext.log Manager: Uploading WAR file to C:\Users\jimmy\Desktop\apache-tomcat-9.0.87\webapps\bermecars.war.tmp
06-May-2024 22:54:52.599 INFO [http-nio-8082-exec-196] org.apache.catalina.core.ApplicationContext.log Manager: deploy: Deploying web application '/bermecars'
06-May-2024 22:54:52.600 INFO [http-nio-8082-exec-196] org.apache.catalina.core.ApplicationContext.log Manager: Uploading WAR file to C:\Users\jimmy\Desktop\apache-tomcat-9.0.87\webapps\bermecars.war.tmp
06-May-2024 22:56:14.652 INFO [http-nio-8082-exec-205] org.apache.catalina.core.ApplicationContext.log Manager: deploy: Deploying web application '/bermecars'
06-May-2024 22:56:14.652 INFO [http-nio-8082-exec-205] org.apache.catalina.core.ApplicationContext.log Manager: Uploading WAR file to C:\Users\jimmy\Desktop\apache-tomcat-9.0.87\webapps\bermecars.war.tmp
06-May-2024 22:56:32.500 INFO [http-nio-8082-exec-209] org.apache.catalina.core.ApplicationContext.log Manager: deploy: Deploying web application '/bermecars'
06-May-2024 22:56:32.500 INFO [http-nio-8082-exec-209] org.apache.catalina.core.ApplicationContext.log Manager: Uploading WAR file to C:\Users\jimmy\Desktop\apache-tomcat-9.0.87\webapps\bermecars.war.tmp
06-May-2024 22:57:31.792 INFO [http-nio-8082-exec-200] org.apache.catalina.core.ApplicationContext.log Manager: deploy: Deploying web application '/bermecars'
06-May-2024 22:57:31.792 INFO [http-nio-8082-exec-200] org.apache.catalina.core.ApplicationContext.log Manager: Uploading WAR file to C:\Users\jimmy\Desktop\apache-tomcat-9.0.87\webapps\bermecars.war.tmp
06-May-2024 22:57:43.133 INFO [http-nio-8082-exec-214] org.apache.catalina.core.ApplicationContext.log Manager: deploy: Deploying web application '/bermecars'
06-May-2024 22:57:43.133 INFO [http-nio-8082-exec-214] org.apache.catalina.core.ApplicationContext.log Manager: Uploading WAR file to C:\Users\jimmy\Desktop\apache-tomcat-9.0.87\webapps\bermecars.war.tmp
06-May-2024 23:30:04.491 INFO [http-nio-8082-exec-1] org.apache.catalina.core.ApplicationContext.log Manager: init: Associated with Deployer 'Catalina:type=Deployer,host=localhost'
06-May-2024 23:30:04.496 INFO [http-nio-8082-exec-1] org.apache.catalina.core.ApplicationContext.log Manager: init: Global resources are available
06-May-2024 23:30:04.526 INFO [http-nio-8082-exec-1] org.apache.catalina.core.ApplicationContext.log Manager: deploy: Deploying web application '/bermecars'
06-May-2024 23:30:04.527 INFO [http-nio-8082-exec-1] org.apache.catalina.core.ApplicationContext.log Manager: Uploading WAR file to C:\Users\jimmy\Desktop\apache-tomcat-9.0.87\webapps\bermecars.war.tmp
06-May-2024 23:32:22.759 INFO [http-nio-8082-exec-4] org.apache.catalina.core.ApplicationContext.log Manager: deploy: Deploying web application '/bermecars'
06-May-2024 23:32:22.759 INFO [http-nio-8082-exec-4] org.apache.catalina.core.ApplicationContext.log Manager: Uploading WAR file to C:\Users\jimmy\Desktop\apache-tomcat-9.0.87\webapps\bermecars.war.tmp
06-May-2024 23:33:12.649 INFO [http-nio-8082-exec-5] org.apache.catalina.core.ApplicationContext.log Manager: deploy: Deploying web application '/bermecars'
06-May-2024 23:33:12.650 INFO [http-nio-8082-exec-5] org.apache.catalina.core.ApplicationContext.log Manager: Uploading WAR file to C:\Users\jimmy\Desktop\apache-tomcat-9.0.87\webapps\bermecars.war.tmp
06-May-2024 23:33:51.625 INFO [http-nio-8082-exec-10] org.apache.catalina.core.ApplicationContext.log Manager: deploy: Deploying web application '/bermecars'
06-May-2024 23:33:51.625 INFO [http-nio-8082-exec-10] org.apache.catalina.core.ApplicationContext.log Manager: Uploading WAR file to C:\Users\jimmy\Desktop\apache-tomcat-9.0.87\webapps\bermecars.war.tmp
06-May-2024 23:34:52.705 INFO [http-nio-8082-exec-19] org.apache.catalina.core.ApplicationContext.log Manager: deploy: Deploying web application '/bermecars'
06-May-2024 23:34:52.706 INFO [http-nio-8082-exec-19] org.apache.catalina.core.ApplicationContext.log Manager: Uploading WAR file to C:\Users\jimmy\Desktop\apache-tomcat-9.0.87\webapps\bermecars.war.tmp
06-May-2024 23:35:24.795 INFO [http-nio-8082-exec-1] org.apache.catalina.core.ApplicationContext.log Manager: deploy: Deploying web application '/bermecars'
06-May-2024 23:35:24.796 INFO [http-nio-8082-exec-1] org.apache.catalina.core.ApplicationContext.log Manager: Uploading WAR file to C:\Users\jimmy\Desktop\apache-tomcat-9.0.87\webapps\bermecars.war.tmp
06-May-2024 23:35:47.009 INFO [http-nio-8082-exec-15] org.apache.catalina.core.ApplicationContext.log Manager: deploy: Deploying web application '/bermecars'
06-May-2024 23:35:47.009 INFO [http-nio-8082-exec-15] org.apache.catalina.core.ApplicationContext.log Manager: Uploading WAR file to C:\Users\jimmy\Desktop\apache-tomcat-9.0.87\webapps\bermecars.war.tmp
06-May-2024 23:36:19.412 INFO [http-nio-8082-exec-18] org.apache.catalina.core.ApplicationContext.log Manager: deploy: Deploying web application '/bermecars'
06-May-2024 23:36:19.412 INFO [http-nio-8082-exec-18] org.apache.catalina.core.ApplicationContext.log Manager: Uploading WAR file to C:\Users\jimmy\Desktop\apache-tomcat-9.0.87\webapps\bermecars.war.tmp
06-May-2024 23:36:43.598 INFO [http-nio-8082-exec-24] org.apache.catalina.core.ApplicationContext.log Manager: deploy: Deploying web application '/bermecars'
06-May-2024 23:36:43.598 INFO [http-nio-8082-exec-24] org.apache.catalina.core.ApplicationContext.log Manager: Uploading WAR file to C:\Users\jimmy\Desktop\apache-tomcat-9.0.87\webapps\bermecars.war.tmp
06-May-2024 23:39:07.006 INFO [http-nio-8082-exec-38] org.apache.catalina.core.ApplicationContext.log Manager: deploy: Deploying web application '/bermecars'
06-May-2024 23:39:07.006 INFO [http-nio-8082-exec-38] org.apache.catalina.core.ApplicationContext.log Manager: Uploading WAR file to C:\Users\jimmy\Desktop\apache-tomcat-9.0.87\webapps\bermecars.war.tmp
06-May-2024 23:41:29.606 INFO [http-nio-8082-exec-44] org.apache.catalina.core.ApplicationContext.log Manager: deploy: Deploying web application '/bermecars'
06-May-2024 23:41:29.607 INFO [http-nio-8082-exec-44] org.apache.catalina.core.ApplicationContext.log Manager: Uploading WAR file to C:\Users\jimmy\Desktop\apache-tomcat-9.0.87\webapps\bermecars.war.tmp
06-May-2024 23:43:00.031 INFO [http-nio-8082-exec-55] org.apache.catalina.core.ApplicationContext.log Manager: deploy: Deploying web application '/bermecars'
06-May-2024 23:43:00.031 INFO [http-nio-8082-exec-55] org.apache.catalina.core.ApplicationContext.log Manager: Uploading WAR file to C:\Users\jimmy\Desktop\apache-tomcat-9.0.87\webapps\bermecars.war.tmp
06-May-2024 23:43:39.229 INFO [http-nio-8082-exec-61] org.apache.catalina.core.ApplicationContext.log Manager: deploy: Deploying web application '/bermecars'
06-May-2024 23:43:39.230 INFO [http-nio-8082-exec-61] org.apache.catalina.core.ApplicationContext.log Manager: Uploading WAR file to C:\Users\jimmy\Desktop\apache-tomcat-9.0.87\webapps\bermecars.war.tmp
06-May-2024 23:44:26.880 INFO [http-nio-8082-exec-69] org.apache.catalina.core.ApplicationContext.log Manager: deploy: Deploying web application '/bermecars'
06-May-2024 23:44:26.880 INFO [http-nio-8082-exec-69] org.apache.catalina.core.ApplicationContext.log Manager: Uploading WAR file to C:\Users\jimmy\Desktop\apache-tomcat-9.0.87\webapps\bermecars.war.tmp
06-May-2024 23:45:22.509 INFO [http-nio-8082-exec-73] org.apache.catalina.core.ApplicationContext.log Manager: deploy: Deploying web application '/bermecars'
06-May-2024 23:45:22.509 INFO [http-nio-8082-exec-73] org.apache.catalina.core.ApplicationContext.log Manager: Uploading WAR file to C:\Users\jimmy\Desktop\apache-tomcat-9.0.87\webapps\bermecars.war.tmp
06-May-2024 23:46:51.401 INFO [http-nio-8082-exec-81] org.apache.catalina.core.ApplicationContext.log Manager: deploy: Deploying web application '/bermecars'
06-May-2024 23:46:51.401 INFO [http-nio-8082-exec-81] org.apache.catalina.core.ApplicationContext.log Manager: Uploading WAR file to C:\Users\jimmy\Desktop\apache-tomcat-9.0.87\webapps\bermecars.war.tmp
06-May-2024 23:47:02.951 INFO [http-nio-8082-exec-84] org.apache.catalina.core.ApplicationContext.log Manager: deploy: Deploying web application '/bermecars'
06-May-2024 23:47:02.951 INFO [http-nio-8082-exec-84] org.apache.catalina.core.ApplicationContext.log Manager: Uploading WAR file to C:\Users\jimmy\Desktop\apache-tomcat-9.0.87\webapps\bermecars.war.tmp
06-May-2024 23:49:16.858 INFO [http-nio-8082-exec-89] org.apache.catalina.core.ApplicationContext.log Manager: deploy: Deploying web application '/bermecars'
06-May-2024 23:49:16.859 INFO [http-nio-8082-exec-89] org.apache.catalina.core.ApplicationContext.log Manager: Uploading WAR file to C:\Users\jimmy\Desktop\apache-tomcat-9.0.87\webapps\bermecars.war.tmp
06-May-2024 23:52:33.692 INFO [http-nio-8082-exec-97] org.apache.catalina.core.ApplicationContext.log Manager: deploy: Deploying web application '/bermecars'
06-May-2024 23:52:33.692 INFO [http-nio-8082-exec-97] org.apache.catalina.core.ApplicationContext.log Manager: Uploading WAR file to C:\Users\jimmy\Desktop\apache-tomcat-9.0.87\webapps\bermecars.war.tmp
06-May-2024 23:52:59.290 INFO [http-nio-8082-exec-96] org.apache.catalina.core.ApplicationContext.log Manager: deploy: Deploying web application '/bermecars'
06-May-2024 23:52:59.291 INFO [http-nio-8082-exec-96] org.apache.catalina.core.ApplicationContext.log Manager: Uploading WAR file to C:\Users\jimmy\Desktop\apache-tomcat-9.0.87\webapps\bermecars.war.tmp
06-May-2024 23:53:35.683 INFO [http-nio-8082-exec-106] org.apache.catalina.core.ApplicationContext.log Manager: deploy: Deploying web application '/bermecars'
06-May-2024 23:53:35.683 INFO [http-nio-8082-exec-106] org.apache.catalina.core.ApplicationContext.log Manager: Uploading WAR file to C:\Users\jimmy\Desktop\apache-tomcat-9.0.87\webapps\bermecars.war.tmp
06-May-2024 23:54:09.608 INFO [http-nio-8082-exec-112] org.apache.catalina.core.ApplicationContext.log Manager: deploy: Deploying web application '/bermecars'
06-May-2024 23:54:09.608 INFO [http-nio-8082-exec-112] org.apache.catalina.core.ApplicationContext.log Manager: Uploading WAR file to C:\Users\jimmy\Desktop\apache-tomcat-9.0.87\webapps\bermecars.war.tmp
06-May-2024 23:54:36.000 INFO [http-nio-8082-exec-99] org.apache.catalina.core.ApplicationContext.log Manager: deploy: Deploying web application '/bermecars'
06-May-2024 23:54:36.001 INFO [http-nio-8082-exec-99] org.apache.catalina.core.ApplicationContext.log Manager: Uploading WAR file to C:\Users\jimmy\Desktop\apache-tomcat-9.0.87\webapps\bermecars.war.tmp
