04-May-2024 09:21:47.694 INFO [http-nio-8082-exec-1] org.apache.catalina.core.ApplicationContext.log Manager: init: Associated with Deployer 'Catalina:type=Deployer,host=localhost'
04-May-2024 09:21:47.694 INFO [http-nio-8082-exec-1] org.apache.catalina.core.ApplicationContext.log Manager: init: Global resources are available
04-May-2024 09:21:47.712 INFO [http-nio-8082-exec-1] org.apache.catalina.core.ApplicationContext.log Manager: deploy: Deploying web application '/coches'
04-May-2024 09:21:47.712 INFO [http-nio-8082-exec-1] org.apache.catalina.core.ApplicationContext.log Manager: Uploading WAR file to C:\Users\jimmy\Desktop\apache-tomcat-9.0.87\webapps\coches.war.tmp
04-May-2024 09:24:42.017 INFO [http-nio-8082-exec-16] org.apache.catalina.core.ApplicationContext.log Manager: deploy: Deploying web application '/coches'
04-May-2024 09:24:42.018 INFO [http-nio-8082-exec-16] org.apache.catalina.core.ApplicationContext.log Manager: Uploading WAR file to C:\Users\jimmy\Desktop\apache-tomcat-9.0.87\webapps\coches.war.tmp
04-May-2024 09:24:52.453 INFO [http-nio-8082-exec-20] org.apache.catalina.core.ApplicationContext.log Manager: deploy: Deploying web application '/coches'
04-May-2024 09:24:52.454 INFO [http-nio-8082-exec-20] org.apache.catalina.core.ApplicationContext.log Manager: Uploading WAR file to C:\Users\jimmy\Desktop\apache-tomcat-9.0.87\webapps\coches.war.tmp
04-May-2024 09:26:07.673 INFO [http-nio-8082-exec-22] org.apache.catalina.core.ApplicationContext.log Manager: deploy: Deploying web application '/coches'
04-May-2024 09:26:07.673 INFO [http-nio-8082-exec-22] org.apache.catalina.core.ApplicationContext.log Manager: Uploading WAR file to C:\Users\jimmy\Desktop\apache-tomcat-9.0.87\webapps\coches.war.tmp
04-May-2024 09:26:15.364 INFO [http-nio-8082-exec-27] org.apache.catalina.core.ApplicationContext.log Manager: deploy: Deploying web application '/coches'
04-May-2024 09:26:15.364 INFO [http-nio-8082-exec-27] org.apache.catalina.core.ApplicationContext.log Manager: Uploading WAR file to C:\Users\jimmy\Desktop\apache-tomcat-9.0.87\webapps\coches.war.tmp
04-May-2024 09:36:39.577 INFO [http-nio-8082-exec-34] org.apache.catalina.core.ApplicationContext.log Manager: deploy: Deploying web application '/coches'
04-May-2024 09:36:39.578 INFO [http-nio-8082-exec-34] org.apache.catalina.core.ApplicationContext.log Manager: Uploading WAR file to C:\Users\jimmy\Desktop\apache-tomcat-9.0.87\webapps\coches.war.tmp
04-May-2024 09:38:49.580 INFO [http-nio-8082-exec-43] org.apache.catalina.core.ApplicationContext.log Manager: deploy: Deploying web application '/coches'
04-May-2024 09:38:49.580 INFO [http-nio-8082-exec-43] org.apache.catalina.core.ApplicationContext.log Manager: Uploading WAR file to C:\Users\jimmy\Desktop\apache-tomcat-9.0.87\webapps\coches.war.tmp
04-May-2024 09:43:12.700 INFO [http-nio-8082-exec-54] org.apache.catalina.core.ApplicationContext.log Manager: deploy: Deploying web application '/coches'
04-May-2024 09:43:12.700 INFO [http-nio-8082-exec-54] org.apache.catalina.core.ApplicationContext.log Manager: Uploading WAR file to C:\Users\jimmy\Desktop\apache-tomcat-9.0.87\webapps\coches.war.tmp
04-May-2024 09:47:44.245 INFO [http-nio-8082-exec-61] org.apache.catalina.core.ApplicationContext.log Manager: deploy: Deploying web application '/coches'
04-May-2024 09:47:44.245 INFO [http-nio-8082-exec-61] org.apache.catalina.core.ApplicationContext.log Manager: Uploading WAR file to C:\Users\jimmy\Desktop\apache-tomcat-9.0.87\webapps\coches.war.tmp
04-May-2024 10:12:29.113 INFO [http-nio-8082-exec-71] org.apache.catalina.core.ApplicationContext.log Manager: deploy: Deploying web application '/coches'
04-May-2024 10:12:29.113 INFO [http-nio-8082-exec-71] org.apache.catalina.core.ApplicationContext.log Manager: Uploading WAR file to C:\Users\jimmy\Desktop\apache-tomcat-9.0.87\webapps\coches.war.tmp
04-May-2024 10:13:24.609 INFO [http-nio-8082-exec-72] org.apache.catalina.core.ApplicationContext.log Manager: deploy: Deploying web application '/coches'
04-May-2024 10:13:24.610 INFO [http-nio-8082-exec-72] org.apache.catalina.core.ApplicationContext.log Manager: Uploading WAR file to C:\Users\jimmy\Desktop\apache-tomcat-9.0.87\webapps\coches.war.tmp
04-May-2024 10:21:32.618 INFO [http-nio-8082-exec-89] org.apache.catalina.core.ApplicationContext.log Manager: deploy: Deploying web application '/coches'
04-May-2024 10:21:32.618 INFO [http-nio-8082-exec-89] org.apache.catalina.core.ApplicationContext.log Manager: Uploading WAR file to C:\Users\jimmy\Desktop\apache-tomcat-9.0.87\webapps\coches.war.tmp
04-May-2024 10:27:13.116 INFO [http-nio-8082-exec-100] org.apache.catalina.core.ApplicationContext.log Manager: deploy: Deploying web application '/bermecars'
04-May-2024 10:27:13.116 INFO [http-nio-8082-exec-100] org.apache.catalina.core.ApplicationContext.log Manager: Uploading WAR file to C:\Users\jimmy\Desktop\apache-tomcat-9.0.87\webapps\bermecars.war.tmp
04-May-2024 10:28:58.709 INFO [http-nio-8082-exec-103] org.apache.catalina.core.ApplicationContext.log Manager: deploy: Deploying web application '/bermecars'
04-May-2024 10:28:58.709 INFO [http-nio-8082-exec-103] org.apache.catalina.core.ApplicationContext.log Manager: Uploading WAR file to C:\Users\jimmy\Desktop\apache-tomcat-9.0.87\webapps\bermecars.war.tmp
04-May-2024 10:29:35.229 INFO [http-nio-8082-exec-99] org.apache.catalina.core.ApplicationContext.log Manager: deploy: Deploying web application '/bermecars'
04-May-2024 10:29:35.229 INFO [http-nio-8082-exec-99] org.apache.catalina.core.ApplicationContext.log Manager: Uploading WAR file to C:\Users\jimmy\Desktop\apache-tomcat-9.0.87\webapps\bermecars.war.tmp
04-May-2024 11:11:10.406 INFO [http-nio-8082-exec-121] org.apache.catalina.core.ApplicationContext.log Manager: deploy: Deploying web application '/bermecars'
04-May-2024 11:11:10.406 INFO [http-nio-8082-exec-121] org.apache.catalina.core.ApplicationContext.log Manager: Uploading WAR file to C:\Users\jimmy\Desktop\apache-tomcat-9.0.87\webapps\bermecars.war.tmp
04-May-2024 11:17:30.446 INFO [http-nio-8082-exec-123] org.apache.catalina.core.ApplicationContext.log Manager: deploy: Deploying web application '/bermecars'
04-May-2024 11:17:30.446 INFO [http-nio-8082-exec-123] org.apache.catalina.core.ApplicationContext.log Manager: Uploading WAR file to C:\Users\jimmy\Desktop\apache-tomcat-9.0.87\webapps\bermecars.war.tmp
04-May-2024 11:18:08.128 INFO [http-nio-8082-exec-126] org.apache.catalina.core.ApplicationContext.log Manager: deploy: Deploying web application '/bermecars'
04-May-2024 11:18:08.128 INFO [http-nio-8082-exec-126] org.apache.catalina.core.ApplicationContext.log Manager: Uploading WAR file to C:\Users\jimmy\Desktop\apache-tomcat-9.0.87\webapps\bermecars.war.tmp
04-May-2024 11:18:20.006 INFO [http-nio-8082-exec-128] org.apache.catalina.core.ApplicationContext.log Manager: deploy: Deploying web application '/bermecars'
04-May-2024 11:18:20.006 INFO [http-nio-8082-exec-128] org.apache.catalina.core.ApplicationContext.log Manager: Uploading WAR file to C:\Users\jimmy\Desktop\apache-tomcat-9.0.87\webapps\bermecars.war.tmp
04-May-2024 11:19:27.194 INFO [http-nio-8082-exec-141] org.apache.catalina.core.ApplicationContext.log Manager: deploy: Deploying web application '/bermecars'
04-May-2024 11:19:27.194 INFO [http-nio-8082-exec-141] org.apache.catalina.core.ApplicationContext.log Manager: Uploading WAR file to C:\Users\jimmy\Desktop\apache-tomcat-9.0.87\webapps\bermecars.war.tmp
04-May-2024 11:19:57.322 INFO [http-nio-8082-exec-138] org.apache.catalina.core.ApplicationContext.log Manager: deploy: Deploying web application '/bermecars'
04-May-2024 11:19:57.322 INFO [http-nio-8082-exec-138] org.apache.catalina.core.ApplicationContext.log Manager: Uploading WAR file to C:\Users\jimmy\Desktop\apache-tomcat-9.0.87\webapps\bermecars.war.tmp
04-May-2024 11:20:46.285 INFO [http-nio-8082-exec-149] org.apache.catalina.core.ApplicationContext.log Manager: deploy: Deploying web application '/bermecars'
04-May-2024 11:20:46.285 INFO [http-nio-8082-exec-149] org.apache.catalina.core.ApplicationContext.log Manager: Uploading WAR file to C:\Users\jimmy\Desktop\apache-tomcat-9.0.87\webapps\bermecars.war.tmp
04-May-2024 11:21:15.826 INFO [http-nio-8082-exec-147] org.apache.catalina.core.ApplicationContext.log Manager: deploy: Deploying web application '/bermecars'
04-May-2024 11:21:15.826 INFO [http-nio-8082-exec-147] org.apache.catalina.core.ApplicationContext.log Manager: Uploading WAR file to C:\Users\jimmy\Desktop\apache-tomcat-9.0.87\webapps\bermecars.war.tmp
04-May-2024 11:22:00.765 INFO [http-nio-8082-exec-152] org.apache.catalina.core.ApplicationContext.log Manager: deploy: Deploying web application '/bermecars'
04-May-2024 11:22:00.765 INFO [http-nio-8082-exec-152] org.apache.catalina.core.ApplicationContext.log Manager: Uploading WAR file to C:\Users\jimmy\Desktop\apache-tomcat-9.0.87\webapps\bermecars.war.tmp
04-May-2024 11:22:32.008 INFO [http-nio-8082-exec-156] org.apache.catalina.core.ApplicationContext.log Manager: deploy: Deploying web application '/bermecars'
04-May-2024 11:22:32.008 INFO [http-nio-8082-exec-156] org.apache.catalina.core.ApplicationContext.log Manager: Uploading WAR file to C:\Users\jimmy\Desktop\apache-tomcat-9.0.87\webapps\bermecars.war.tmp
04-May-2024 11:22:52.990 INFO [http-nio-8082-exec-153] org.apache.catalina.core.ApplicationContext.log Manager: deploy: Deploying web application '/bermecars'
04-May-2024 11:22:52.990 INFO [http-nio-8082-exec-153] org.apache.catalina.core.ApplicationContext.log Manager: Uploading WAR file to C:\Users\jimmy\Desktop\apache-tomcat-9.0.87\webapps\bermecars.war.tmp
04-May-2024 11:23:03.057 INFO [http-nio-8082-exec-160] org.apache.catalina.core.ApplicationContext.log Manager: deploy: Deploying web application '/bermecars'
04-May-2024 11:23:03.057 INFO [http-nio-8082-exec-160] org.apache.catalina.core.ApplicationContext.log Manager: Uploading WAR file to C:\Users\jimmy\Desktop\apache-tomcat-9.0.87\webapps\bermecars.war.tmp
04-May-2024 17:42:36.255 INFO [http-nio-8082-exec-6] org.apache.catalina.core.ApplicationContext.log Manager: init: Associated with Deployer 'Catalina:type=Deployer,host=localhost'
04-May-2024 17:42:36.255 INFO [http-nio-8082-exec-6] org.apache.catalina.core.ApplicationContext.log Manager: init: Global resources are available
04-May-2024 17:42:36.256 INFO [http-nio-8082-exec-6] org.apache.catalina.core.ApplicationContext.log Manager: deploy: Deploying web application '/bermecars'
04-May-2024 17:42:36.256 INFO [http-nio-8082-exec-6] org.apache.catalina.core.ApplicationContext.log Manager: Uploading WAR file to C:\Users\jimmy\Desktop\apache-tomcat-9.0.87\webapps\bermecars.war.tmp
04-May-2024 17:44:02.091 INFO [http-nio-8082-exec-1] org.apache.catalina.core.ApplicationContext.log Manager: init: Associated with Deployer 'Catalina:type=Deployer,host=localhost'
04-May-2024 17:44:02.091 INFO [http-nio-8082-exec-1] org.apache.catalina.core.ApplicationContext.log Manager: init: Global resources are available
04-May-2024 17:44:02.101 INFO [http-nio-8082-exec-1] org.apache.catalina.core.ApplicationContext.log Manager: deploy: Deploying web application '/bermecars'
04-May-2024 17:44:02.101 INFO [http-nio-8082-exec-1] org.apache.catalina.core.ApplicationContext.log Manager: Uploading WAR file to C:\Users\jimmy\Desktop\apache-tomcat-9.0.87\webapps\bermecars.war.tmp
04-May-2024 17:45:27.548 INFO [http-nio-8082-exec-11] org.apache.catalina.core.ApplicationContext.log Manager: deploy: Deploying web application '/bermecars'
04-May-2024 17:45:27.549 INFO [http-nio-8082-exec-11] org.apache.catalina.core.ApplicationContext.log Manager: Uploading WAR file to C:\Users\jimmy\Desktop\apache-tomcat-9.0.87\webapps\bermecars.war.tmp
04-May-2024 17:46:16.885 INFO [http-nio-8082-exec-3] org.apache.catalina.core.ApplicationContext.log Manager: deploy: Deploying web application '/bermecars'
04-May-2024 17:46:16.885 INFO [http-nio-8082-exec-3] org.apache.catalina.core.ApplicationContext.log Manager: Uploading WAR file to C:\Users\jimmy\Desktop\apache-tomcat-9.0.87\webapps\bermecars.war.tmp
04-May-2024 17:46:44.261 INFO [http-nio-8082-exec-18] org.apache.catalina.core.ApplicationContext.log Manager: deploy: Deploying web application '/bermecars'
04-May-2024 17:46:44.261 INFO [http-nio-8082-exec-18] org.apache.catalina.core.ApplicationContext.log Manager: Uploading WAR file to C:\Users\jimmy\Desktop\apache-tomcat-9.0.87\webapps\bermecars.war.tmp
04-May-2024 17:47:56.259 INFO [http-nio-8082-exec-22] org.apache.catalina.core.ApplicationContext.log Manager: deploy: Deploying web application '/bermecars'
04-May-2024 17:47:56.259 INFO [http-nio-8082-exec-22] org.apache.catalina.core.ApplicationContext.log Manager: Uploading WAR file to C:\Users\jimmy\Desktop\apache-tomcat-9.0.87\webapps\bermecars.war.tmp
04-May-2024 17:53:40.513 INFO [http-nio-8082-exec-22] org.apache.catalina.core.ApplicationContext.log Manager: deploy: Deploying web application '/bermecars'
04-May-2024 17:53:40.513 INFO [http-nio-8082-exec-22] org.apache.catalina.core.ApplicationContext.log Manager: Uploading WAR file to C:\Users\jimmy\Desktop\apache-tomcat-9.0.87\webapps\bermecars.war.tmp
04-May-2024 18:04:24.416 INFO [http-nio-8082-exec-2] org.apache.catalina.core.ApplicationContext.log Manager: init: Associated with Deployer 'Catalina:type=Deployer,host=localhost'
04-May-2024 18:04:24.416 INFO [http-nio-8082-exec-2] org.apache.catalina.core.ApplicationContext.log Manager: init: Global resources are available
04-May-2024 18:04:24.447 INFO [http-nio-8082-exec-2] org.apache.catalina.core.ApplicationContext.log Manager: deploy: Deploying web application '/bermecars'
04-May-2024 18:04:24.448 INFO [http-nio-8082-exec-2] org.apache.catalina.core.ApplicationContext.log Manager: Uploading WAR file to C:\Users\jimmy\Desktop\apache-tomcat-9.0.87\webapps\bermecars.war.tmp
04-May-2024 18:05:38.280 INFO [http-nio-8082-exec-5] org.apache.catalina.core.ApplicationContext.log Manager: deploy: Deploying web application '/bermecars'
04-May-2024 18:05:38.281 INFO [http-nio-8082-exec-5] org.apache.catalina.core.ApplicationContext.log Manager: Uploading WAR file to C:\Users\jimmy\Desktop\apache-tomcat-9.0.87\webapps\bermecars.war.tmp
04-May-2024 18:06:23.155 INFO [http-nio-8082-exec-15] org.apache.catalina.core.ApplicationContext.log Manager: deploy: Deploying web application '/bermecars'
04-May-2024 18:06:23.155 INFO [http-nio-8082-exec-15] org.apache.catalina.core.ApplicationContext.log Manager: Uploading WAR file to C:\Users\jimmy\Desktop\apache-tomcat-9.0.87\webapps\bermecars.war.tmp
04-May-2024 19:00:36.683 INFO [http-nio-8082-exec-32] org.apache.catalina.core.ApplicationContext.log Manager: deploy: Deploying web application '/bermecars'
04-May-2024 19:00:36.683 INFO [http-nio-8082-exec-32] org.apache.catalina.core.ApplicationContext.log Manager: Uploading WAR file to C:\Users\jimmy\Desktop\apache-tomcat-9.0.87\webapps\bermecars.war.tmp
04-May-2024 19:01:10.798 INFO [http-nio-8082-exec-37] org.apache.catalina.core.ApplicationContext.log Manager: deploy: Deploying web application '/bermecars'
04-May-2024 19:01:10.799 INFO [http-nio-8082-exec-37] org.apache.catalina.core.ApplicationContext.log Manager: Uploading WAR file to C:\Users\jimmy\Desktop\apache-tomcat-9.0.87\webapps\bermecars.war.tmp
04-May-2024 19:02:07.797 INFO [http-nio-8082-exec-24] org.apache.catalina.core.ApplicationContext.log Manager: deploy: Deploying web application '/bermecars'
04-May-2024 19:02:07.798 INFO [http-nio-8082-exec-24] org.apache.catalina.core.ApplicationContext.log Manager: Uploading WAR file to C:\Users\jimmy\Desktop\apache-tomcat-9.0.87\webapps\bermecars.war.tmp
04-May-2024 19:16:29.187 INFO [http-nio-8082-exec-55] org.apache.catalina.core.ApplicationContext.log Manager: deploy: Deploying web application '/bermecars'
04-May-2024 19:16:29.187 INFO [http-nio-8082-exec-55] org.apache.catalina.core.ApplicationContext.log Manager: Uploading WAR file to C:\Users\jimmy\Desktop\apache-tomcat-9.0.87\webapps\bermecars.war.tmp
04-May-2024 19:17:34.959 INFO [http-nio-8082-exec-57] org.apache.catalina.core.ApplicationContext.log Manager: deploy: Deploying web application '/bermecars'
04-May-2024 19:17:34.960 INFO [http-nio-8082-exec-57] org.apache.catalina.core.ApplicationContext.log Manager: Uploading WAR file to C:\Users\jimmy\Desktop\apache-tomcat-9.0.87\webapps\bermecars.war.tmp
04-May-2024 19:18:57.489 INFO [http-nio-8082-exec-62] org.apache.catalina.core.ApplicationContext.log Manager: deploy: Deploying web application '/bermecars'
04-May-2024 19:18:57.489 INFO [http-nio-8082-exec-62] org.apache.catalina.core.ApplicationContext.log Manager: Uploading WAR file to C:\Users\jimmy\Desktop\apache-tomcat-9.0.87\webapps\bermecars.war.tmp
04-May-2024 19:19:52.887 INFO [http-nio-8082-exec-69] org.apache.catalina.core.ApplicationContext.log Manager: deploy: Deploying web application '/bermecars'
04-May-2024 19:19:52.887 INFO [http-nio-8082-exec-69] org.apache.catalina.core.ApplicationContext.log Manager: Uploading WAR file to C:\Users\jimmy\Desktop\apache-tomcat-9.0.87\webapps\bermecars.war.tmp
04-May-2024 19:20:11.165 INFO [http-nio-8082-exec-73] org.apache.catalina.core.ApplicationContext.log Manager: deploy: Deploying web application '/bermecars'
04-May-2024 19:20:11.165 INFO [http-nio-8082-exec-73] org.apache.catalina.core.ApplicationContext.log Manager: Uploading WAR file to C:\Users\jimmy\Desktop\apache-tomcat-9.0.87\webapps\bermecars.war.tmp
04-May-2024 19:21:11.454 INFO [http-nio-8082-exec-68] org.apache.catalina.core.ApplicationContext.log Manager: deploy: Deploying web application '/bermecars'
04-May-2024 19:21:11.454 INFO [http-nio-8082-exec-68] org.apache.catalina.core.ApplicationContext.log Manager: Uploading WAR file to C:\Users\jimmy\Desktop\apache-tomcat-9.0.87\webapps\bermecars.war.tmp
04-May-2024 19:24:09.598 INFO [http-nio-8082-exec-82] org.apache.catalina.core.ApplicationContext.log Manager: deploy: Deploying web application '/bermecars'
04-May-2024 19:24:09.599 INFO [http-nio-8082-exec-82] org.apache.catalina.core.ApplicationContext.log Manager: Uploading WAR file to C:\Users\jimmy\Desktop\apache-tomcat-9.0.87\webapps\bermecars.war.tmp
04-May-2024 19:24:48.912 INFO [http-nio-8082-exec-85] org.apache.catalina.core.ApplicationContext.log Manager: deploy: Deploying web application '/bermecars'
04-May-2024 19:24:48.912 INFO [http-nio-8082-exec-85] org.apache.catalina.core.ApplicationContext.log Manager: Uploading WAR file to C:\Users\jimmy\Desktop\apache-tomcat-9.0.87\webapps\bermecars.war.tmp
04-May-2024 19:25:20.786 INFO [http-nio-8082-exec-92] org.apache.catalina.core.ApplicationContext.log Manager: deploy: Deploying web application '/bermecars'
04-May-2024 19:25:20.787 INFO [http-nio-8082-exec-92] org.apache.catalina.core.ApplicationContext.log Manager: Uploading WAR file to C:\Users\jimmy\Desktop\apache-tomcat-9.0.87\webapps\bermecars.war.tmp
04-May-2024 19:25:54.461 INFO [http-nio-8082-exec-94] org.apache.catalina.core.ApplicationContext.log Manager: deploy: Deploying web application '/bermecars'
04-May-2024 19:25:54.461 INFO [http-nio-8082-exec-94] org.apache.catalina.core.ApplicationContext.log Manager: Uploading WAR file to C:\Users\jimmy\Desktop\apache-tomcat-9.0.87\webapps\bermecars.war.tmp
04-May-2024 19:38:39.415 INFO [http-nio-8082-exec-110] org.apache.catalina.core.ApplicationContext.log Manager: deploy: Deploying web application '/bermecars'
04-May-2024 19:38:39.415 INFO [http-nio-8082-exec-110] org.apache.catalina.core.ApplicationContext.log Manager: Uploading WAR file to C:\Users\jimmy\Desktop\apache-tomcat-9.0.87\webapps\bermecars.war.tmp
04-May-2024 19:38:53.010 INFO [http-nio-8082-exec-104] org.apache.catalina.core.ApplicationContext.log Manager: deploy: Deploying web application '/bermecars'
04-May-2024 19:38:53.010 INFO [http-nio-8082-exec-104] org.apache.catalina.core.ApplicationContext.log Manager: Uploading WAR file to C:\Users\jimmy\Desktop\apache-tomcat-9.0.87\webapps\bermecars.war.tmp
