07-May-2024 00:00:46.837 INFO [http-nio-8082-exec-120] org.apache.catalina.core.ApplicationContext.log Manager: deploy: Deploying web application '/bermecars'
07-May-2024 00:00:46.838 INFO [http-nio-8082-exec-120] org.apache.catalina.core.ApplicationContext.log Manager: Uploading WAR file to C:\Users\jimmy\Desktop\apache-tomcat-9.0.87\webapps\bermecars.war.tmp
07-May-2024 00:01:26.546 INFO [http-nio-8082-exec-131] org.apache.catalina.core.ApplicationContext.log Manager: deploy: Deploying web application '/bermecars'
07-May-2024 00:01:26.547 INFO [http-nio-8082-exec-131] org.apache.catalina.core.ApplicationContext.log Manager: Uploading WAR file to C:\Users\jimmy\Desktop\apache-tomcat-9.0.87\webapps\bermecars.war.tmp
07-May-2024 00:02:19.287 INFO [http-nio-8082-exec-125] org.apache.catalina.core.ApplicationContext.log Manager: deploy: Deploying web application '/bermecars'
07-May-2024 00:02:19.287 INFO [http-nio-8082-exec-125] org.apache.catalina.core.ApplicationContext.log Manager: Uploading WAR file to C:\Users\jimmy\Desktop\apache-tomcat-9.0.87\webapps\bermecars.war.tmp
07-May-2024 00:03:41.956 INFO [http-nio-8082-exec-142] org.apache.catalina.core.ApplicationContext.log Manager: deploy: Deploying web application '/bermecars'
07-May-2024 00:03:41.957 INFO [http-nio-8082-exec-142] org.apache.catalina.core.ApplicationContext.log Manager: Uploading WAR file to C:\Users\jimmy\Desktop\apache-tomcat-9.0.87\webapps\bermecars.war.tmp
07-May-2024 00:04:15.016 INFO [http-nio-8082-exec-151] org.apache.catalina.core.ApplicationContext.log Manager: deploy: Deploying web application '/bermecars'
07-May-2024 00:04:15.016 INFO [http-nio-8082-exec-151] org.apache.catalina.core.ApplicationContext.log Manager: Uploading WAR file to C:\Users\jimmy\Desktop\apache-tomcat-9.0.87\webapps\bermecars.war.tmp
07-May-2024 00:05:00.088 INFO [http-nio-8082-exec-135] org.apache.catalina.core.ApplicationContext.log Manager: deploy: Deploying web application '/bermecars'
07-May-2024 00:05:00.088 INFO [http-nio-8082-exec-135] org.apache.catalina.core.ApplicationContext.log Manager: Uploading WAR file to C:\Users\jimmy\Desktop\apache-tomcat-9.0.87\webapps\bermecars.war.tmp
07-May-2024 00:05:15.384 INFO [http-nio-8082-exec-157] org.apache.catalina.core.ApplicationContext.log Manager: deploy: Deploying web application '/bermecars'
07-May-2024 00:05:15.385 INFO [http-nio-8082-exec-157] org.apache.catalina.core.ApplicationContext.log Manager: Uploading WAR file to C:\Users\jimmy\Desktop\apache-tomcat-9.0.87\webapps\bermecars.war.tmp
07-May-2024 00:06:48.374 INFO [http-nio-8082-exec-163] org.apache.catalina.core.ApplicationContext.log Manager: deploy: Deploying web application '/bermecars'
07-May-2024 00:06:48.375 INFO [http-nio-8082-exec-163] org.apache.catalina.core.ApplicationContext.log Manager: Uploading WAR file to C:\Users\jimmy\Desktop\apache-tomcat-9.0.87\webapps\bermecars.war.tmp
07-May-2024 00:10:03.061 INFO [http-nio-8082-exec-178] org.apache.catalina.core.ApplicationContext.log Manager: deploy: Deploying web application '/bermecars'
07-May-2024 00:10:03.062 INFO [http-nio-8082-exec-178] org.apache.catalina.core.ApplicationContext.log Manager: Uploading WAR file to C:\Users\jimmy\Desktop\apache-tomcat-9.0.87\webapps\bermecars.war.tmp
07-May-2024 00:10:35.724 INFO [http-nio-8082-exec-169] org.apache.catalina.core.ApplicationContext.log Manager: deploy: Deploying web application '/bermecars'
07-May-2024 00:10:35.725 INFO [http-nio-8082-exec-169] org.apache.catalina.core.ApplicationContext.log Manager: Uploading WAR file to C:\Users\jimmy\Desktop\apache-tomcat-9.0.87\webapps\bermecars.war.tmp
07-May-2024 00:11:18.001 INFO [http-nio-8082-exec-183] org.apache.catalina.core.ApplicationContext.log Manager: deploy: Deploying web application '/bermecars'
07-May-2024 00:11:18.001 INFO [http-nio-8082-exec-183] org.apache.catalina.core.ApplicationContext.log Manager: Uploading WAR file to C:\Users\jimmy\Desktop\apache-tomcat-9.0.87\webapps\bermecars.war.tmp
07-May-2024 00:13:40.874 INFO [http-nio-8082-exec-190] org.apache.catalina.core.ApplicationContext.log Manager: deploy: Deploying web application '/bermecars'
07-May-2024 00:13:40.874 INFO [http-nio-8082-exec-190] org.apache.catalina.core.ApplicationContext.log Manager: Uploading WAR file to C:\Users\jimmy\Desktop\apache-tomcat-9.0.87\webapps\bermecars.war.tmp
07-May-2024 00:17:16.894 INFO [http-nio-8082-exec-199] org.apache.catalina.core.ApplicationContext.log Manager: deploy: Deploying web application '/bermecars'
07-May-2024 00:17:16.894 INFO [http-nio-8082-exec-199] org.apache.catalina.core.ApplicationContext.log Manager: Uploading WAR file to C:\Users\jimmy\Desktop\apache-tomcat-9.0.87\webapps\bermecars.war.tmp
07-May-2024 00:18:16.550 INFO [http-nio-8082-exec-208] org.apache.catalina.core.ApplicationContext.log Manager: deploy: Deploying web application '/bermecars'
07-May-2024 00:18:16.551 INFO [http-nio-8082-exec-208] org.apache.catalina.core.ApplicationContext.log Manager: Uploading WAR file to C:\Users\jimmy\Desktop\apache-tomcat-9.0.87\webapps\bermecars.war.tmp
07-May-2024 00:33:24.715 INFO [http-nio-8082-exec-214] org.apache.catalina.core.ApplicationContext.log Manager: deploy: Deploying web application '/bermecars'
07-May-2024 00:33:24.715 INFO [http-nio-8082-exec-214] org.apache.catalina.core.ApplicationContext.log Manager: Uploading WAR file to C:\Users\jimmy\Desktop\apache-tomcat-9.0.87\webapps\bermecars.war.tmp
07-May-2024 00:35:42.644 INFO [http-nio-8082-exec-223] org.apache.catalina.core.ApplicationContext.log Manager: deploy: Deploying web application '/bermecars'
07-May-2024 00:35:42.645 INFO [http-nio-8082-exec-223] org.apache.catalina.core.ApplicationContext.log Manager: Uploading WAR file to C:\Users\jimmy\Desktop\apache-tomcat-9.0.87\webapps\bermecars.war.tmp
07-May-2024 00:48:13.521 INFO [http-nio-8082-exec-237] org.apache.catalina.core.ApplicationContext.log Manager: deploy: Deploying web application '/bermecars'
07-May-2024 00:48:13.521 INFO [http-nio-8082-exec-237] org.apache.catalina.core.ApplicationContext.log Manager: Uploading WAR file to C:\Users\jimmy\Desktop\apache-tomcat-9.0.87\webapps\bermecars.war.tmp
07-May-2024 01:13:18.287 INFO [http-nio-8082-exec-244] org.apache.catalina.core.ApplicationContext.log Manager: deploy: Deploying web application '/bermecars'
07-May-2024 01:13:18.288 INFO [http-nio-8082-exec-244] org.apache.catalina.core.ApplicationContext.log Manager: Uploading WAR file to C:\Users\jimmy\Desktop\apache-tomcat-9.0.87\webapps\bermecars.war.tmp
07-May-2024 01:14:43.040 INFO [http-nio-8082-exec-249] org.apache.catalina.core.ApplicationContext.log Manager: deploy: Deploying web application '/bermecars'
07-May-2024 01:14:43.040 INFO [http-nio-8082-exec-249] org.apache.catalina.core.ApplicationContext.log Manager: Uploading WAR file to C:\Users\jimmy\Desktop\apache-tomcat-9.0.87\webapps\bermecars.war.tmp
07-May-2024 01:15:20.209 INFO [http-nio-8082-exec-243] org.apache.catalina.core.ApplicationContext.log Manager: deploy: Deploying web application '/bermecars'
07-May-2024 01:15:20.209 INFO [http-nio-8082-exec-243] org.apache.catalina.core.ApplicationContext.log Manager: Uploading WAR file to C:\Users\jimmy\Desktop\apache-tomcat-9.0.87\webapps\bermecars.war.tmp
07-May-2024 01:16:10.238 INFO [http-nio-8082-exec-253] org.apache.catalina.core.ApplicationContext.log Manager: deploy: Deploying web application '/bermecars'
07-May-2024 01:16:10.238 INFO [http-nio-8082-exec-253] org.apache.catalina.core.ApplicationContext.log Manager: Uploading WAR file to C:\Users\jimmy\Desktop\apache-tomcat-9.0.87\webapps\bermecars.war.tmp
07-May-2024 01:17:28.222 INFO [http-nio-8082-exec-263] org.apache.catalina.core.ApplicationContext.log Manager: deploy: Deploying web application '/bermecars'
07-May-2024 01:17:28.222 INFO [http-nio-8082-exec-263] org.apache.catalina.core.ApplicationContext.log Manager: Uploading WAR file to C:\Users\jimmy\Desktop\apache-tomcat-9.0.87\webapps\bermecars.war.tmp
07-May-2024 08:47:44.864 INFO [http-nio-8082-exec-1] org.apache.catalina.core.ApplicationContext.log Manager: init: Associated with Deployer 'Catalina:type=Deployer,host=localhost'
07-May-2024 08:47:44.864 INFO [http-nio-8082-exec-1] org.apache.catalina.core.ApplicationContext.log Manager: init: Global resources are available
07-May-2024 08:47:44.876 INFO [http-nio-8082-exec-1] org.apache.catalina.core.ApplicationContext.log Manager: deploy: Deploying web application '/bermecars'
07-May-2024 08:47:44.876 INFO [http-nio-8082-exec-1] org.apache.catalina.core.ApplicationContext.log Manager: Uploading WAR file to C:\Users\jimmy\Desktop\apache-tomcat-9.0.87\webapps\bermecars.war.tmp
07-May-2024 09:07:23.748 INFO [http-nio-8082-exec-13] org.apache.catalina.core.ApplicationContext.log Manager: deploy: Deploying web application '/bermecars'
07-May-2024 09:07:23.748 INFO [http-nio-8082-exec-13] org.apache.catalina.core.ApplicationContext.log Manager: Uploading WAR file to C:\Users\jimmy\Desktop\apache-tomcat-9.0.87\webapps\bermecars.war.tmp
07-May-2024 09:10:57.272 INFO [http-nio-8082-exec-22] org.apache.catalina.core.ApplicationContext.log Manager: deploy: Deploying web application '/bermecars'
07-May-2024 09:10:57.272 INFO [http-nio-8082-exec-22] org.apache.catalina.core.ApplicationContext.log Manager: Uploading WAR file to C:\Users\jimmy\Desktop\apache-tomcat-9.0.87\webapps\bermecars.war.tmp
07-May-2024 09:13:53.556 INFO [http-nio-8082-exec-32] org.apache.catalina.core.ApplicationContext.log Manager: deploy: Deploying web application '/bermecars'
07-May-2024 09:13:53.557 INFO [http-nio-8082-exec-32] org.apache.catalina.core.ApplicationContext.log Manager: Uploading WAR file to C:\Users\jimmy\Desktop\apache-tomcat-9.0.87\webapps\bermecars.war.tmp
07-May-2024 09:15:55.356 INFO [http-nio-8082-exec-42] org.apache.catalina.core.ApplicationContext.log Manager: deploy: Deploying web application '/bermecars'
07-May-2024 09:15:55.356 INFO [http-nio-8082-exec-42] org.apache.catalina.core.ApplicationContext.log Manager: Uploading WAR file to C:\Users\jimmy\Desktop\apache-tomcat-9.0.87\webapps\bermecars.war.tmp
07-May-2024 09:21:47.823 INFO [http-nio-8082-exec-52] org.apache.catalina.core.ApplicationContext.log Manager: deploy: Deploying web application '/bermecars'
07-May-2024 09:21:47.824 INFO [http-nio-8082-exec-52] org.apache.catalina.core.ApplicationContext.log Manager: Uploading WAR file to C:\Users\jimmy\Desktop\apache-tomcat-9.0.87\webapps\bermecars.war.tmp
07-May-2024 09:25:11.920 INFO [http-nio-8082-exec-58] org.apache.catalina.core.ApplicationContext.log Manager: deploy: Deploying web application '/bermecars'
07-May-2024 09:25:11.920 INFO [http-nio-8082-exec-58] org.apache.catalina.core.ApplicationContext.log Manager: Uploading WAR file to C:\Users\jimmy\Desktop\apache-tomcat-9.0.87\webapps\bermecars.war.tmp
07-May-2024 09:27:08.098 INFO [http-nio-8082-exec-69] org.apache.catalina.core.ApplicationContext.log Manager: deploy: Deploying web application '/bermecars'
07-May-2024 09:27:08.099 INFO [http-nio-8082-exec-69] org.apache.catalina.core.ApplicationContext.log Manager: Uploading WAR file to C:\Users\jimmy\Desktop\apache-tomcat-9.0.87\webapps\bermecars.war.tmp
07-May-2024 09:29:35.812 INFO [http-nio-8082-exec-79] org.apache.catalina.core.ApplicationContext.log Manager: deploy: Deploying web application '/bermecars'
07-May-2024 09:29:35.812 INFO [http-nio-8082-exec-79] org.apache.catalina.core.ApplicationContext.log Manager: Uploading WAR file to C:\Users\jimmy\Desktop\apache-tomcat-9.0.87\webapps\bermecars.war.tmp
07-May-2024 10:10:45.698 INFO [http-nio-8082-exec-95] org.apache.catalina.core.ApplicationContext.log Manager: deploy: Deploying web application '/bermecars'
07-May-2024 10:10:45.698 INFO [http-nio-8082-exec-95] org.apache.catalina.core.ApplicationContext.log Manager: Uploading WAR file to C:\Users\jimmy\Desktop\apache-tomcat-9.0.87\webapps\bermecars.war.tmp
07-May-2024 10:11:13.379 INFO [http-nio-8082-exec-88] org.apache.catalina.core.ApplicationContext.log Manager: deploy: Deploying web application '/bermecars'
07-May-2024 10:11:13.379 INFO [http-nio-8082-exec-88] org.apache.catalina.core.ApplicationContext.log Manager: Uploading WAR file to C:\Users\jimmy\Desktop\apache-tomcat-9.0.87\webapps\bermecars.war.tmp
07-May-2024 10:12:18.106 INFO [http-nio-8082-exec-98] org.apache.catalina.core.ApplicationContext.log Manager: deploy: Deploying web application '/bermecars'
07-May-2024 10:12:18.107 INFO [http-nio-8082-exec-98] org.apache.catalina.core.ApplicationContext.log Manager: Uploading WAR file to C:\Users\jimmy\Desktop\apache-tomcat-9.0.87\webapps\bermecars.war.tmp
07-May-2024 10:13:18.657 INFO [http-nio-8082-exec-104] org.apache.catalina.core.ApplicationContext.log Manager: deploy: Deploying web application '/bermecars'
07-May-2024 10:13:18.657 INFO [http-nio-8082-exec-104] org.apache.catalina.core.ApplicationContext.log Manager: Uploading WAR file to C:\Users\jimmy\Desktop\apache-tomcat-9.0.87\webapps\bermecars.war.tmp
07-May-2024 10:14:05.426 INFO [http-nio-8082-exec-100] org.apache.catalina.core.ApplicationContext.log Manager: deploy: Deploying web application '/bermecars'
07-May-2024 10:14:05.426 INFO [http-nio-8082-exec-100] org.apache.catalina.core.ApplicationContext.log Manager: Uploading WAR file to C:\Users\jimmy\Desktop\apache-tomcat-9.0.87\webapps\bermecars.war.tmp
07-May-2024 10:15:14.920 INFO [http-nio-8082-exec-113] org.apache.catalina.core.ApplicationContext.log Manager: deploy: Deploying web application '/bermecars'
07-May-2024 10:15:14.921 INFO [http-nio-8082-exec-113] org.apache.catalina.core.ApplicationContext.log Manager: Uploading WAR file to C:\Users\jimmy\Desktop\apache-tomcat-9.0.87\webapps\bermecars.war.tmp
07-May-2024 10:17:03.224 INFO [http-nio-8082-exec-117] org.apache.catalina.core.ApplicationContext.log Manager: deploy: Deploying web application '/bermecars'
07-May-2024 10:17:03.224 INFO [http-nio-8082-exec-117] org.apache.catalina.core.ApplicationContext.log Manager: Uploading WAR file to C:\Users\jimmy\Desktop\apache-tomcat-9.0.87\webapps\bermecars.war.tmp
07-May-2024 10:18:06.980 INFO [http-nio-8082-exec-126] org.apache.catalina.core.ApplicationContext.log Manager: deploy: Deploying web application '/bermecars'
07-May-2024 10:18:06.981 INFO [http-nio-8082-exec-126] org.apache.catalina.core.ApplicationContext.log Manager: Uploading WAR file to C:\Users\jimmy\Desktop\apache-tomcat-9.0.87\webapps\bermecars.war.tmp
07-May-2024 10:18:15.628 INFO [http-nio-8082-exec-111] org.apache.catalina.core.ApplicationContext.log Manager: deploy: Deploying web application '/bermecars'
07-May-2024 10:18:15.628 INFO [http-nio-8082-exec-111] org.apache.catalina.core.ApplicationContext.log Manager: Uploading WAR file to C:\Users\jimmy\Desktop\apache-tomcat-9.0.87\webapps\bermecars.war.tmp
07-May-2024 10:18:28.478 INFO [http-nio-8082-exec-121] org.apache.catalina.core.ApplicationContext.log Manager: deploy: Deploying web application '/bermecars'
07-May-2024 10:18:28.478 INFO [http-nio-8082-exec-121] org.apache.catalina.core.ApplicationContext.log Manager: Uploading WAR file to C:\Users\jimmy\Desktop\apache-tomcat-9.0.87\webapps\bermecars.war.tmp
07-May-2024 10:19:45.913 INFO [http-nio-8082-exec-133] org.apache.catalina.core.ApplicationContext.log Manager: deploy: Deploying web application '/bermecars'
07-May-2024 10:19:45.914 INFO [http-nio-8082-exec-133] org.apache.catalina.core.ApplicationContext.log Manager: Uploading WAR file to C:\Users\jimmy\Desktop\apache-tomcat-9.0.87\webapps\bermecars.war.tmp
07-May-2024 10:20:02.201 INFO [http-nio-8082-exec-135] org.apache.catalina.core.ApplicationContext.log Manager: deploy: Deploying web application '/bermecars'
07-May-2024 10:20:02.201 INFO [http-nio-8082-exec-135] org.apache.catalina.core.ApplicationContext.log Manager: Uploading WAR file to C:\Users\jimmy\Desktop\apache-tomcat-9.0.87\webapps\bermecars.war.tmp
07-May-2024 10:20:24.012 INFO [http-nio-8082-exec-122] org.apache.catalina.core.ApplicationContext.log Manager: deploy: Deploying web application '/bermecars'
07-May-2024 10:20:24.012 INFO [http-nio-8082-exec-122] org.apache.catalina.core.ApplicationContext.log Manager: Uploading WAR file to C:\Users\jimmy\Desktop\apache-tomcat-9.0.87\webapps\bermecars.war.tmp
07-May-2024 10:20:46.450 INFO [http-nio-8082-exec-141] org.apache.catalina.core.ApplicationContext.log Manager: deploy: Deploying web application '/bermecars'
07-May-2024 10:20:46.451 INFO [http-nio-8082-exec-141] org.apache.catalina.core.ApplicationContext.log Manager: Uploading WAR file to C:\Users\jimmy\Desktop\apache-tomcat-9.0.87\webapps\bermecars.war.tmp
07-May-2024 10:21:01.866 INFO [http-nio-8082-exec-144] org.apache.catalina.core.ApplicationContext.log Manager: deploy: Deploying web application '/bermecars'
07-May-2024 10:21:01.866 INFO [http-nio-8082-exec-144] org.apache.catalina.core.ApplicationContext.log Manager: Uploading WAR file to C:\Users\jimmy\Desktop\apache-tomcat-9.0.87\webapps\bermecars.war.tmp
07-May-2024 10:21:11.991 INFO [http-nio-8082-exec-143] org.apache.catalina.core.ApplicationContext.log Manager: deploy: Deploying web application '/bermecars'
07-May-2024 10:21:11.992 INFO [http-nio-8082-exec-143] org.apache.catalina.core.ApplicationContext.log Manager: Uploading WAR file to C:\Users\jimmy\Desktop\apache-tomcat-9.0.87\webapps\bermecars.war.tmp
07-May-2024 10:21:38.337 INFO [http-nio-8082-exec-138] org.apache.catalina.core.ApplicationContext.log Manager: deploy: Deploying web application '/bermecars'
07-May-2024 10:21:38.337 INFO [http-nio-8082-exec-138] org.apache.catalina.core.ApplicationContext.log Manager: Uploading WAR file to C:\Users\jimmy\Desktop\apache-tomcat-9.0.87\webapps\bermecars.war.tmp
07-May-2024 10:22:11.938 INFO [http-nio-8082-exec-145] org.apache.catalina.core.ApplicationContext.log Manager: deploy: Deploying web application '/bermecars'
07-May-2024 10:22:11.939 INFO [http-nio-8082-exec-145] org.apache.catalina.core.ApplicationContext.log Manager: Uploading WAR file to C:\Users\jimmy\Desktop\apache-tomcat-9.0.87\webapps\bermecars.war.tmp
07-May-2024 10:22:24.902 INFO [http-nio-8082-exec-115] org.apache.catalina.core.ApplicationContext.log Manager: deploy: Deploying web application '/bermecars'
07-May-2024 10:22:24.902 INFO [http-nio-8082-exec-115] org.apache.catalina.core.ApplicationContext.log Manager: Uploading WAR file to C:\Users\jimmy\Desktop\apache-tomcat-9.0.87\webapps\bermecars.war.tmp
07-May-2024 10:22:55.715 INFO [http-nio-8082-exec-153] org.apache.catalina.core.ApplicationContext.log Manager: deploy: Deploying web application '/bermecars'
07-May-2024 10:22:55.715 INFO [http-nio-8082-exec-153] org.apache.catalina.core.ApplicationContext.log Manager: Uploading WAR file to C:\Users\jimmy\Desktop\apache-tomcat-9.0.87\webapps\bermecars.war.tmp
07-May-2024 10:23:35.410 INFO [http-nio-8082-exec-151] org.apache.catalina.core.ApplicationContext.log Manager: deploy: Deploying web application '/bermecars'
07-May-2024 10:23:35.410 INFO [http-nio-8082-exec-151] org.apache.catalina.core.ApplicationContext.log Manager: Uploading WAR file to C:\Users\jimmy\Desktop\apache-tomcat-9.0.87\webapps\bermecars.war.tmp
07-May-2024 10:24:05.504 INFO [http-nio-8082-exec-154] org.apache.catalina.core.ApplicationContext.log Manager: deploy: Deploying web application '/bermecars'
07-May-2024 10:24:05.505 INFO [http-nio-8082-exec-154] org.apache.catalina.core.ApplicationContext.log Manager: Uploading WAR file to C:\Users\jimmy\Desktop\apache-tomcat-9.0.87\webapps\bermecars.war.tmp
07-May-2024 10:24:20.153 INFO [http-nio-8082-exec-155] org.apache.catalina.core.ApplicationContext.log Manager: deploy: Deploying web application '/bermecars'
07-May-2024 10:24:20.153 INFO [http-nio-8082-exec-155] org.apache.catalina.core.ApplicationContext.log Manager: Uploading WAR file to C:\Users\jimmy\Desktop\apache-tomcat-9.0.87\webapps\bermecars.war.tmp
07-May-2024 10:26:55.426 INFO [http-nio-8082-exec-175] org.apache.catalina.core.ApplicationContext.log Manager: deploy: Deploying web application '/bermecars'
07-May-2024 10:26:55.426 INFO [http-nio-8082-exec-175] org.apache.catalina.core.ApplicationContext.log Manager: Uploading WAR file to C:\Users\jimmy\Desktop\apache-tomcat-9.0.87\webapps\bermecars.war.tmp
07-May-2024 10:28:39.710 INFO [http-nio-8082-exec-181] org.apache.catalina.core.ApplicationContext.log Manager: deploy: Deploying web application '/bermecars'
07-May-2024 10:28:39.710 INFO [http-nio-8082-exec-181] org.apache.catalina.core.ApplicationContext.log Manager: Uploading WAR file to C:\Users\jimmy\Desktop\apache-tomcat-9.0.87\webapps\bermecars.war.tmp
07-May-2024 10:29:08.377 INFO [http-nio-8082-exec-180] org.apache.catalina.core.ApplicationContext.log Manager: deploy: Deploying web application '/bermecars'
07-May-2024 10:29:08.377 INFO [http-nio-8082-exec-180] org.apache.catalina.core.ApplicationContext.log Manager: Uploading WAR file to C:\Users\jimmy\Desktop\apache-tomcat-9.0.87\webapps\bermecars.war.tmp
07-May-2024 10:29:35.647 INFO [http-nio-8082-exec-186] org.apache.catalina.core.ApplicationContext.log Manager: deploy: Deploying web application '/bermecars'
07-May-2024 10:29:35.647 INFO [http-nio-8082-exec-186] org.apache.catalina.core.ApplicationContext.log Manager: Uploading WAR file to C:\Users\jimmy\Desktop\apache-tomcat-9.0.87\webapps\bermecars.war.tmp
07-May-2024 10:31:27.696 INFO [http-nio-8082-exec-190] org.apache.catalina.core.ApplicationContext.log Manager: deploy: Deploying web application '/bermecars'
07-May-2024 10:31:27.697 INFO [http-nio-8082-exec-190] org.apache.catalina.core.ApplicationContext.log Manager: Uploading WAR file to C:\Users\jimmy\Desktop\apache-tomcat-9.0.87\webapps\bermecars.war.tmp
07-May-2024 10:32:18.441 INFO [http-nio-8082-exec-187] org.apache.catalina.core.ApplicationContext.log Manager: deploy: Deploying web application '/bermecars'
07-May-2024 10:32:18.441 INFO [http-nio-8082-exec-187] org.apache.catalina.core.ApplicationContext.log Manager: Uploading WAR file to C:\Users\jimmy\Desktop\apache-tomcat-9.0.87\webapps\bermecars.war.tmp
07-May-2024 10:32:34.284 INFO [http-nio-8082-exec-193] org.apache.catalina.core.ApplicationContext.log Manager: deploy: Deploying web application '/bermecars'
07-May-2024 10:32:34.284 INFO [http-nio-8082-exec-193] org.apache.catalina.core.ApplicationContext.log Manager: Uploading WAR file to C:\Users\jimmy\Desktop\apache-tomcat-9.0.87\webapps\bermecars.war.tmp
07-May-2024 10:32:57.691 INFO [http-nio-8082-exec-189] org.apache.catalina.core.ApplicationContext.log Manager: deploy: Deploying web application '/bermecars'
07-May-2024 10:32:57.691 INFO [http-nio-8082-exec-189] org.apache.catalina.core.ApplicationContext.log Manager: Uploading WAR file to C:\Users\jimmy\Desktop\apache-tomcat-9.0.87\webapps\bermecars.war.tmp
07-May-2024 10:33:47.808 INFO [http-nio-8082-exec-209] org.apache.catalina.core.ApplicationContext.log Manager: deploy: Deploying web application '/bermecars'
07-May-2024 10:33:47.808 INFO [http-nio-8082-exec-209] org.apache.catalina.core.ApplicationContext.log Manager: Uploading WAR file to C:\Users\jimmy\Desktop\apache-tomcat-9.0.87\webapps\bermecars.war.tmp
07-May-2024 10:40:43.710 INFO [http-nio-8082-exec-212] org.apache.catalina.core.ApplicationContext.log Manager: deploy: Deploying web application '/bermecars'
07-May-2024 10:40:43.711 INFO [http-nio-8082-exec-212] org.apache.catalina.core.ApplicationContext.log Manager: Uploading WAR file to C:\Users\jimmy\Desktop\apache-tomcat-9.0.87\webapps\bermecars.war.tmp
07-May-2024 10:46:41.271 INFO [http-nio-8082-exec-223] org.apache.catalina.core.ApplicationContext.log Manager: deploy: Deploying web application '/bermecars'
07-May-2024 10:46:41.271 INFO [http-nio-8082-exec-223] org.apache.catalina.core.ApplicationContext.log Manager: Uploading WAR file to C:\Users\jimmy\Desktop\apache-tomcat-9.0.87\webapps\bermecars.war.tmp
07-May-2024 10:50:08.949 INFO [http-nio-8082-exec-234] org.apache.catalina.core.ApplicationContext.log Manager: deploy: Deploying web application '/bermecars'
07-May-2024 10:50:08.949 INFO [http-nio-8082-exec-234] org.apache.catalina.core.ApplicationContext.log Manager: Uploading WAR file to C:\Users\jimmy\Desktop\apache-tomcat-9.0.87\webapps\bermecars.war.tmp
07-May-2024 11:01:44.732 INFO [http-nio-8082-exec-244] org.apache.catalina.core.ApplicationContext.log Manager: deploy: Deploying web application '/bermecars'
07-May-2024 11:01:44.732 INFO [http-nio-8082-exec-244] org.apache.catalina.core.ApplicationContext.log Manager: Uploading WAR file to C:\Users\jimmy\Desktop\apache-tomcat-9.0.87\webapps\bermecars.war.tmp
07-May-2024 11:03:30.426 INFO [http-nio-8082-exec-254] org.apache.catalina.core.ApplicationContext.log Manager: deploy: Deploying web application '/bermecars'
07-May-2024 11:03:30.427 INFO [http-nio-8082-exec-254] org.apache.catalina.core.ApplicationContext.log Manager: Uploading WAR file to C:\Users\jimmy\Desktop\apache-tomcat-9.0.87\webapps\bermecars.war.tmp
07-May-2024 11:21:21.078 INFO [http-nio-8082-exec-270] org.apache.catalina.core.ApplicationContext.log Manager: deploy: Deploying web application '/bermecars'
07-May-2024 11:21:21.078 INFO [http-nio-8082-exec-270] org.apache.catalina.core.ApplicationContext.log Manager: Uploading WAR file to C:\Users\jimmy\Desktop\apache-tomcat-9.0.87\webapps\bermecars.war.tmp
07-May-2024 11:22:52.225 INFO [http-nio-8082-exec-273] org.apache.catalina.core.ApplicationContext.log Manager: deploy: Deploying web application '/bermecars'
07-May-2024 11:22:52.225 INFO [http-nio-8082-exec-273] org.apache.catalina.core.ApplicationContext.log Manager: Uploading WAR file to C:\Users\jimmy\Desktop\apache-tomcat-9.0.87\webapps\bermecars.war.tmp
07-May-2024 11:30:28.332 INFO [http-nio-8082-exec-283] org.apache.catalina.core.ApplicationContext.log Manager: deploy: Deploying web application '/bermecars'
07-May-2024 11:30:28.332 INFO [http-nio-8082-exec-283] org.apache.catalina.core.ApplicationContext.log Manager: Uploading WAR file to C:\Users\jimmy\Desktop\apache-tomcat-9.0.87\webapps\bermecars.war.tmp
07-May-2024 11:38:47.608 INFO [http-nio-8082-exec-296] org.apache.catalina.core.ApplicationContext.log Manager: deploy: Deploying web application '/bermecars'
07-May-2024 11:38:47.609 INFO [http-nio-8082-exec-296] org.apache.catalina.core.ApplicationContext.log Manager: Uploading WAR file to C:\Users\jimmy\Desktop\apache-tomcat-9.0.87\webapps\bermecars.war.tmp
07-May-2024 11:41:56.043 INFO [http-nio-8082-exec-303] org.apache.catalina.core.ApplicationContext.log Manager: deploy: Deploying web application '/bermecars'
07-May-2024 11:41:56.043 INFO [http-nio-8082-exec-303] org.apache.catalina.core.ApplicationContext.log Manager: Uploading WAR file to C:\Users\jimmy\Desktop\apache-tomcat-9.0.87\webapps\bermecars.war.tmp
07-May-2024 11:42:02.180 INFO [http-nio-8082-exec-304] org.apache.catalina.core.ApplicationContext.log Manager: deploy: Deploying web application '/bermecars'
07-May-2024 11:42:02.180 INFO [http-nio-8082-exec-304] org.apache.catalina.core.ApplicationContext.log Manager: Uploading WAR file to C:\Users\jimmy\Desktop\apache-tomcat-9.0.87\webapps\bermecars.war.tmp
07-May-2024 11:42:38.355 INFO [http-nio-8082-exec-312] org.apache.catalina.core.ApplicationContext.log Manager: deploy: Deploying web application '/bermecars'
07-May-2024 11:42:38.356 INFO [http-nio-8082-exec-312] org.apache.catalina.core.ApplicationContext.log Manager: Uploading WAR file to C:\Users\jimmy\Desktop\apache-tomcat-9.0.87\webapps\bermecars.war.tmp
07-May-2024 11:46:10.041 INFO [http-nio-8082-exec-313] org.apache.catalina.core.ApplicationContext.log Manager: deploy: Deploying web application '/bermecars'
07-May-2024 11:46:10.041 INFO [http-nio-8082-exec-313] org.apache.catalina.core.ApplicationContext.log Manager: Uploading WAR file to C:\Users\jimmy\Desktop\apache-tomcat-9.0.87\webapps\bermecars.war.tmp
07-May-2024 11:49:10.456 INFO [http-nio-8082-exec-328] org.apache.catalina.core.ApplicationContext.log Manager: deploy: Deploying web application '/bermecars'
07-May-2024 11:49:10.456 INFO [http-nio-8082-exec-328] org.apache.catalina.core.ApplicationContext.log Manager: Uploading WAR file to C:\Users\jimmy\Desktop\apache-tomcat-9.0.87\webapps\bermecars.war.tmp
07-May-2024 11:50:09.732 INFO [http-nio-8082-exec-332] org.apache.catalina.core.ApplicationContext.log Manager: deploy: Deploying web application '/bermecars'
07-May-2024 11:50:09.733 INFO [http-nio-8082-exec-332] org.apache.catalina.core.ApplicationContext.log Manager: Uploading WAR file to C:\Users\jimmy\Desktop\apache-tomcat-9.0.87\webapps\bermecars.war.tmp
07-May-2024 11:51:30.104 INFO [http-nio-8082-exec-343] org.apache.catalina.core.ApplicationContext.log Manager: deploy: Deploying web application '/bermecars'
07-May-2024 11:51:30.104 INFO [http-nio-8082-exec-343] org.apache.catalina.core.ApplicationContext.log Manager: Uploading WAR file to C:\Users\jimmy\Desktop\apache-tomcat-9.0.87\webapps\bermecars.war.tmp
07-May-2024 11:52:37.169 INFO [http-nio-8082-exec-352] org.apache.catalina.core.ApplicationContext.log Manager: deploy: Deploying web application '/bermecars'
07-May-2024 11:52:37.169 INFO [http-nio-8082-exec-352] org.apache.catalina.core.ApplicationContext.log Manager: Uploading WAR file to C:\Users\jimmy\Desktop\apache-tomcat-9.0.87\webapps\bermecars.war.tmp
07-May-2024 11:53:12.147 INFO [http-nio-8082-exec-358] org.apache.catalina.core.ApplicationContext.log Manager: deploy: Deploying web application '/bermecars'
07-May-2024 11:53:12.147 INFO [http-nio-8082-exec-358] org.apache.catalina.core.ApplicationContext.log Manager: Uploading WAR file to C:\Users\jimmy\Desktop\apache-tomcat-9.0.87\webapps\bermecars.war.tmp
07-May-2024 11:54:45.256 INFO [http-nio-8082-exec-363] org.apache.catalina.core.ApplicationContext.log Manager: deploy: Deploying web application '/bermecars'
07-May-2024 11:54:45.256 INFO [http-nio-8082-exec-363] org.apache.catalina.core.ApplicationContext.log Manager: Uploading WAR file to C:\Users\jimmy\Desktop\apache-tomcat-9.0.87\webapps\bermecars.war.tmp
07-May-2024 11:56:11.051 INFO [http-nio-8082-exec-371] org.apache.catalina.core.ApplicationContext.log Manager: deploy: Deploying web application '/bermecars'
07-May-2024 11:56:11.051 INFO [http-nio-8082-exec-371] org.apache.catalina.core.ApplicationContext.log Manager: Uploading WAR file to C:\Users\jimmy\Desktop\apache-tomcat-9.0.87\webapps\bermecars.war.tmp
07-May-2024 11:56:46.829 INFO [http-nio-8082-exec-379] org.apache.catalina.core.ApplicationContext.log Manager: deploy: Deploying web application '/bermecars'
07-May-2024 11:56:46.829 INFO [http-nio-8082-exec-379] org.apache.catalina.core.ApplicationContext.log Manager: Uploading WAR file to C:\Users\jimmy\Desktop\apache-tomcat-9.0.87\webapps\bermecars.war.tmp
07-May-2024 11:57:19.406 INFO [http-nio-8082-exec-376] org.apache.catalina.core.ApplicationContext.log Manager: deploy: Deploying web application '/bermecars'
07-May-2024 11:57:19.407 INFO [http-nio-8082-exec-376] org.apache.catalina.core.ApplicationContext.log Manager: Uploading WAR file to C:\Users\jimmy\Desktop\apache-tomcat-9.0.87\webapps\bermecars.war.tmp
07-May-2024 14:59:52.482 INFO [http-nio-8082-exec-386] org.apache.catalina.core.ApplicationContext.log Manager: deploy: Deploying web application '/bermecars'
07-May-2024 14:59:52.482 INFO [http-nio-8082-exec-386] org.apache.catalina.core.ApplicationContext.log Manager: Uploading WAR file to C:\Users\jimmy\Desktop\apache-tomcat-9.0.87\webapps\bermecars.war.tmp
07-May-2024 15:08:27.630 INFO [http-nio-8082-exec-398] org.apache.catalina.core.ApplicationContext.log Manager: deploy: Deploying web application '/bermecars'
07-May-2024 15:08:27.630 INFO [http-nio-8082-exec-398] org.apache.catalina.core.ApplicationContext.log Manager: Uploading WAR file to C:\Users\jimmy\Desktop\apache-tomcat-9.0.87\webapps\bermecars.war.tmp
07-May-2024 15:11:10.331 INFO [http-nio-8082-exec-408] org.apache.catalina.core.ApplicationContext.log Manager: deploy: Deploying web application '/bermecars'
07-May-2024 15:11:10.331 INFO [http-nio-8082-exec-408] org.apache.catalina.core.ApplicationContext.log Manager: Uploading WAR file to C:\Users\jimmy\Desktop\apache-tomcat-9.0.87\webapps\bermecars.war.tmp
07-May-2024 15:14:41.478 INFO [http-nio-8082-exec-416] org.apache.catalina.core.ApplicationContext.log Manager: deploy: Deploying web application '/bermecars'
07-May-2024 15:14:41.478 INFO [http-nio-8082-exec-416] org.apache.catalina.core.ApplicationContext.log Manager: Uploading WAR file to C:\Users\jimmy\Desktop\apache-tomcat-9.0.87\webapps\bermecars.war.tmp
07-May-2024 15:24:03.509 INFO [http-nio-8082-exec-426] org.apache.catalina.core.ApplicationContext.log Manager: deploy: Deploying web application '/bermecars'
07-May-2024 15:24:03.510 INFO [http-nio-8082-exec-426] org.apache.catalina.core.ApplicationContext.log Manager: Uploading WAR file to C:\Users\jimmy\Desktop\apache-tomcat-9.0.87\webapps\bermecars.war.tmp
07-May-2024 15:34:04.519 INFO [http-nio-8082-exec-433] org.apache.catalina.core.ApplicationContext.log Manager: deploy: Deploying web application '/bermecars'
07-May-2024 15:34:04.519 INFO [http-nio-8082-exec-433] org.apache.catalina.core.ApplicationContext.log Manager: Uploading WAR file to C:\Users\jimmy\Desktop\apache-tomcat-9.0.87\webapps\bermecars.war.tmp
07-May-2024 15:35:40.361 INFO [http-nio-8082-exec-441] org.apache.catalina.core.ApplicationContext.log Manager: deploy: Deploying web application '/bermecars'
07-May-2024 15:35:40.361 INFO [http-nio-8082-exec-441] org.apache.catalina.core.ApplicationContext.log Manager: Uploading WAR file to C:\Users\jimmy\Desktop\apache-tomcat-9.0.87\webapps\bermecars.war.tmp
07-May-2024 15:36:12.630 INFO [http-nio-8082-exec-451] org.apache.catalina.core.ApplicationContext.log Manager: deploy: Deploying web application '/bermecars'
07-May-2024 15:36:12.630 INFO [http-nio-8082-exec-451] org.apache.catalina.core.ApplicationContext.log Manager: Uploading WAR file to C:\Users\jimmy\Desktop\apache-tomcat-9.0.87\webapps\bermecars.war.tmp
07-May-2024 15:36:48.945 INFO [http-nio-8082-exec-456] org.apache.catalina.core.ApplicationContext.log Manager: deploy: Deploying web application '/bermecars'
07-May-2024 15:36:48.945 INFO [http-nio-8082-exec-456] org.apache.catalina.core.ApplicationContext.log Manager: Uploading WAR file to C:\Users\jimmy\Desktop\apache-tomcat-9.0.87\webapps\bermecars.war.tmp
07-May-2024 15:39:24.164 INFO [http-nio-8082-exec-462] org.apache.catalina.core.ApplicationContext.log Manager: deploy: Deploying web application '/bermecars'
07-May-2024 15:39:24.164 INFO [http-nio-8082-exec-462] org.apache.catalina.core.ApplicationContext.log Manager: Uploading WAR file to C:\Users\jimmy\Desktop\apache-tomcat-9.0.87\webapps\bermecars.war.tmp
07-May-2024 15:47:07.941 INFO [http-nio-8082-exec-473] org.apache.catalina.core.ApplicationContext.log Manager: deploy: Deploying web application '/bermecars'
07-May-2024 15:47:07.941 INFO [http-nio-8082-exec-473] org.apache.catalina.core.ApplicationContext.log Manager: Uploading WAR file to C:\Users\jimmy\Desktop\apache-tomcat-9.0.87\webapps\bermecars.war.tmp
07-May-2024 15:48:10.627 INFO [http-nio-8082-exec-480] org.apache.catalina.core.ApplicationContext.log Manager: deploy: Deploying web application '/bermecars'
07-May-2024 15:48:10.627 INFO [http-nio-8082-exec-480] org.apache.catalina.core.ApplicationContext.log Manager: Uploading WAR file to C:\Users\jimmy\Desktop\apache-tomcat-9.0.87\webapps\bermecars.war.tmp
07-May-2024 15:59:50.093 INFO [http-nio-8082-exec-489] org.apache.catalina.core.ApplicationContext.log Manager: deploy: Deploying web application '/bermecars'
07-May-2024 15:59:50.093 INFO [http-nio-8082-exec-489] org.apache.catalina.core.ApplicationContext.log Manager: Uploading WAR file to C:\Users\jimmy\Desktop\apache-tomcat-9.0.87\webapps\bermecars.war.tmp
07-May-2024 16:03:58.319 INFO [http-nio-8082-exec-499] org.apache.catalina.core.ApplicationContext.log Manager: deploy: Deploying web application '/bermecars'
07-May-2024 16:03:58.319 INFO [http-nio-8082-exec-499] org.apache.catalina.core.ApplicationContext.log Manager: Uploading WAR file to C:\Users\jimmy\Desktop\apache-tomcat-9.0.87\webapps\bermecars.war.tmp
07-May-2024 16:05:35.312 INFO [http-nio-8082-exec-508] org.apache.catalina.core.ApplicationContext.log Manager: deploy: Deploying web application '/bermecars'
07-May-2024 16:05:35.312 INFO [http-nio-8082-exec-508] org.apache.catalina.core.ApplicationContext.log Manager: Uploading WAR file to C:\Users\jimmy\Desktop\apache-tomcat-9.0.87\webapps\bermecars.war.tmp
07-May-2024 16:11:00.667 INFO [http-nio-8082-exec-516] org.apache.catalina.core.ApplicationContext.log Manager: deploy: Deploying web application '/bermecars'
07-May-2024 16:11:00.667 INFO [http-nio-8082-exec-516] org.apache.catalina.core.ApplicationContext.log Manager: Uploading WAR file to C:\Users\jimmy\Desktop\apache-tomcat-9.0.87\webapps\bermecars.war.tmp
07-May-2024 16:13:14.843 INFO [http-nio-8082-exec-525] org.apache.catalina.core.ApplicationContext.log Manager: deploy: Deploying web application '/bermecars'
07-May-2024 16:13:14.843 INFO [http-nio-8082-exec-525] org.apache.catalina.core.ApplicationContext.log Manager: Uploading WAR file to C:\Users\jimmy\Desktop\apache-tomcat-9.0.87\webapps\bermecars.war.tmp
07-May-2024 16:19:36.136 INFO [http-nio-8082-exec-537] org.apache.catalina.core.ApplicationContext.log Manager: deploy: Deploying web application '/bermecars'
07-May-2024 16:19:36.136 INFO [http-nio-8082-exec-537] org.apache.catalina.core.ApplicationContext.log Manager: Uploading WAR file to C:\Users\jimmy\Desktop\apache-tomcat-9.0.87\webapps\bermecars.war.tmp
07-May-2024 16:26:21.962 INFO [http-nio-8082-exec-546] org.apache.catalina.core.ApplicationContext.log Manager: deploy: Deploying web application '/bermecars'
07-May-2024 16:26:21.963 INFO [http-nio-8082-exec-546] org.apache.catalina.core.ApplicationContext.log Manager: Uploading WAR file to C:\Users\jimmy\Desktop\apache-tomcat-9.0.87\webapps\bermecars.war.tmp
07-May-2024 16:27:50.730 INFO [http-nio-8082-exec-554] org.apache.catalina.core.ApplicationContext.log Manager: deploy: Deploying web application '/bermecars'
07-May-2024 16:27:50.730 INFO [http-nio-8082-exec-554] org.apache.catalina.core.ApplicationContext.log Manager: Uploading WAR file to C:\Users\jimmy\Desktop\apache-tomcat-9.0.87\webapps\bermecars.war.tmp
07-May-2024 16:29:34.355 INFO [http-nio-8082-exec-562] org.apache.catalina.core.ApplicationContext.log Manager: deploy: Deploying web application '/bermecars'
07-May-2024 16:29:34.356 INFO [http-nio-8082-exec-562] org.apache.catalina.core.ApplicationContext.log Manager: Uploading WAR file to C:\Users\jimmy\Desktop\apache-tomcat-9.0.87\webapps\bermecars.war.tmp
07-May-2024 16:42:05.176 INFO [http-nio-8082-exec-574] org.apache.catalina.core.ApplicationContext.log Manager: deploy: Deploying web application '/bermecars'
07-May-2024 16:42:05.176 INFO [http-nio-8082-exec-574] org.apache.catalina.core.ApplicationContext.log Manager: Uploading WAR file to C:\Users\jimmy\Desktop\apache-tomcat-9.0.87\webapps\bermecars.war.tmp
07-May-2024 16:42:27.058 INFO [http-nio-8082-exec-577] org.apache.catalina.core.ApplicationContext.log Manager: deploy: Deploying web application '/bermecars'
07-May-2024 16:42:27.059 INFO [http-nio-8082-exec-577] org.apache.catalina.core.ApplicationContext.log Manager: Uploading WAR file to C:\Users\jimmy\Desktop\apache-tomcat-9.0.87\webapps\bermecars.war.tmp
07-May-2024 16:46:47.728 INFO [http-nio-8082-exec-583] org.apache.catalina.core.ApplicationContext.log Manager: deploy: Deploying web application '/bermecars'
07-May-2024 16:46:47.728 INFO [http-nio-8082-exec-583] org.apache.catalina.core.ApplicationContext.log Manager: Uploading WAR file to C:\Users\jimmy\Desktop\apache-tomcat-9.0.87\webapps\bermecars.war.tmp
07-May-2024 16:47:01.340 INFO [http-nio-8082-exec-582] org.apache.catalina.core.ApplicationContext.log Manager: deploy: Deploying web application '/bermecars'
07-May-2024 16:47:01.340 INFO [http-nio-8082-exec-582] org.apache.catalina.core.ApplicationContext.log Manager: Uploading WAR file to C:\Users\jimmy\Desktop\apache-tomcat-9.0.87\webapps\bermecars.war.tmp
07-May-2024 16:47:34.554 INFO [http-nio-8082-exec-589] org.apache.catalina.core.ApplicationContext.log Manager: deploy: Deploying web application '/bermecars'
07-May-2024 16:47:34.555 INFO [http-nio-8082-exec-589] org.apache.catalina.core.ApplicationContext.log Manager: Uploading WAR file to C:\Users\jimmy\Desktop\apache-tomcat-9.0.87\webapps\bermecars.war.tmp
07-May-2024 16:48:13.376 INFO [http-nio-8082-exec-598] org.apache.catalina.core.ApplicationContext.log Manager: deploy: Deploying web application '/bermecars'
07-May-2024 16:48:13.377 INFO [http-nio-8082-exec-598] org.apache.catalina.core.ApplicationContext.log Manager: Uploading WAR file to C:\Users\jimmy\Desktop\apache-tomcat-9.0.87\webapps\bermecars.war.tmp
07-May-2024 16:49:28.028 INFO [http-nio-8082-exec-604] org.apache.catalina.core.ApplicationContext.log Manager: deploy: Deploying web application '/bermecars'
07-May-2024 16:49:28.029 INFO [http-nio-8082-exec-604] org.apache.catalina.core.ApplicationContext.log Manager: Uploading WAR file to C:\Users\jimmy\Desktop\apache-tomcat-9.0.87\webapps\bermecars.war.tmp
07-May-2024 16:50:39.317 INFO [http-nio-8082-exec-602] org.apache.catalina.core.ApplicationContext.log Manager: deploy: Deploying web application '/bermecars'
07-May-2024 16:50:39.317 INFO [http-nio-8082-exec-602] org.apache.catalina.core.ApplicationContext.log Manager: Uploading WAR file to C:\Users\jimmy\Desktop\apache-tomcat-9.0.87\webapps\bermecars.war.tmp
07-May-2024 16:51:58.205 INFO [http-nio-8082-exec-607] org.apache.catalina.core.ApplicationContext.log Manager: deploy: Deploying web application '/bermecars'
07-May-2024 16:51:58.205 INFO [http-nio-8082-exec-607] org.apache.catalina.core.ApplicationContext.log Manager: Uploading WAR file to C:\Users\jimmy\Desktop\apache-tomcat-9.0.87\webapps\bermecars.war.tmp
07-May-2024 16:52:51.322 INFO [http-nio-8082-exec-620] org.apache.catalina.core.ApplicationContext.log Manager: deploy: Deploying web application '/bermecars'
07-May-2024 16:52:51.323 INFO [http-nio-8082-exec-620] org.apache.catalina.core.ApplicationContext.log Manager: Uploading WAR file to C:\Users\jimmy\Desktop\apache-tomcat-9.0.87\webapps\bermecars.war.tmp
07-May-2024 16:53:31.727 INFO [http-nio-8082-exec-627] org.apache.catalina.core.ApplicationContext.log Manager: deploy: Deploying web application '/bermecars'
07-May-2024 16:53:31.727 INFO [http-nio-8082-exec-627] org.apache.catalina.core.ApplicationContext.log Manager: Uploading WAR file to C:\Users\jimmy\Desktop\apache-tomcat-9.0.87\webapps\bermecars.war.tmp
07-May-2024 16:54:26.277 INFO [http-nio-8082-exec-632] org.apache.catalina.core.ApplicationContext.log Manager: deploy: Deploying web application '/bermecars'
07-May-2024 16:54:26.277 INFO [http-nio-8082-exec-632] org.apache.catalina.core.ApplicationContext.log Manager: Uploading WAR file to C:\Users\jimmy\Desktop\apache-tomcat-9.0.87\webapps\bermecars.war.tmp
07-May-2024 16:55:37.035 INFO [http-nio-8082-exec-623] org.apache.catalina.core.ApplicationContext.log Manager: deploy: Deploying web application '/bermecars'
07-May-2024 16:55:37.035 INFO [http-nio-8082-exec-623] org.apache.catalina.core.ApplicationContext.log Manager: Uploading WAR file to C:\Users\jimmy\Desktop\apache-tomcat-9.0.87\webapps\bermecars.war.tmp
07-May-2024 16:56:25.675 INFO [http-nio-8082-exec-641] org.apache.catalina.core.ApplicationContext.log Manager: deploy: Deploying web application '/bermecars'
07-May-2024 16:56:25.675 INFO [http-nio-8082-exec-641] org.apache.catalina.core.ApplicationContext.log Manager: Uploading WAR file to C:\Users\jimmy\Desktop\apache-tomcat-9.0.87\webapps\bermecars.war.tmp
07-May-2024 16:58:57.983 INFO [http-nio-8082-exec-649] org.apache.catalina.core.ApplicationContext.log Manager: deploy: Deploying web application '/bermecars'
07-May-2024 16:58:57.983 INFO [http-nio-8082-exec-649] org.apache.catalina.core.ApplicationContext.log Manager: Uploading WAR file to C:\Users\jimmy\Desktop\apache-tomcat-9.0.87\webapps\bermecars.war.tmp
07-May-2024 17:08:35.978 INFO [http-nio-8082-exec-658] org.apache.catalina.core.ApplicationContext.log Manager: deploy: Deploying web application '/bermecars'
07-May-2024 17:08:35.978 INFO [http-nio-8082-exec-658] org.apache.catalina.core.ApplicationContext.log Manager: Uploading WAR file to C:\Users\jimmy\Desktop\apache-tomcat-9.0.87\webapps\bermecars.war.tmp
07-May-2024 17:08:55.982 INFO [http-nio-8082-exec-660] org.apache.catalina.core.ApplicationContext.log Manager: deploy: Deploying web application '/bermecars'
07-May-2024 17:08:55.983 INFO [http-nio-8082-exec-660] org.apache.catalina.core.ApplicationContext.log Manager: Uploading WAR file to C:\Users\jimmy\Desktop\apache-tomcat-9.0.87\webapps\bermecars.war.tmp
07-May-2024 17:09:53.023 INFO [http-nio-8082-exec-667] org.apache.catalina.core.ApplicationContext.log Manager: deploy: Deploying web application '/bermecars'
07-May-2024 17:09:53.023 INFO [http-nio-8082-exec-667] org.apache.catalina.core.ApplicationContext.log Manager: Uploading WAR file to C:\Users\jimmy\Desktop\apache-tomcat-9.0.87\webapps\bermecars.war.tmp
07-May-2024 17:10:22.720 INFO [http-nio-8082-exec-672] org.apache.catalina.core.ApplicationContext.log Manager: deploy: Deploying web application '/bermecars'
07-May-2024 17:10:22.720 INFO [http-nio-8082-exec-672] org.apache.catalina.core.ApplicationContext.log Manager: Uploading WAR file to C:\Users\jimmy\Desktop\apache-tomcat-9.0.87\webapps\bermecars.war.tmp
07-May-2024 17:17:39.636 INFO [http-nio-8082-exec-677] org.apache.catalina.core.ApplicationContext.log Manager: deploy: Deploying web application '/bermecars'
07-May-2024 17:17:39.637 INFO [http-nio-8082-exec-677] org.apache.catalina.core.ApplicationContext.log Manager: Uploading WAR file to C:\Users\jimmy\Desktop\apache-tomcat-9.0.87\webapps\bermecars.war.tmp
07-May-2024 17:19:21.908 INFO [http-nio-8082-exec-686] org.apache.catalina.core.ApplicationContext.log Manager: deploy: Deploying web application '/bermecars'
07-May-2024 17:19:21.908 INFO [http-nio-8082-exec-686] org.apache.catalina.core.ApplicationContext.log Manager: Uploading WAR file to C:\Users\jimmy\Desktop\apache-tomcat-9.0.87\webapps\bermecars.war.tmp
07-May-2024 17:20:13.370 INFO [http-nio-8082-exec-693] org.apache.catalina.core.ApplicationContext.log Manager: deploy: Deploying web application '/bermecars'
07-May-2024 17:20:13.371 INFO [http-nio-8082-exec-693] org.apache.catalina.core.ApplicationContext.log Manager: Uploading WAR file to C:\Users\jimmy\Desktop\apache-tomcat-9.0.87\webapps\bermecars.war.tmp
07-May-2024 20:44:34.636 INFO [http-nio-8082-exec-1] org.apache.catalina.core.ApplicationContext.log Manager: init: Associated with Deployer 'Catalina:type=Deployer,host=localhost'
07-May-2024 20:44:34.636 INFO [http-nio-8082-exec-1] org.apache.catalina.core.ApplicationContext.log Manager: init: Global resources are available
07-May-2024 20:44:34.643 INFO [http-nio-8082-exec-1] org.apache.catalina.core.ApplicationContext.log Manager: deploy: Deploying web application '/bermecars'
07-May-2024 20:44:34.643 INFO [http-nio-8082-exec-1] org.apache.catalina.core.ApplicationContext.log Manager: Uploading WAR file to C:\Users\jimmy\Desktop\apache-tomcat-9.0.87\webapps\bermecars.war.tmp
