30-Apr-2024 10:34:31.007 INFO [http-nio-8082-exec-1] org.apache.catalina.core.ApplicationContext.log Manager: init: Associated with Deployer 'Catalina:type=Deployer,host=localhost'
30-Apr-2024 10:34:31.007 INFO [http-nio-8082-exec-1] org.apache.catalina.core.ApplicationContext.log Manager: init: Global resources are available
30-Apr-2024 10:34:31.014 INFO [http-nio-8082-exec-1] org.apache.catalina.core.ApplicationContext.log Manager: deploy: Deploying web application '/coches'
30-Apr-2024 10:34:31.951 INFO [http-nio-8082-exec-4] org.apache.catalina.core.ApplicationContext.log Manager: deploy: Deploying web application '/coches'
30-Apr-2024 10:34:33.010 INFO [http-nio-8082-exec-3] org.apache.catalina.core.ApplicationContext.log Manager: deploy: Deploying web application '/coches'
30-Apr-2024 10:34:34.079 INFO [http-nio-8082-exec-9] org.apache.catalina.core.ApplicationContext.log Manager: deploy: Deploying web application '/coches'
30-Apr-2024 10:34:59.996 INFO [http-nio-8082-exec-3] org.apache.catalina.core.ApplicationContext.log Manager: deploy: Deploying web application '/coches'
30-Apr-2024 10:34:59.996 INFO [http-nio-8082-exec-3] org.apache.catalina.core.ApplicationContext.log Manager: Uploading WAR file to C:\Users\jimmy\Desktop\apache-tomcat-9.0.87\webapps\coches.war.tmp
30-Apr-2024 10:40:43.856 INFO [http-nio-8082-exec-11] org.apache.catalina.core.ApplicationContext.log Manager: deploy: Deploying web application '/coches'
30-Apr-2024 10:40:43.856 INFO [http-nio-8082-exec-11] org.apache.catalina.core.ApplicationContext.log Manager: Uploading WAR file to C:\Users\jimmy\Desktop\apache-tomcat-9.0.87\webapps\coches.war.tmp
30-Apr-2024 10:41:34.802 INFO [http-nio-8082-exec-18] org.apache.catalina.core.ApplicationContext.log Manager: deploy: Deploying web application '/coches'
30-Apr-2024 10:41:34.803 INFO [http-nio-8082-exec-18] org.apache.catalina.core.ApplicationContext.log Manager: Uploading WAR file to C:\Users\jimmy\Desktop\apache-tomcat-9.0.87\webapps\coches.war.tmp
30-Apr-2024 10:53:06.197 INFO [http-nio-8082-exec-23] org.apache.catalina.core.ApplicationContext.log Manager: deploy: Deploying web application '/coches'
30-Apr-2024 10:53:06.197 INFO [http-nio-8082-exec-23] org.apache.catalina.core.ApplicationContext.log Manager: Uploading WAR file to C:\Users\jimmy\Desktop\apache-tomcat-9.0.87\webapps\coches.war.tmp
30-Apr-2024 10:53:40.611 INFO [http-nio-8082-exec-25] org.apache.catalina.core.ApplicationContext.log Manager: deploy: Deploying web application '/coches'
30-Apr-2024 10:53:40.611 INFO [http-nio-8082-exec-25] org.apache.catalina.core.ApplicationContext.log Manager: Uploading WAR file to C:\Users\jimmy\Desktop\apache-tomcat-9.0.87\webapps\coches.war.tmp
30-Apr-2024 11:00:29.834 INFO [http-nio-8082-exec-35] org.apache.catalina.core.ApplicationContext.log Manager: deploy: Deploying web application '/coches'
30-Apr-2024 11:00:29.834 INFO [http-nio-8082-exec-35] org.apache.catalina.core.ApplicationContext.log Manager: Uploading WAR file to C:\Users\jimmy\Desktop\apache-tomcat-9.0.87\webapps\coches.war.tmp
30-Apr-2024 11:03:52.566 INFO [http-nio-8082-exec-45] org.apache.catalina.core.ApplicationContext.log Manager: deploy: Deploying web application '/coches'
30-Apr-2024 11:03:52.566 INFO [http-nio-8082-exec-45] org.apache.catalina.core.ApplicationContext.log Manager: Uploading WAR file to C:\Users\jimmy\Desktop\apache-tomcat-9.0.87\webapps\coches.war.tmp
30-Apr-2024 11:13:34.421 INFO [http-nio-8082-exec-53] org.apache.catalina.core.ApplicationContext.log Manager: deploy: Deploying web application '/coches'
30-Apr-2024 11:13:34.422 INFO [http-nio-8082-exec-53] org.apache.catalina.core.ApplicationContext.log Manager: Uploading WAR file to C:\Users\jimmy\Desktop\apache-tomcat-9.0.87\webapps\coches.war.tmp
30-Apr-2024 11:15:29.906 INFO [http-nio-8082-exec-2] org.apache.catalina.core.ApplicationContext.log Manager: init: Associated with Deployer 'Catalina:type=Deployer,host=localhost'
30-Apr-2024 11:15:29.906 INFO [http-nio-8082-exec-2] org.apache.catalina.core.ApplicationContext.log Manager: init: Global resources are available
30-Apr-2024 11:15:29.915 INFO [http-nio-8082-exec-2] org.apache.catalina.core.ApplicationContext.log Manager: deploy: Deploying web application '/coches'
30-Apr-2024 11:15:29.916 INFO [http-nio-8082-exec-2] org.apache.catalina.core.ApplicationContext.log Manager: Uploading WAR file to C:\Users\jimmy\Desktop\apache-tomcat-9.0.87\webapps\coches.war.tmp
30-Apr-2024 11:17:42.899 INFO [http-nio-8082-exec-11] org.apache.catalina.core.ApplicationContext.log Manager: deploy: Deploying web application '/coches'
30-Apr-2024 11:17:42.899 INFO [http-nio-8082-exec-11] org.apache.catalina.core.ApplicationContext.log Manager: Uploading WAR file to C:\Users\jimmy\Desktop\apache-tomcat-9.0.87\webapps\coches.war.tmp
30-Apr-2024 11:20:44.517 INFO [http-nio-8082-exec-16] org.apache.catalina.core.ApplicationContext.log Manager: deploy: Deploying web application '/parque'
30-Apr-2024 11:20:44.517 INFO [http-nio-8082-exec-16] org.apache.catalina.core.ApplicationContext.log Manager: Uploading WAR file to C:\Users\jimmy\Desktop\apache-tomcat-9.0.87\webapps\parque.war.tmp
30-Apr-2024 11:23:17.250 INFO [http-nio-8082-exec-21] org.apache.catalina.core.ApplicationContext.log Manager: deploy: Deploying web application '/coches'
30-Apr-2024 11:23:17.250 INFO [http-nio-8082-exec-21] org.apache.catalina.core.ApplicationContext.log Manager: Uploading WAR file to C:\Users\jimmy\Desktop\apache-tomcat-9.0.87\webapps\coches.war.tmp
30-Apr-2024 11:33:35.757 INFO [http-nio-8082-exec-26] org.apache.catalina.core.ApplicationContext.log Manager: deploy: Deploying web application '/coches'
30-Apr-2024 11:33:35.757 INFO [http-nio-8082-exec-26] org.apache.catalina.core.ApplicationContext.log Manager: Uploading WAR file to C:\Users\jimmy\Desktop\apache-tomcat-9.0.87\webapps\coches.war.tmp
